2018-01-28 18:24:59 [restartedMain] INFO  c.y.h.HitbbsApplication - Starting HitbbsApplication on LAPTOP-E6CSH5V5 with PID 14416 (D:\Sakura\Desktop\hitbbs\target\classes started by 23537 in D:\Sakura\Desktop\hitbbs)
2018-01-28 18:24:59 [restartedMain] INFO  c.y.h.HitbbsApplication - The following profiles are active: dev
2018-01-28 18:24:59 [restartedMain] INFO  o.s.b.d.r.ChangeableUrls - The Class-Path manifest attribute in C:\Users\23537\.m2\repository\com\sun\xml\bind\jaxb-impl\2.1\jaxb-impl-2.1.jar referenced one or more files that do not exist: file:/C:/Users/23537/.m2/repository/com/sun/xml/bind/jaxb-impl/2.1/jaxb-api.jar,file:/C:/Users/23537/.m2/repository/com/sun/xml/bind/jaxb-impl/2.1/activation.jar,file:/C:/Users/23537/.m2/repository/com/sun/xml/bind/jaxb-impl/2.1/jsr173_1.0_api.jar,file:/C:/Users/23537/.m2/repository/com/sun/xml/bind/jaxb-impl/2.1/jaxb1-impl.jar
2018-01-28 18:24:59 [restartedMain] INFO  o.s.b.d.e.DevToolsPropertyDefaultsPostProcessor - Devtools property defaults active! Set 'spring.devtools.add-properties' to 'false' to disable
2018-01-28 18:24:59 [restartedMain] INFO  o.s.b.d.e.DevToolsPropertyDefaultsPostProcessor - For additional web related logging consider setting the 'logging.level.web' property to 'DEBUG'
2018-01-28 18:25:00 [restartedMain] INFO  o.s.c.s.PostProcessorRegistrationDelegate$BeanPostProcessorChecker - Bean 'siteConfig' of type [co.yiiu.hitbbs.config.SiteConfig$$EnhancerBySpringCGLIB$$2d3666cb] is not eligible for getting processed by all BeanPostProcessors (for example: not eligible for auto-proxying)
2018-01-28 18:25:00 [restartedMain] INFO  o.s.c.s.PostProcessorRegistrationDelegate$BeanPostProcessorChecker - Bean 'dataSourceHelper' of type [co.yiiu.hitbbs.config.DataSourceHelper$$EnhancerBySpringCGLIB$$46b8e95] is not eligible for getting processed by all BeanPostProcessors (for example: not eligible for auto-proxying)
2018-01-28 18:25:00 [restartedMain] INFO  o.s.c.s.PostProcessorRegistrationDelegate$BeanPostProcessorChecker - Bean 'dataSourceConfig' of type [co.yiiu.hitbbs.config.DataSourceConfig$$EnhancerBySpringCGLIB$$145eb0a9] is not eligible for getting processed by all BeanPostProcessors (for example: not eligible for auto-proxying)
2018-01-28 18:25:00 [restartedMain] INFO  c.z.h.HikariDataSource - HikariPool-1 - Starting...
2018-01-28 18:25:00 [restartedMain] INFO  c.z.h.HikariDataSource - HikariPool-1 - Start completed.
2018-01-28 18:25:00 [restartedMain] INFO  o.s.c.s.PostProcessorRegistrationDelegate$BeanPostProcessorChecker - Bean 'dataSource' of type [com.zaxxer.hikari.HikariDataSource] is not eligible for getting processed by all BeanPostProcessors (for example: not eligible for auto-proxying)
2018-01-28 18:25:00 [restartedMain] INFO  o.f.c.i.l.VersionPrinter - Flyway Community Edition 5.2.1 by Boxfuse
2018-01-28 18:25:00 [restartedMain] INFO  o.f.c.i.d.DatabaseFactory - Database: jdbc:mysql://localhost:3307/hitbbs (MySQL 5.5)
2018-01-28 18:25:00 [restartedMain] INFO  o.f.c.i.c.DbValidate - Successfully validated 15 migrations (execution time 00:00.047s)
2018-01-28 18:25:00 [restartedMain] INFO  o.f.c.i.s.JdbcTableSchemaHistory - Creating Schema History table: `hitbbs`.`flyway_schema_history`
2018-01-28 18:25:00 [restartedMain] INFO  o.f.c.i.c.DbMigrate - Current version of schema `hitbbs`: << Empty Schema >>
2018-01-28 18:25:00 [restartedMain] INFO  o.f.c.i.c.DbMigrate - Migrating schema `hitbbs` to version 1 - initialize
2018-01-28 18:25:00 [restartedMain] INFO  o.f.c.i.c.DbMigrate - Migrating schema `hitbbs` to version 1.1 - user add field
2018-01-28 18:25:01 [restartedMain] INFO  o.f.c.i.c.DbMigrate - Migrating schema `hitbbs` to version 1.2 - update system config default theme
2018-01-28 18:25:01 [restartedMain] INFO  o.f.c.i.c.DbMigrate - Migrating schema `hitbbs` to version 1.3 - delete system config redis ssl
2018-01-28 18:25:01 [restartedMain] INFO  o.f.c.i.c.DbMigrate - Migrating schema `hitbbs` to version 1.4 - alter code
2018-01-28 18:25:01 [restartedMain] INFO  o.f.c.i.c.DbMigrate - Migrating schema `hitbbs` to version 1.5 - add sensitive word
2018-01-28 18:25:01 [restartedMain] INFO  o.f.c.i.c.DbMigrate - Migrating schema `hitbbs` to version 1.6 - add permission about sensitive word
2018-01-28 18:25:01 [restartedMain] INFO  o.f.c.i.c.DbMigrate - Migrating schema `hitbbs` to version 1.7 - alter oauth user
2018-01-28 18:25:01 [restartedMain] INFO  o.f.c.i.c.DbMigrate - Migrating schema `hitbbs` to version 1.8 - add sms region id
2018-01-28 18:25:01 [restartedMain] INFO  o.f.c.i.c.DbMigrate - Migrating schema `hitbbs` to version 1.9 - update system config ws
2018-01-28 18:25:01 [restartedMain] INFO  o.f.c.i.c.DbMigrate - Migrating schema `hitbbs` to version 1.10 - delete system config search
2018-01-28 18:25:01 [restartedMain] INFO  o.f.c.i.c.DbMigrate - Migrating schema `hitbbs` to version 1.11 - update system config key
2018-01-28 18:25:01 [restartedMain] INFO  o.f.c.i.c.DbMigrate - Migrating schema `hitbbs` to version 1.12 - add indexes
2018-01-28 18:25:01 [restartedMain] INFO  o.f.c.i.c.DbMigrate - Migrating schema `hitbbs` to version 1.13 - add social config
2018-01-28 18:25:01 [restartedMain] INFO  o.f.c.i.c.DbMigrate - Migrating schema `hitbbs` to version 1.14 - add system config user need active
2018-01-28 18:25:01 [restartedMain] INFO  o.f.c.i.c.DbMigrate - Successfully applied 15 migrations to schema `hitbbs` (execution time 00:00.471s)
2018-01-28 18:25:01 [restartedMain] INFO  o.s.c.s.PostProcessorRegistrationDelegate$BeanPostProcessorChecker - Bean 'flywayConfig' of type [co.yiiu.hitbbs.config.FlywayConfig$$EnhancerBySpringCGLIB$$74806f80] is not eligible for getting processed by all BeanPostProcessors (for example: not eligible for auto-proxying)
2018-01-28 18:25:01 [restartedMain] INFO  o.s.c.s.PostProcessorRegistrationDelegate$BeanPostProcessorChecker - Bean 'mybatisPlusConfig' of type [co.yiiu.hitbbs.config.MybatisPlusConfig$$EnhancerBySpringCGLIB$$a4c59275] is not eligible for getting processed by all BeanPostProcessors (for example: not eligible for auto-proxying)
2018-01-28 18:25:01 [restartedMain] INFO  o.s.c.s.PostProcessorRegistrationDelegate$BeanPostProcessorChecker - Bean 'mybatisSqlSession' of type [org.apache.ibatis.session.defaults.DefaultSqlSessionFactory] is not eligible for getting processed by all BeanPostProcessors (for example: not eligible for auto-proxying)
2018-01-28 18:25:01 [restartedMain] INFO  o.s.c.s.PostProcessorRegistrationDelegate$BeanPostProcessorChecker - Bean 'mybatis-plus-com.baomidou.mybatisplus.autoconfigure.MybatisPlusProperties' of type [com.baomidou.mybatisplus.autoconfigure.MybatisPlusProperties] is not eligible for getting processed by all BeanPostProcessors (for example: not eligible for auto-proxying)
2018-01-28 18:25:01 [restartedMain] INFO  o.s.c.s.PostProcessorRegistrationDelegate$BeanPostProcessorChecker - Bean 'com.baomidou.mybatisplus.autoconfigure.MybatisPlusAutoConfiguration' of type [com.baomidou.mybatisplus.autoconfigure.MybatisPlusAutoConfiguration$$EnhancerBySpringCGLIB$$d09393a9] is not eligible for getting processed by all BeanPostProcessors (for example: not eligible for auto-proxying)
2018-01-28 18:25:01 [restartedMain] INFO  o.s.c.s.PostProcessorRegistrationDelegate$BeanPostProcessorChecker - Bean 'sqlSessionTemplate' of type [org.mybatis.spring.SqlSessionTemplate] is not eligible for getting processed by all BeanPostProcessors (for example: not eligible for auto-proxying)
2018-01-28 18:25:01 [restartedMain] INFO  o.s.c.s.PostProcessorRegistrationDelegate$BeanPostProcessorChecker - Bean 'adminUserMapper' of type [org.mybatis.spring.mapper.MapperFactoryBean] is not eligible for getting processed by all BeanPostProcessors (for example: not eligible for auto-proxying)
2018-01-28 18:25:01 [restartedMain] INFO  o.s.c.s.PostProcessorRegistrationDelegate$BeanPostProcessorChecker - Bean 'adminUserMapper' of type [com.sun.proxy.$Proxy73] is not eligible for getting processed by all BeanPostProcessors (for example: not eligible for auto-proxying)
2018-01-28 18:25:01 [restartedMain] INFO  o.s.c.s.PostProcessorRegistrationDelegate$BeanPostProcessorChecker - Bean 'adminUserService' of type [co.yiiu.hitbbs.service.impl.AdminUserService] is not eligible for getting processed by all BeanPostProcessors (for example: not eligible for auto-proxying)
2018-01-28 18:25:01 [restartedMain] INFO  o.s.c.s.PostProcessorRegistrationDelegate$BeanPostProcessorChecker - Bean 'roleMapper' of type [org.mybatis.spring.mapper.MapperFactoryBean] is not eligible for getting processed by all BeanPostProcessors (for example: not eligible for auto-proxying)
2018-01-28 18:25:01 [restartedMain] INFO  o.s.c.s.PostProcessorRegistrationDelegate$BeanPostProcessorChecker - Bean 'roleMapper' of type [com.sun.proxy.$Proxy74] is not eligible for getting processed by all BeanPostProcessors (for example: not eligible for auto-proxying)
2018-01-28 18:25:01 [restartedMain] INFO  o.s.c.s.PostProcessorRegistrationDelegate$BeanPostProcessorChecker - Bean 'rolePermissionMapper' of type [org.mybatis.spring.mapper.MapperFactoryBean] is not eligible for getting processed by all BeanPostProcessors (for example: not eligible for auto-proxying)
2018-01-28 18:25:01 [restartedMain] INFO  o.s.c.s.PostProcessorRegistrationDelegate$BeanPostProcessorChecker - Bean 'rolePermissionMapper' of type [com.sun.proxy.$Proxy75] is not eligible for getting processed by all BeanPostProcessors (for example: not eligible for auto-proxying)
2018-01-28 18:25:01 [restartedMain] INFO  o.s.c.s.PostProcessorRegistrationDelegate$BeanPostProcessorChecker - Bean 'rolePermissionService' of type [co.yiiu.hitbbs.service.impl.RolePermissionService] is not eligible for getting processed by all BeanPostProcessors (for example: not eligible for auto-proxying)
2018-01-28 18:25:01 [restartedMain] INFO  o.s.c.s.PostProcessorRegistrationDelegate$BeanPostProcessorChecker - Bean 'permissionMapper' of type [org.mybatis.spring.mapper.MapperFactoryBean] is not eligible for getting processed by all BeanPostProcessors (for example: not eligible for auto-proxying)
2018-01-28 18:25:01 [restartedMain] INFO  o.s.c.s.PostProcessorRegistrationDelegate$BeanPostProcessorChecker - Bean 'permissionMapper' of type [com.sun.proxy.$Proxy76] is not eligible for getting processed by all BeanPostProcessors (for example: not eligible for auto-proxying)
2018-01-28 18:25:01 [restartedMain] INFO  o.s.c.s.PostProcessorRegistrationDelegate$BeanPostProcessorChecker - Bean 'permissionService' of type [co.yiiu.hitbbs.service.impl.PermissionService] is not eligible for getting processed by all BeanPostProcessors (for example: not eligible for auto-proxying)
2018-01-28 18:25:01 [restartedMain] INFO  o.s.c.s.PostProcessorRegistrationDelegate$BeanPostProcessorChecker - Bean 'roleService' of type [co.yiiu.hitbbs.service.impl.RoleService] is not eligible for getting processed by all BeanPostProcessors (for example: not eligible for auto-proxying)
2018-01-28 18:25:01 [restartedMain] INFO  o.s.c.s.PostProcessorRegistrationDelegate$BeanPostProcessorChecker - Bean 'myShiroRealm' of type [co.yiiu.hitbbs.config.realm.MyShiroRealm] is not eligible for getting processed by all BeanPostProcessors (for example: not eligible for auto-proxying)
2018-01-28 18:25:01 [restartedMain] INFO  o.s.c.s.PostProcessorRegistrationDelegate$BeanPostProcessorChecker - Bean 'systemConfigMapper' of type [org.mybatis.spring.mapper.MapperFactoryBean] is not eligible for getting processed by all BeanPostProcessors (for example: not eligible for auto-proxying)
2018-01-28 18:25:01 [restartedMain] INFO  o.s.c.s.PostProcessorRegistrationDelegate$BeanPostProcessorChecker - Bean 'systemConfigMapper' of type [com.sun.proxy.$Proxy78] is not eligible for getting processed by all BeanPostProcessors (for example: not eligible for auto-proxying)
2018-01-28 18:25:01 [restartedMain] INFO  o.s.c.s.PostProcessorRegistrationDelegate$BeanPostProcessorChecker - Bean 'systemConfigService' of type [co.yiiu.hitbbs.service.impl.SystemConfigService] is not eligible for getting processed by all BeanPostProcessors (for example: not eligible for auto-proxying)
2018-01-28 18:25:01 [restartedMain] INFO  o.s.c.s.PostProcessorRegistrationDelegate$BeanPostProcessorChecker - Bean 'shiroConfig' of type [co.yiiu.hitbbs.config.ShiroConfig$$EnhancerBySpringCGLIB$$c6ac7559] is not eligible for getting processed by all BeanPostProcessors (for example: not eligible for auto-proxying)
2018-01-28 18:25:01 [restartedMain] INFO  o.s.c.s.PostProcessorRegistrationDelegate$BeanPostProcessorChecker - Bean 'myCredentialsMatcher' of type [co.yiiu.hitbbs.config.realm.MyCredentialsMatcher] is not eligible for getting processed by all BeanPostProcessors (for example: not eligible for auto-proxying)
2018-01-28 18:25:01 [restartedMain] INFO  o.s.c.s.PostProcessorRegistrationDelegate$BeanPostProcessorChecker - Bean 'rememberMeCookie' of type [org.apache.shiro.web.servlet.SimpleCookie] is not eligible for getting processed by all BeanPostProcessors (for example: not eligible for auto-proxying)
2018-01-28 18:25:01 [restartedMain] INFO  o.s.c.s.PostProcessorRegistrationDelegate$BeanPostProcessorChecker - Bean 'rememberMeManager' of type [org.apache.shiro.web.mgt.CookieRememberMeManager] is not eligible for getting processed by all BeanPostProcessors (for example: not eligible for auto-proxying)
2018-01-28 18:25:01 [restartedMain] INFO  o.s.c.s.PostProcessorRegistrationDelegate$BeanPostProcessorChecker - Bean 'defaultWebSecurityManager' of type [org.apache.shiro.web.mgt.DefaultWebSecurityManager] is not eligible for getting processed by all BeanPostProcessors (for example: not eligible for auto-proxying)
2018-01-28 18:25:01 [restartedMain] INFO  c.y.h.c.ShiroConfig - 开始配置shiroFilter...
2018-01-28 18:25:01 [restartedMain] INFO  o.s.c.s.PostProcessorRegistrationDelegate$BeanPostProcessorChecker - Bean 'authorizationAttributeSourceAdvisor' of type [org.apache.shiro.spring.security.interceptor.AuthorizationAttributeSourceAdvisor] is not eligible for getting processed by all BeanPostProcessors (for example: not eligible for auto-proxying)
2018-01-28 18:25:01 [restartedMain] INFO  o.s.c.s.PostProcessorRegistrationDelegate$BeanPostProcessorChecker - Bean 'org.springframework.transaction.annotation.ProxyTransactionManagementConfiguration' of type [org.springframework.transaction.annotation.ProxyTransactionManagementConfiguration] is not eligible for getting processed by all BeanPostProcessors (for example: not eligible for auto-proxying)
2018-01-28 18:25:02 [restartedMain] INFO  io.undertow.servlet - Initializing Spring embedded WebApplicationContext
2018-01-28 18:25:02 [restartedMain] INFO  o.s.w.c.ContextLoader - Root WebApplicationContext: initialization completed in 2868 ms
2018-01-28 18:25:02 [restartedMain] INFO  o.s.w.s.v.f.FreeMarkerConfig - 开始配置freemarker全局变量...
2018-01-28 18:25:02 [restartedMain] INFO  o.s.w.s.v.f.FreeMarkerConfig - freemarker全局变量配置完成!
2018-01-28 18:25:02 [restartedMain] INFO  o.s.w.s.v.f.FreeMarkerConfig - 开始配置freemarker自定义标签...
2018-01-28 18:25:02 [restartedMain] INFO  o.s.w.s.v.f.FreeMarkerConfig - freemarker自定义标签配置完成!
2018-01-28 18:25:04 [restartedMain] INFO  o.s.b.d.a.OptionalLiveReloadServer - LiveReload server is running on port 35729
2018-01-28 18:25:04 [restartedMain] INFO  i.u.websockets.jsr - UT026003: Adding annotated server endpoint class co.yiiu.hitbbs.config.websocket.MyWebSocket for path /websocket
2018-01-28 18:25:04 [restartedMain] INFO  io.undertow - starting server: Undertow - 2.0.28.Final
2018-01-28 18:25:04 [restartedMain] INFO  org.xnio - XNIO version 3.3.8.Final
2018-01-28 18:25:04 [restartedMain] INFO  org.xnio.nio - XNIO NIO Implementation Version 3.3.8.Final
2018-01-28 18:25:04 [restartedMain] INFO  o.s.b.w.e.u.UndertowServletWebServer - Undertow started on port(s) 8080 (http) with context path ''
2018-01-28 18:25:04 [restartedMain] INFO  c.y.h.HitbbsApplication - Started HitbbsApplication in 5.293 seconds (JVM running for 7.308)
2018-01-28 18:26:25 [XNIO-1 task-1] INFO  io.undertow.servlet - Initializing Spring DispatcherServlet 'dispatcherServlet'
2018-01-28 18:26:25 [XNIO-1 task-1] INFO  o.s.w.s.DispatcherServlet - Initializing Servlet 'dispatcherServlet'
2018-01-28 18:26:25 [XNIO-1 task-1] INFO  o.s.w.s.DispatcherServlet - Completed initialization in 11 ms
2018-01-28 18:26:25 [XNIO-1 task-1] INFO  c.y.h.i.CommonInterceptor - 0:0:0:0:0:0:0:1|/|excitation=258ms
2018-01-28 18:26:25 [XNIO-1 task-4] INFO  c.y.h.i.CommonInterceptor - 0:0:0:0:0:0:0:1|/static/theme/default/js/app.js|excitation=10ms
2018-01-28 18:26:25 [XNIO-1 task-3] INFO  c.y.h.i.CommonInterceptor - 0:0:0:0:0:0:0:1|/static/theme/default/libs/layer/layer.js|excitation=10ms
2018-01-28 18:26:25 [XNIO-1 task-2] INFO  c.y.h.i.CommonInterceptor - 0:0:0:0:0:0:0:1|/static/theme/default/css/app.css|excitation=11ms
2018-01-28 18:26:26 [XNIO-1 task-5] INFO  c.y.h.i.CommonInterceptor - 0:0:0:0:0:0:0:1|/static/theme/default/libs/layer/theme/default/layer.css|v=3.1.1|excitation=2ms
2018-01-28 18:26:52 [SpringContextShutdownHook] INFO  c.z.h.HikariDataSource - HikariPool-1 - Shutdown initiated...
2018-01-28 18:26:52 [SpringContextShutdownHook] INFO  c.z.h.HikariDataSource - HikariPool-1 - Shutdown completed.
2018-01-28 18:26:52 [SpringContextShutdownHook] INFO  io.undertow.servlet - Destroying Spring FrameworkServlet 'dispatcherServlet'
2018-01-28 18:26:52 [SpringContextShutdownHook] INFO  io.undertow - stopping server: Undertow - 2.0.28.Final
2018-01-28 18:27:07 [restartedMain] INFO  c.y.h.HitbbsApplication - Starting HitbbsApplication on LAPTOP-E6CSH5V5 with PID 21288 (D:\Sakura\Desktop\hitbbs\target\classes started by 23537 in D:\Sakura\Desktop\hitbbs)
2018-01-28 18:27:07 [restartedMain] INFO  c.y.h.HitbbsApplication - The following profiles are active: dev
2018-01-28 18:27:07 [restartedMain] INFO  o.s.b.d.r.ChangeableUrls - The Class-Path manifest attribute in C:\Users\23537\.m2\repository\com\sun\xml\bind\jaxb-impl\2.1\jaxb-impl-2.1.jar referenced one or more files that do not exist: file:/C:/Users/23537/.m2/repository/com/sun/xml/bind/jaxb-impl/2.1/jaxb-api.jar,file:/C:/Users/23537/.m2/repository/com/sun/xml/bind/jaxb-impl/2.1/activation.jar,file:/C:/Users/23537/.m2/repository/com/sun/xml/bind/jaxb-impl/2.1/jsr173_1.0_api.jar,file:/C:/Users/23537/.m2/repository/com/sun/xml/bind/jaxb-impl/2.1/jaxb1-impl.jar
2018-01-28 18:27:07 [restartedMain] INFO  o.s.b.d.e.DevToolsPropertyDefaultsPostProcessor - Devtools property defaults active! Set 'spring.devtools.add-properties' to 'false' to disable
2018-01-28 18:27:07 [restartedMain] INFO  o.s.b.d.e.DevToolsPropertyDefaultsPostProcessor - For additional web related logging consider setting the 'logging.level.web' property to 'DEBUG'
2018-01-28 18:27:08 [restartedMain] INFO  o.s.c.s.PostProcessorRegistrationDelegate$BeanPostProcessorChecker - Bean 'siteConfig' of type [co.yiiu.hitbbs.config.SiteConfig$$EnhancerBySpringCGLIB$$3cdfa261] is not eligible for getting processed by all BeanPostProcessors (for example: not eligible for auto-proxying)
2018-01-28 18:27:08 [restartedMain] INFO  o.s.c.s.PostProcessorRegistrationDelegate$BeanPostProcessorChecker - Bean 'dataSourceHelper' of type [co.yiiu.hitbbs.config.DataSourceHelper$$EnhancerBySpringCGLIB$$1414ca2b] is not eligible for getting processed by all BeanPostProcessors (for example: not eligible for auto-proxying)
2018-01-28 18:27:08 [restartedMain] INFO  o.s.c.s.PostProcessorRegistrationDelegate$BeanPostProcessorChecker - Bean 'dataSourceConfig' of type [co.yiiu.hitbbs.config.DataSourceConfig$$EnhancerBySpringCGLIB$$2407ec3f] is not eligible for getting processed by all BeanPostProcessors (for example: not eligible for auto-proxying)
2018-01-28 18:27:08 [restartedMain] INFO  c.z.h.HikariDataSource - HikariPool-1 - Starting...
2018-01-28 18:27:08 [restartedMain] INFO  c.z.h.HikariDataSource - HikariPool-1 - Start completed.
2018-01-28 18:27:08 [restartedMain] INFO  o.s.c.s.PostProcessorRegistrationDelegate$BeanPostProcessorChecker - Bean 'dataSource' of type [com.zaxxer.hikari.HikariDataSource] is not eligible for getting processed by all BeanPostProcessors (for example: not eligible for auto-proxying)
2018-01-28 18:27:08 [restartedMain] INFO  o.f.c.i.l.VersionPrinter - Flyway Community Edition 5.2.1 by Boxfuse
2018-01-28 18:27:08 [restartedMain] INFO  o.f.c.i.d.DatabaseFactory - Database: jdbc:mysql://localhost:3307/hitbbs (MySQL 5.5)
2018-01-28 18:27:08 [restartedMain] INFO  o.f.c.i.c.DbValidate - Successfully validated 15 migrations (execution time 00:00.058s)
2018-01-28 18:27:08 [restartedMain] INFO  o.f.c.i.c.DbMigrate - Current version of schema `hitbbs`: 1.14
2018-01-28 18:27:08 [restartedMain] INFO  o.f.c.i.c.DbMigrate - Schema `hitbbs` is up to date. No migration necessary.
2018-01-28 18:27:08 [restartedMain] INFO  o.s.c.s.PostProcessorRegistrationDelegate$BeanPostProcessorChecker - Bean 'flywayConfig' of type [co.yiiu.hitbbs.config.FlywayConfig$$EnhancerBySpringCGLIB$$8429ab16] is not eligible for getting processed by all BeanPostProcessors (for example: not eligible for auto-proxying)
2018-01-28 18:27:08 [restartedMain] INFO  o.s.c.s.PostProcessorRegistrationDelegate$BeanPostProcessorChecker - Bean 'mybatisPlusConfig' of type [co.yiiu.hitbbs.config.MybatisPlusConfig$$EnhancerBySpringCGLIB$$b46ece0b] is not eligible for getting processed by all BeanPostProcessors (for example: not eligible for auto-proxying)
2018-01-28 18:27:09 [restartedMain] INFO  o.s.c.s.PostProcessorRegistrationDelegate$BeanPostProcessorChecker - Bean 'mybatisSqlSession' of type [org.apache.ibatis.session.defaults.DefaultSqlSessionFactory] is not eligible for getting processed by all BeanPostProcessors (for example: not eligible for auto-proxying)
2018-01-28 18:27:09 [restartedMain] INFO  o.s.c.s.PostProcessorRegistrationDelegate$BeanPostProcessorChecker - Bean 'mybatis-plus-com.baomidou.mybatisplus.autoconfigure.MybatisPlusProperties' of type [com.baomidou.mybatisplus.autoconfigure.MybatisPlusProperties] is not eligible for getting processed by all BeanPostProcessors (for example: not eligible for auto-proxying)
2018-01-28 18:27:09 [restartedMain] INFO  o.s.c.s.PostProcessorRegistrationDelegate$BeanPostProcessorChecker - Bean 'com.baomidou.mybatisplus.autoconfigure.MybatisPlusAutoConfiguration' of type [com.baomidou.mybatisplus.autoconfigure.MybatisPlusAutoConfiguration$$EnhancerBySpringCGLIB$$e03ccf3f] is not eligible for getting processed by all BeanPostProcessors (for example: not eligible for auto-proxying)
2018-01-28 18:27:09 [restartedMain] INFO  o.s.c.s.PostProcessorRegistrationDelegate$BeanPostProcessorChecker - Bean 'sqlSessionTemplate' of type [org.mybatis.spring.SqlSessionTemplate] is not eligible for getting processed by all BeanPostProcessors (for example: not eligible for auto-proxying)
2018-01-28 18:27:09 [restartedMain] INFO  o.s.c.s.PostProcessorRegistrationDelegate$BeanPostProcessorChecker - Bean 'adminUserMapper' of type [org.mybatis.spring.mapper.MapperFactoryBean] is not eligible for getting processed by all BeanPostProcessors (for example: not eligible for auto-proxying)
2018-01-28 18:27:09 [restartedMain] INFO  o.s.c.s.PostProcessorRegistrationDelegate$BeanPostProcessorChecker - Bean 'adminUserMapper' of type [com.sun.proxy.$Proxy73] is not eligible for getting processed by all BeanPostProcessors (for example: not eligible for auto-proxying)
2018-01-28 18:27:09 [restartedMain] INFO  o.s.c.s.PostProcessorRegistrationDelegate$BeanPostProcessorChecker - Bean 'adminUserService' of type [co.yiiu.hitbbs.service.impl.AdminUserService] is not eligible for getting processed by all BeanPostProcessors (for example: not eligible for auto-proxying)
2018-01-28 18:27:09 [restartedMain] INFO  o.s.c.s.PostProcessorRegistrationDelegate$BeanPostProcessorChecker - Bean 'roleMapper' of type [org.mybatis.spring.mapper.MapperFactoryBean] is not eligible for getting processed by all BeanPostProcessors (for example: not eligible for auto-proxying)
2018-01-28 18:27:09 [restartedMain] INFO  o.s.c.s.PostProcessorRegistrationDelegate$BeanPostProcessorChecker - Bean 'roleMapper' of type [com.sun.proxy.$Proxy74] is not eligible for getting processed by all BeanPostProcessors (for example: not eligible for auto-proxying)
2018-01-28 18:27:09 [restartedMain] INFO  o.s.c.s.PostProcessorRegistrationDelegate$BeanPostProcessorChecker - Bean 'rolePermissionMapper' of type [org.mybatis.spring.mapper.MapperFactoryBean] is not eligible for getting processed by all BeanPostProcessors (for example: not eligible for auto-proxying)
2018-01-28 18:27:09 [restartedMain] INFO  o.s.c.s.PostProcessorRegistrationDelegate$BeanPostProcessorChecker - Bean 'rolePermissionMapper' of type [com.sun.proxy.$Proxy75] is not eligible for getting processed by all BeanPostProcessors (for example: not eligible for auto-proxying)
2018-01-28 18:27:09 [restartedMain] INFO  o.s.c.s.PostProcessorRegistrationDelegate$BeanPostProcessorChecker - Bean 'rolePermissionService' of type [co.yiiu.hitbbs.service.impl.RolePermissionService] is not eligible for getting processed by all BeanPostProcessors (for example: not eligible for auto-proxying)
2018-01-28 18:27:09 [restartedMain] INFO  o.s.c.s.PostProcessorRegistrationDelegate$BeanPostProcessorChecker - Bean 'permissionMapper' of type [org.mybatis.spring.mapper.MapperFactoryBean] is not eligible for getting processed by all BeanPostProcessors (for example: not eligible for auto-proxying)
2018-01-28 18:27:09 [restartedMain] INFO  o.s.c.s.PostProcessorRegistrationDelegate$BeanPostProcessorChecker - Bean 'permissionMapper' of type [com.sun.proxy.$Proxy76] is not eligible for getting processed by all BeanPostProcessors (for example: not eligible for auto-proxying)
2018-01-28 18:27:09 [restartedMain] INFO  o.s.c.s.PostProcessorRegistrationDelegate$BeanPostProcessorChecker - Bean 'permissionService' of type [co.yiiu.hitbbs.service.impl.PermissionService] is not eligible for getting processed by all BeanPostProcessors (for example: not eligible for auto-proxying)
2018-01-28 18:27:09 [restartedMain] INFO  o.s.c.s.PostProcessorRegistrationDelegate$BeanPostProcessorChecker - Bean 'roleService' of type [co.yiiu.hitbbs.service.impl.RoleService] is not eligible for getting processed by all BeanPostProcessors (for example: not eligible for auto-proxying)
2018-01-28 18:27:09 [restartedMain] INFO  o.s.c.s.PostProcessorRegistrationDelegate$BeanPostProcessorChecker - Bean 'myShiroRealm' of type [co.yiiu.hitbbs.config.realm.MyShiroRealm] is not eligible for getting processed by all BeanPostProcessors (for example: not eligible for auto-proxying)
2018-01-28 18:27:09 [restartedMain] INFO  o.s.c.s.PostProcessorRegistrationDelegate$BeanPostProcessorChecker - Bean 'systemConfigMapper' of type [org.mybatis.spring.mapper.MapperFactoryBean] is not eligible for getting processed by all BeanPostProcessors (for example: not eligible for auto-proxying)
2018-01-28 18:27:09 [restartedMain] INFO  o.s.c.s.PostProcessorRegistrationDelegate$BeanPostProcessorChecker - Bean 'systemConfigMapper' of type [com.sun.proxy.$Proxy78] is not eligible for getting processed by all BeanPostProcessors (for example: not eligible for auto-proxying)
2018-01-28 18:27:09 [restartedMain] INFO  o.s.c.s.PostProcessorRegistrationDelegate$BeanPostProcessorChecker - Bean 'systemConfigService' of type [co.yiiu.hitbbs.service.impl.SystemConfigService] is not eligible for getting processed by all BeanPostProcessors (for example: not eligible for auto-proxying)
2018-01-28 18:27:09 [restartedMain] INFO  o.s.c.s.PostProcessorRegistrationDelegate$BeanPostProcessorChecker - Bean 'shiroConfig' of type [co.yiiu.hitbbs.config.ShiroConfig$$EnhancerBySpringCGLIB$$d655b0ef] is not eligible for getting processed by all BeanPostProcessors (for example: not eligible for auto-proxying)
2018-01-28 18:27:09 [restartedMain] INFO  o.s.c.s.PostProcessorRegistrationDelegate$BeanPostProcessorChecker - Bean 'myCredentialsMatcher' of type [co.yiiu.hitbbs.config.realm.MyCredentialsMatcher] is not eligible for getting processed by all BeanPostProcessors (for example: not eligible for auto-proxying)
2018-01-28 18:27:09 [restartedMain] INFO  o.s.c.s.PostProcessorRegistrationDelegate$BeanPostProcessorChecker - Bean 'rememberMeCookie' of type [org.apache.shiro.web.servlet.SimpleCookie] is not eligible for getting processed by all BeanPostProcessors (for example: not eligible for auto-proxying)
2018-01-28 18:27:09 [restartedMain] INFO  o.s.c.s.PostProcessorRegistrationDelegate$BeanPostProcessorChecker - Bean 'rememberMeManager' of type [org.apache.shiro.web.mgt.CookieRememberMeManager] is not eligible for getting processed by all BeanPostProcessors (for example: not eligible for auto-proxying)
2018-01-28 18:27:09 [restartedMain] INFO  o.s.c.s.PostProcessorRegistrationDelegate$BeanPostProcessorChecker - Bean 'defaultWebSecurityManager' of type [org.apache.shiro.web.mgt.DefaultWebSecurityManager] is not eligible for getting processed by all BeanPostProcessors (for example: not eligible for auto-proxying)
2018-01-28 18:27:09 [restartedMain] INFO  c.y.h.c.ShiroConfig - 开始配置shiroFilter...
2018-01-28 18:27:09 [restartedMain] INFO  o.s.c.s.PostProcessorRegistrationDelegate$BeanPostProcessorChecker - Bean 'authorizationAttributeSourceAdvisor' of type [org.apache.shiro.spring.security.interceptor.AuthorizationAttributeSourceAdvisor] is not eligible for getting processed by all BeanPostProcessors (for example: not eligible for auto-proxying)
2018-01-28 18:27:09 [restartedMain] INFO  o.s.c.s.PostProcessorRegistrationDelegate$BeanPostProcessorChecker - Bean 'org.springframework.transaction.annotation.ProxyTransactionManagementConfiguration' of type [org.springframework.transaction.annotation.ProxyTransactionManagementConfiguration] is not eligible for getting processed by all BeanPostProcessors (for example: not eligible for auto-proxying)
2018-01-28 18:27:10 [restartedMain] INFO  io.undertow.servlet - Initializing Spring embedded WebApplicationContext
2018-01-28 18:27:10 [restartedMain] INFO  o.s.w.c.ContextLoader - Root WebApplicationContext: initialization completed in 2297 ms
2018-01-28 18:27:10 [restartedMain] INFO  o.s.w.s.v.f.FreeMarkerConfig - 开始配置freemarker全局变量...
2018-01-28 18:27:10 [restartedMain] INFO  o.s.w.s.v.f.FreeMarkerConfig - freemarker全局变量配置完成!
2018-01-28 18:27:10 [restartedMain] INFO  o.s.w.s.v.f.FreeMarkerConfig - 开始配置freemarker自定义标签...
2018-01-28 18:27:10 [restartedMain] INFO  o.s.w.s.v.f.FreeMarkerConfig - freemarker自定义标签配置完成!
2018-01-28 18:27:11 [restartedMain] INFO  o.s.b.d.a.OptionalLiveReloadServer - LiveReload server is running on port 35729
2018-01-28 18:27:11 [restartedMain] INFO  i.u.websockets.jsr - UT026003: Adding annotated server endpoint class co.yiiu.hitbbs.config.websocket.MyWebSocket for path /websocket
2018-01-28 18:27:11 [restartedMain] INFO  io.undertow - starting server: Undertow - 2.0.28.Final
2018-01-28 18:27:11 [restartedMain] INFO  org.xnio - XNIO version 3.3.8.Final
2018-01-28 18:27:11 [restartedMain] INFO  org.xnio.nio - XNIO NIO Implementation Version 3.3.8.Final
2018-01-28 18:27:11 [restartedMain] INFO  o.s.b.w.e.u.UndertowServletWebServer - Undertow started on port(s) 8080 (http) with context path ''
2018-01-28 18:27:11 [restartedMain] INFO  c.y.h.HitbbsApplication - Started HitbbsApplication in 4.491 seconds (JVM running for 6.527)
2018-01-28 18:27:16 [XNIO-1 task-1] INFO  io.undertow.servlet - Initializing Spring DispatcherServlet 'dispatcherServlet'
2018-01-28 18:27:16 [XNIO-1 task-1] INFO  o.s.w.s.DispatcherServlet - Initializing Servlet 'dispatcherServlet'
2018-01-28 18:27:16 [XNIO-1 task-1] INFO  o.s.w.s.DispatcherServlet - Completed initialization in 11 ms
2018-01-28 18:27:16 [XNIO-1 task-1] INFO  c.y.h.i.CommonInterceptor - 0:0:0:0:0:0:0:1|/|excitation=272ms
2018-01-28 18:27:22 [XNIO-1 task-2] INFO  c.y.h.i.CommonInterceptor - 0:0:0:0:0:0:0:1|/login|excitation=24ms
2018-01-28 18:27:22 [XNIO-1 task-3] INFO  c.y.h.i.CommonInterceptor - 0:0:0:0:0:0:0:1|/common/captcha|ver=1674901642230|excitation=100ms
2018-01-28 18:27:35 [XNIO-1 task-4] INFO  c.y.h.p.RedisService - redis配置信息不全或没有配置...
2018-01-28 18:27:35 [XNIO-1 task-4] INFO  c.y.h.e.GlobalExceptionHandler - api exception: 用户不存在
2018-01-28 18:27:35 [XNIO-1 task-4] INFO  c.y.h.i.CommonInterceptor - 0:0:0:0:0:0:0:1|/api/login|excitation=201ms
2018-01-28 18:27:35 [XNIO-1 task-5] INFO  c.y.h.i.CommonInterceptor - 0:0:0:0:0:0:0:1|/static/theme/default/libs/layer/theme/default/icon.png|excitation=4ms
2018-01-28 18:27:40 [XNIO-1 task-6] INFO  c.y.h.p.RedisService - redis配置信息不全或没有配置...
2018-01-28 18:27:40 [XNIO-1 task-6] INFO  c.y.h.e.GlobalExceptionHandler - api exception: 用户不存在
2018-01-28 18:27:40 [XNIO-1 task-6] INFO  c.y.h.i.CommonInterceptor - 0:0:0:0:0:0:0:1|/api/login|excitation=19ms
2018-01-28 18:27:43 [XNIO-1 task-7] INFO  c.y.h.p.RedisService - redis配置信息不全或没有配置...
2018-01-28 18:27:43 [XNIO-1 task-7] INFO  c.y.h.e.GlobalExceptionHandler - api exception: 用户不存在
2018-01-28 18:27:43 [XNIO-1 task-7] INFO  c.y.h.i.CommonInterceptor - 0:0:0:0:0:0:0:1|/api/login|excitation=14ms
2018-01-28 18:27:48 [XNIO-1 task-8] INFO  c.y.h.p.RedisService - redis配置信息不全或没有配置...
2018-01-28 18:27:48 [XNIO-1 task-8] INFO  c.y.h.e.GlobalExceptionHandler - api exception: 用户不存在
2018-01-28 18:27:48 [XNIO-1 task-8] INFO  c.y.h.i.CommonInterceptor - 0:0:0:0:0:0:0:1|/api/login|excitation=14ms
2018-01-28 18:28:41 [SpringContextShutdownHook] INFO  c.z.h.HikariDataSource - HikariPool-1 - Shutdown initiated...
2018-01-28 18:28:41 [SpringContextShutdownHook] INFO  c.z.h.HikariDataSource - HikariPool-1 - Shutdown completed.
2018-01-28 18:28:41 [SpringContextShutdownHook] INFO  io.undertow.servlet - Destroying Spring FrameworkServlet 'dispatcherServlet'
2018-01-28 18:28:41 [SpringContextShutdownHook] INFO  io.undertow - stopping server: Undertow - 2.0.28.Final
