2023-02-21 00:00:03 [SpringContextShutdownHook] INFO  c.z.h.HikariDataSource - HikariPool-1 - Shutdown initiated...
2023-02-21 00:00:03 [SpringContextShutdownHook] INFO  c.z.h.HikariDataSource - HikariPool-1 - Shutdown completed.
2023-02-21 00:00:03 [SpringContextShutdownHook] INFO  io.undertow.servlet - Destroying Spring FrameworkServlet 'dispatcherServlet'
2023-02-21 00:00:03 [SpringContextShutdownHook] INFO  io.undertow - stopping server: Undertow - 2.0.28.Final
2023-02-21 00:01:58 [restartedMain] INFO  c.y.h.HitbbsApplication - Starting HitbbsApplication on OliverChen with PID 38020 (C:\Users\GS66\Desktop\hitbbs\target\classes started by GS66 in C:\Users\GS66\Desktop\hitbbs)
2023-02-21 00:01:58 [restartedMain] INFO  c.y.h.HitbbsApplication - The following profiles are active: dev
2023-02-21 00:01:58 [restartedMain] INFO  o.s.b.d.r.ChangeableUrls - The Class-Path manifest attribute in C:\Users\GS66\.m2\repository\com\sun\xml\bind\jaxb-impl\2.1\jaxb-impl-2.1.jar referenced one or more files that do not exist: file:/C:/Users/GS66/.m2/repository/com/sun/xml/bind/jaxb-impl/2.1/jaxb-api.jar,file:/C:/Users/GS66/.m2/repository/com/sun/xml/bind/jaxb-impl/2.1/activation.jar,file:/C:/Users/GS66/.m2/repository/com/sun/xml/bind/jaxb-impl/2.1/jsr173_1.0_api.jar,file:/C:/Users/GS66/.m2/repository/com/sun/xml/bind/jaxb-impl/2.1/jaxb1-impl.jar
2023-02-21 00:01:58 [restartedMain] INFO  o.s.b.d.e.DevToolsPropertyDefaultsPostProcessor - Devtools property defaults active! Set 'spring.devtools.add-properties' to 'false' to disable
2023-02-21 00:01:58 [restartedMain] INFO  o.s.b.d.e.DevToolsPropertyDefaultsPostProcessor - For additional web related logging consider setting the 'logging.level.web' property to 'DEBUG'
2023-02-21 00:01:59 [restartedMain] INFO  o.s.c.s.PostProcessorRegistrationDelegate$BeanPostProcessorChecker - Bean 'siteConfig' of type [co.yiiu.hitbbs.config.SiteConfig$$EnhancerBySpringCGLIB$$a247783c] is not eligible for getting processed by all BeanPostProcessors (for example: not eligible for auto-proxying)
2023-02-21 00:01:59 [restartedMain] INFO  o.s.c.s.PostProcessorRegistrationDelegate$BeanPostProcessorChecker - Bean 'dataSourceHelper' of type [co.yiiu.hitbbs.config.DataSourceHelper$$EnhancerBySpringCGLIB$$797ca006] is not eligible for getting processed by all BeanPostProcessors (for example: not eligible for auto-proxying)
2023-02-21 00:01:59 [restartedMain] INFO  o.s.c.s.PostProcessorRegistrationDelegate$BeanPostProcessorChecker - Bean 'dataSourceConfig' of type [co.yiiu.hitbbs.config.DataSourceConfig$$EnhancerBySpringCGLIB$$896fc21a] is not eligible for getting processed by all BeanPostProcessors (for example: not eligible for auto-proxying)
2023-02-21 00:01:59 [restartedMain] INFO  c.z.h.HikariDataSource - HikariPool-1 - Starting...
2023-02-21 00:01:59 [restartedMain] INFO  c.z.h.HikariDataSource - HikariPool-1 - Start completed.
2023-02-21 00:01:59 [restartedMain] INFO  o.s.c.s.PostProcessorRegistrationDelegate$BeanPostProcessorChecker - Bean 'dataSource' of type [com.zaxxer.hikari.HikariDataSource] is not eligible for getting processed by all BeanPostProcessors (for example: not eligible for auto-proxying)
2023-02-21 00:01:59 [restartedMain] INFO  o.f.c.i.l.VersionPrinter - Flyway Community Edition 5.2.1 by Boxfuse
2023-02-21 00:01:59 [restartedMain] INFO  o.f.c.i.d.DatabaseFactory - Database: jdbc:mysql://localhost:3306/hitbbs (MySQL 5.5)
2023-02-21 00:01:59 [restartedMain] INFO  o.f.c.i.c.DbValidate - Successfully validated 15 migrations (execution time 00:00.034s)
2023-02-21 00:01:59 [restartedMain] INFO  o.f.c.i.c.DbMigrate - Current version of schema `hitbbs`: 1.14
2023-02-21 00:01:59 [restartedMain] INFO  o.f.c.i.c.DbMigrate - Schema `hitbbs` is up to date. No migration necessary.
2023-02-21 00:01:59 [restartedMain] INFO  o.s.c.s.PostProcessorRegistrationDelegate$BeanPostProcessorChecker - Bean 'flywayConfig' of type [co.yiiu.hitbbs.config.FlywayConfig$$EnhancerBySpringCGLIB$$e99180f1] is not eligible for getting processed by all BeanPostProcessors (for example: not eligible for auto-proxying)
2023-02-21 00:01:59 [restartedMain] INFO  o.s.c.s.PostProcessorRegistrationDelegate$BeanPostProcessorChecker - Bean 'mybatisPlusConfig' of type [co.yiiu.hitbbs.config.MybatisPlusConfig$$EnhancerBySpringCGLIB$$19d6a3e6] is not eligible for getting processed by all BeanPostProcessors (for example: not eligible for auto-proxying)
2023-02-21 00:01:59 [restartedMain] INFO  o.s.c.s.PostProcessorRegistrationDelegate$BeanPostProcessorChecker - Bean 'mybatisSqlSession' of type [org.apache.ibatis.session.defaults.DefaultSqlSessionFactory] is not eligible for getting processed by all BeanPostProcessors (for example: not eligible for auto-proxying)
2023-02-21 00:01:59 [restartedMain] INFO  o.s.c.s.PostProcessorRegistrationDelegate$BeanPostProcessorChecker - Bean 'mybatis-plus-com.baomidou.mybatisplus.autoconfigure.MybatisPlusProperties' of type [com.baomidou.mybatisplus.autoconfigure.MybatisPlusProperties] is not eligible for getting processed by all BeanPostProcessors (for example: not eligible for auto-proxying)
2023-02-21 00:01:59 [restartedMain] INFO  o.s.c.s.PostProcessorRegistrationDelegate$BeanPostProcessorChecker - Bean 'com.baomidou.mybatisplus.autoconfigure.MybatisPlusAutoConfiguration' of type [com.baomidou.mybatisplus.autoconfigure.MybatisPlusAutoConfiguration$$EnhancerBySpringCGLIB$$45a4a51a] is not eligible for getting processed by all BeanPostProcessors (for example: not eligible for auto-proxying)
2023-02-21 00:01:59 [restartedMain] INFO  o.s.c.s.PostProcessorRegistrationDelegate$BeanPostProcessorChecker - Bean 'sqlSessionTemplate' of type [org.mybatis.spring.SqlSessionTemplate] is not eligible for getting processed by all BeanPostProcessors (for example: not eligible for auto-proxying)
2023-02-21 00:01:59 [restartedMain] INFO  o.s.c.s.PostProcessorRegistrationDelegate$BeanPostProcessorChecker - Bean 'adminUserMapper' of type [org.mybatis.spring.mapper.MapperFactoryBean] is not eligible for getting processed by all BeanPostProcessors (for example: not eligible for auto-proxying)
2023-02-21 00:01:59 [restartedMain] INFO  o.s.c.s.PostProcessorRegistrationDelegate$BeanPostProcessorChecker - Bean 'adminUserMapper' of type [com.sun.proxy.$Proxy73] is not eligible for getting processed by all BeanPostProcessors (for example: not eligible for auto-proxying)
2023-02-21 00:01:59 [restartedMain] INFO  o.s.c.s.PostProcessorRegistrationDelegate$BeanPostProcessorChecker - Bean 'adminUserService' of type [co.yiiu.hitbbs.service.impl.AdminUserService] is not eligible for getting processed by all BeanPostProcessors (for example: not eligible for auto-proxying)
2023-02-21 00:01:59 [restartedMain] INFO  o.s.c.s.PostProcessorRegistrationDelegate$BeanPostProcessorChecker - Bean 'roleMapper' of type [org.mybatis.spring.mapper.MapperFactoryBean] is not eligible for getting processed by all BeanPostProcessors (for example: not eligible for auto-proxying)
2023-02-21 00:01:59 [restartedMain] INFO  o.s.c.s.PostProcessorRegistrationDelegate$BeanPostProcessorChecker - Bean 'roleMapper' of type [com.sun.proxy.$Proxy74] is not eligible for getting processed by all BeanPostProcessors (for example: not eligible for auto-proxying)
2023-02-21 00:01:59 [restartedMain] INFO  o.s.c.s.PostProcessorRegistrationDelegate$BeanPostProcessorChecker - Bean 'rolePermissionMapper' of type [org.mybatis.spring.mapper.MapperFactoryBean] is not eligible for getting processed by all BeanPostProcessors (for example: not eligible for auto-proxying)
2023-02-21 00:01:59 [restartedMain] INFO  o.s.c.s.PostProcessorRegistrationDelegate$BeanPostProcessorChecker - Bean 'rolePermissionMapper' of type [com.sun.proxy.$Proxy75] is not eligible for getting processed by all BeanPostProcessors (for example: not eligible for auto-proxying)
2023-02-21 00:01:59 [restartedMain] INFO  o.s.c.s.PostProcessorRegistrationDelegate$BeanPostProcessorChecker - Bean 'rolePermissionService' of type [co.yiiu.hitbbs.service.impl.RolePermissionService] is not eligible for getting processed by all BeanPostProcessors (for example: not eligible for auto-proxying)
2023-02-21 00:01:59 [restartedMain] INFO  o.s.c.s.PostProcessorRegistrationDelegate$BeanPostProcessorChecker - Bean 'permissionMapper' of type [org.mybatis.spring.mapper.MapperFactoryBean] is not eligible for getting processed by all BeanPostProcessors (for example: not eligible for auto-proxying)
2023-02-21 00:01:59 [restartedMain] INFO  o.s.c.s.PostProcessorRegistrationDelegate$BeanPostProcessorChecker - Bean 'permissionMapper' of type [com.sun.proxy.$Proxy76] is not eligible for getting processed by all BeanPostProcessors (for example: not eligible for auto-proxying)
2023-02-21 00:01:59 [restartedMain] INFO  o.s.c.s.PostProcessorRegistrationDelegate$BeanPostProcessorChecker - Bean 'permissionService' of type [co.yiiu.hitbbs.service.impl.PermissionService] is not eligible for getting processed by all BeanPostProcessors (for example: not eligible for auto-proxying)
2023-02-21 00:01:59 [restartedMain] INFO  o.s.c.s.PostProcessorRegistrationDelegate$BeanPostProcessorChecker - Bean 'roleService' of type [co.yiiu.hitbbs.service.impl.RoleService] is not eligible for getting processed by all BeanPostProcessors (for example: not eligible for auto-proxying)
2023-02-21 00:01:59 [restartedMain] INFO  o.s.c.s.PostProcessorRegistrationDelegate$BeanPostProcessorChecker - Bean 'myShiroRealm' of type [co.yiiu.hitbbs.config.realm.MyShiroRealm] is not eligible for getting processed by all BeanPostProcessors (for example: not eligible for auto-proxying)
2023-02-21 00:01:59 [restartedMain] INFO  o.s.c.s.PostProcessorRegistrationDelegate$BeanPostProcessorChecker - Bean 'systemConfigMapper' of type [org.mybatis.spring.mapper.MapperFactoryBean] is not eligible for getting processed by all BeanPostProcessors (for example: not eligible for auto-proxying)
2023-02-21 00:01:59 [restartedMain] INFO  o.s.c.s.PostProcessorRegistrationDelegate$BeanPostProcessorChecker - Bean 'systemConfigMapper' of type [com.sun.proxy.$Proxy78] is not eligible for getting processed by all BeanPostProcessors (for example: not eligible for auto-proxying)
2023-02-21 00:01:59 [restartedMain] INFO  o.s.c.s.PostProcessorRegistrationDelegate$BeanPostProcessorChecker - Bean 'systemConfigService' of type [co.yiiu.hitbbs.service.impl.SystemConfigService] is not eligible for getting processed by all BeanPostProcessors (for example: not eligible for auto-proxying)
2023-02-21 00:01:59 [restartedMain] INFO  o.s.c.s.PostProcessorRegistrationDelegate$BeanPostProcessorChecker - Bean 'shiroConfig' of type [co.yiiu.hitbbs.config.ShiroConfig$$EnhancerBySpringCGLIB$$3bbd86ca] is not eligible for getting processed by all BeanPostProcessors (for example: not eligible for auto-proxying)
2023-02-21 00:01:59 [restartedMain] INFO  o.s.c.s.PostProcessorRegistrationDelegate$BeanPostProcessorChecker - Bean 'myCredentialsMatcher' of type [co.yiiu.hitbbs.config.realm.MyCredentialsMatcher] is not eligible for getting processed by all BeanPostProcessors (for example: not eligible for auto-proxying)
2023-02-21 00:01:59 [restartedMain] INFO  o.s.c.s.PostProcessorRegistrationDelegate$BeanPostProcessorChecker - Bean 'rememberMeCookie' of type [org.apache.shiro.web.servlet.SimpleCookie] is not eligible for getting processed by all BeanPostProcessors (for example: not eligible for auto-proxying)
2023-02-21 00:01:59 [restartedMain] INFO  o.s.c.s.PostProcessorRegistrationDelegate$BeanPostProcessorChecker - Bean 'rememberMeManager' of type [org.apache.shiro.web.mgt.CookieRememberMeManager] is not eligible for getting processed by all BeanPostProcessors (for example: not eligible for auto-proxying)
2023-02-21 00:01:59 [restartedMain] INFO  o.s.c.s.PostProcessorRegistrationDelegate$BeanPostProcessorChecker - Bean 'defaultWebSecurityManager' of type [org.apache.shiro.web.mgt.DefaultWebSecurityManager] is not eligible for getting processed by all BeanPostProcessors (for example: not eligible for auto-proxying)
2023-02-21 00:01:59 [restartedMain] INFO  c.y.h.c.ShiroConfig - 开始配置shiroFilter...
2023-02-21 00:01:59 [restartedMain] INFO  o.s.c.s.PostProcessorRegistrationDelegate$BeanPostProcessorChecker - Bean 'authorizationAttributeSourceAdvisor' of type [org.apache.shiro.spring.security.interceptor.AuthorizationAttributeSourceAdvisor] is not eligible for getting processed by all BeanPostProcessors (for example: not eligible for auto-proxying)
2023-02-21 00:01:59 [restartedMain] INFO  o.s.c.s.PostProcessorRegistrationDelegate$BeanPostProcessorChecker - Bean 'org.springframework.transaction.annotation.ProxyTransactionManagementConfiguration' of type [org.springframework.transaction.annotation.ProxyTransactionManagementConfiguration] is not eligible for getting processed by all BeanPostProcessors (for example: not eligible for auto-proxying)
2023-02-21 00:02:00 [restartedMain] INFO  io.undertow.servlet - Initializing Spring embedded WebApplicationContext
2023-02-21 00:02:00 [restartedMain] INFO  o.s.w.c.ContextLoader - Root WebApplicationContext: initialization completed in 1677 ms
2023-02-21 00:02:00 [restartedMain] INFO  o.s.w.s.v.f.FreeMarkerConfig - 开始配置freemarker全局变量...
2023-02-21 00:02:00 [restartedMain] INFO  o.s.w.s.v.f.FreeMarkerConfig - freemarker全局变量配置完成!
2023-02-21 00:02:00 [restartedMain] INFO  o.s.w.s.v.f.FreeMarkerConfig - 开始配置freemarker自定义标签...
2023-02-21 00:02:00 [restartedMain] INFO  o.s.w.s.v.f.FreeMarkerConfig - freemarker自定义标签配置完成!
2023-02-21 00:02:01 [restartedMain] INFO  o.s.b.d.a.OptionalLiveReloadServer - LiveReload server is running on port 35729
2023-02-21 00:02:01 [restartedMain] INFO  i.u.websockets.jsr - UT026003: Adding annotated server endpoint class co.yiiu.hitbbs.config.websocket.MyWebSocket for path /websocket
2023-02-21 00:02:01 [restartedMain] INFO  io.undertow - starting server: Undertow - 2.0.28.Final
2023-02-21 00:02:01 [restartedMain] INFO  org.xnio - XNIO version 3.3.8.Final
2023-02-21 00:02:01 [restartedMain] INFO  org.xnio.nio - XNIO NIO Implementation Version 3.3.8.Final
2023-02-21 00:02:01 [restartedMain] INFO  o.s.b.w.e.u.UndertowServletWebServer - Undertow started on port(s) 8080 (http) with context path ''
2023-02-21 00:02:01 [restartedMain] INFO  c.y.h.HitbbsApplication - Started HitbbsApplication in 3.155 seconds (JVM running for 3.918)
2023-02-21 00:02:13 [SpringContextShutdownHook] INFO  c.z.h.HikariDataSource - HikariPool-1 - Shutdown initiated...
2023-02-21 00:02:13 [SpringContextShutdownHook] INFO  c.z.h.HikariDataSource - HikariPool-1 - Shutdown completed.
2023-02-21 00:02:13 [SpringContextShutdownHook] INFO  io.undertow - stopping server: Undertow - 2.0.28.Final
2023-02-21 00:02:16 [restartedMain] INFO  c.y.h.HitbbsApplication - Starting HitbbsApplication on OliverChen with PID 33560 (C:\Users\GS66\Desktop\hitbbs\target\classes started by GS66 in C:\Users\GS66\Desktop\hitbbs)
2023-02-21 00:02:16 [restartedMain] INFO  c.y.h.HitbbsApplication - The following profiles are active: dev
2023-02-21 00:02:16 [restartedMain] INFO  o.s.b.d.r.ChangeableUrls - The Class-Path manifest attribute in C:\Users\GS66\.m2\repository\com\sun\xml\bind\jaxb-impl\2.1\jaxb-impl-2.1.jar referenced one or more files that do not exist: file:/C:/Users/GS66/.m2/repository/com/sun/xml/bind/jaxb-impl/2.1/jaxb-api.jar,file:/C:/Users/GS66/.m2/repository/com/sun/xml/bind/jaxb-impl/2.1/activation.jar,file:/C:/Users/GS66/.m2/repository/com/sun/xml/bind/jaxb-impl/2.1/jsr173_1.0_api.jar,file:/C:/Users/GS66/.m2/repository/com/sun/xml/bind/jaxb-impl/2.1/jaxb1-impl.jar
2023-02-21 00:02:16 [restartedMain] INFO  o.s.b.d.e.DevToolsPropertyDefaultsPostProcessor - Devtools property defaults active! Set 'spring.devtools.add-properties' to 'false' to disable
2023-02-21 00:02:16 [restartedMain] INFO  o.s.b.d.e.DevToolsPropertyDefaultsPostProcessor - For additional web related logging consider setting the 'logging.level.web' property to 'DEBUG'
2023-02-21 00:02:17 [restartedMain] INFO  o.s.c.s.PostProcessorRegistrationDelegate$BeanPostProcessorChecker - Bean 'siteConfig' of type [co.yiiu.hitbbs.config.SiteConfig$$EnhancerBySpringCGLIB$$a7fb489e] is not eligible for getting processed by all BeanPostProcessors (for example: not eligible for auto-proxying)
2023-02-21 00:02:17 [restartedMain] INFO  o.s.c.s.PostProcessorRegistrationDelegate$BeanPostProcessorChecker - Bean 'dataSourceHelper' of type [co.yiiu.hitbbs.config.DataSourceHelper$$EnhancerBySpringCGLIB$$7f307068] is not eligible for getting processed by all BeanPostProcessors (for example: not eligible for auto-proxying)
2023-02-21 00:02:17 [restartedMain] INFO  o.s.c.s.PostProcessorRegistrationDelegate$BeanPostProcessorChecker - Bean 'dataSourceConfig' of type [co.yiiu.hitbbs.config.DataSourceConfig$$EnhancerBySpringCGLIB$$8f23927c] is not eligible for getting processed by all BeanPostProcessors (for example: not eligible for auto-proxying)
2023-02-21 00:02:17 [restartedMain] INFO  c.z.h.HikariDataSource - HikariPool-1 - Starting...
2023-02-21 00:02:17 [restartedMain] INFO  c.z.h.HikariDataSource - HikariPool-1 - Start completed.
2023-02-21 00:02:17 [restartedMain] INFO  o.s.c.s.PostProcessorRegistrationDelegate$BeanPostProcessorChecker - Bean 'dataSource' of type [com.zaxxer.hikari.HikariDataSource] is not eligible for getting processed by all BeanPostProcessors (for example: not eligible for auto-proxying)
2023-02-21 00:02:17 [restartedMain] INFO  o.f.c.i.l.VersionPrinter - Flyway Community Edition 5.2.1 by Boxfuse
2023-02-21 00:02:17 [restartedMain] INFO  o.f.c.i.d.DatabaseFactory - Database: jdbc:mysql://localhost:3306/hitbbs (MySQL 5.5)
2023-02-21 00:02:17 [restartedMain] INFO  o.f.c.i.c.DbValidate - Successfully validated 15 migrations (execution time 00:00.032s)
2023-02-21 00:02:17 [restartedMain] INFO  o.f.c.i.c.DbMigrate - Current version of schema `hitbbs`: 1.14
2023-02-21 00:02:17 [restartedMain] INFO  o.f.c.i.c.DbMigrate - Schema `hitbbs` is up to date. No migration necessary.
2023-02-21 00:02:17 [restartedMain] INFO  o.s.c.s.PostProcessorRegistrationDelegate$BeanPostProcessorChecker - Bean 'flywayConfig' of type [co.yiiu.hitbbs.config.FlywayConfig$$EnhancerBySpringCGLIB$$ef455153] is not eligible for getting processed by all BeanPostProcessors (for example: not eligible for auto-proxying)
2023-02-21 00:02:17 [restartedMain] INFO  o.s.c.s.PostProcessorRegistrationDelegate$BeanPostProcessorChecker - Bean 'mybatisPlusConfig' of type [co.yiiu.hitbbs.config.MybatisPlusConfig$$EnhancerBySpringCGLIB$$1f8a7448] is not eligible for getting processed by all BeanPostProcessors (for example: not eligible for auto-proxying)
2023-02-21 00:02:17 [restartedMain] INFO  o.s.c.s.PostProcessorRegistrationDelegate$BeanPostProcessorChecker - Bean 'mybatisSqlSession' of type [org.apache.ibatis.session.defaults.DefaultSqlSessionFactory] is not eligible for getting processed by all BeanPostProcessors (for example: not eligible for auto-proxying)
2023-02-21 00:02:17 [restartedMain] INFO  o.s.c.s.PostProcessorRegistrationDelegate$BeanPostProcessorChecker - Bean 'mybatis-plus-com.baomidou.mybatisplus.autoconfigure.MybatisPlusProperties' of type [com.baomidou.mybatisplus.autoconfigure.MybatisPlusProperties] is not eligible for getting processed by all BeanPostProcessors (for example: not eligible for auto-proxying)
2023-02-21 00:02:17 [restartedMain] INFO  o.s.c.s.PostProcessorRegistrationDelegate$BeanPostProcessorChecker - Bean 'com.baomidou.mybatisplus.autoconfigure.MybatisPlusAutoConfiguration' of type [com.baomidou.mybatisplus.autoconfigure.MybatisPlusAutoConfiguration$$EnhancerBySpringCGLIB$$4b58757c] is not eligible for getting processed by all BeanPostProcessors (for example: not eligible for auto-proxying)
2023-02-21 00:02:17 [restartedMain] INFO  o.s.c.s.PostProcessorRegistrationDelegate$BeanPostProcessorChecker - Bean 'sqlSessionTemplate' of type [org.mybatis.spring.SqlSessionTemplate] is not eligible for getting processed by all BeanPostProcessors (for example: not eligible for auto-proxying)
2023-02-21 00:02:17 [restartedMain] INFO  o.s.c.s.PostProcessorRegistrationDelegate$BeanPostProcessorChecker - Bean 'adminUserMapper' of type [org.mybatis.spring.mapper.MapperFactoryBean] is not eligible for getting processed by all BeanPostProcessors (for example: not eligible for auto-proxying)
2023-02-21 00:02:17 [restartedMain] INFO  o.s.c.s.PostProcessorRegistrationDelegate$BeanPostProcessorChecker - Bean 'adminUserMapper' of type [com.sun.proxy.$Proxy73] is not eligible for getting processed by all BeanPostProcessors (for example: not eligible for auto-proxying)
2023-02-21 00:02:17 [restartedMain] INFO  o.s.c.s.PostProcessorRegistrationDelegate$BeanPostProcessorChecker - Bean 'adminUserService' of type [co.yiiu.hitbbs.service.impl.AdminUserService] is not eligible for getting processed by all BeanPostProcessors (for example: not eligible for auto-proxying)
2023-02-21 00:02:17 [restartedMain] INFO  o.s.c.s.PostProcessorRegistrationDelegate$BeanPostProcessorChecker - Bean 'roleMapper' of type [org.mybatis.spring.mapper.MapperFactoryBean] is not eligible for getting processed by all BeanPostProcessors (for example: not eligible for auto-proxying)
2023-02-21 00:02:17 [restartedMain] INFO  o.s.c.s.PostProcessorRegistrationDelegate$BeanPostProcessorChecker - Bean 'roleMapper' of type [com.sun.proxy.$Proxy74] is not eligible for getting processed by all BeanPostProcessors (for example: not eligible for auto-proxying)
2023-02-21 00:02:17 [restartedMain] INFO  o.s.c.s.PostProcessorRegistrationDelegate$BeanPostProcessorChecker - Bean 'rolePermissionMapper' of type [org.mybatis.spring.mapper.MapperFactoryBean] is not eligible for getting processed by all BeanPostProcessors (for example: not eligible for auto-proxying)
2023-02-21 00:02:17 [restartedMain] INFO  o.s.c.s.PostProcessorRegistrationDelegate$BeanPostProcessorChecker - Bean 'rolePermissionMapper' of type [com.sun.proxy.$Proxy75] is not eligible for getting processed by all BeanPostProcessors (for example: not eligible for auto-proxying)
2023-02-21 00:02:17 [restartedMain] INFO  o.s.c.s.PostProcessorRegistrationDelegate$BeanPostProcessorChecker - Bean 'rolePermissionService' of type [co.yiiu.hitbbs.service.impl.RolePermissionService] is not eligible for getting processed by all BeanPostProcessors (for example: not eligible for auto-proxying)
2023-02-21 00:02:17 [restartedMain] INFO  o.s.c.s.PostProcessorRegistrationDelegate$BeanPostProcessorChecker - Bean 'permissionMapper' of type [org.mybatis.spring.mapper.MapperFactoryBean] is not eligible for getting processed by all BeanPostProcessors (for example: not eligible for auto-proxying)
2023-02-21 00:02:17 [restartedMain] INFO  o.s.c.s.PostProcessorRegistrationDelegate$BeanPostProcessorChecker - Bean 'permissionMapper' of type [com.sun.proxy.$Proxy76] is not eligible for getting processed by all BeanPostProcessors (for example: not eligible for auto-proxying)
2023-02-21 00:02:17 [restartedMain] INFO  o.s.c.s.PostProcessorRegistrationDelegate$BeanPostProcessorChecker - Bean 'permissionService' of type [co.yiiu.hitbbs.service.impl.PermissionService] is not eligible for getting processed by all BeanPostProcessors (for example: not eligible for auto-proxying)
2023-02-21 00:02:17 [restartedMain] INFO  o.s.c.s.PostProcessorRegistrationDelegate$BeanPostProcessorChecker - Bean 'roleService' of type [co.yiiu.hitbbs.service.impl.RoleService] is not eligible for getting processed by all BeanPostProcessors (for example: not eligible for auto-proxying)
2023-02-21 00:02:17 [restartedMain] INFO  o.s.c.s.PostProcessorRegistrationDelegate$BeanPostProcessorChecker - Bean 'myShiroRealm' of type [co.yiiu.hitbbs.config.realm.MyShiroRealm] is not eligible for getting processed by all BeanPostProcessors (for example: not eligible for auto-proxying)
2023-02-21 00:02:17 [restartedMain] INFO  o.s.c.s.PostProcessorRegistrationDelegate$BeanPostProcessorChecker - Bean 'systemConfigMapper' of type [org.mybatis.spring.mapper.MapperFactoryBean] is not eligible for getting processed by all BeanPostProcessors (for example: not eligible for auto-proxying)
2023-02-21 00:02:17 [restartedMain] INFO  o.s.c.s.PostProcessorRegistrationDelegate$BeanPostProcessorChecker - Bean 'systemConfigMapper' of type [com.sun.proxy.$Proxy78] is not eligible for getting processed by all BeanPostProcessors (for example: not eligible for auto-proxying)
2023-02-21 00:02:17 [restartedMain] INFO  o.s.c.s.PostProcessorRegistrationDelegate$BeanPostProcessorChecker - Bean 'systemConfigService' of type [co.yiiu.hitbbs.service.impl.SystemConfigService] is not eligible for getting processed by all BeanPostProcessors (for example: not eligible for auto-proxying)
2023-02-21 00:02:17 [restartedMain] INFO  o.s.c.s.PostProcessorRegistrationDelegate$BeanPostProcessorChecker - Bean 'shiroConfig' of type [co.yiiu.hitbbs.config.ShiroConfig$$EnhancerBySpringCGLIB$$4171572c] is not eligible for getting processed by all BeanPostProcessors (for example: not eligible for auto-proxying)
2023-02-21 00:02:18 [restartedMain] INFO  o.s.c.s.PostProcessorRegistrationDelegate$BeanPostProcessorChecker - Bean 'myCredentialsMatcher' of type [co.yiiu.hitbbs.config.realm.MyCredentialsMatcher] is not eligible for getting processed by all BeanPostProcessors (for example: not eligible for auto-proxying)
2023-02-21 00:02:18 [restartedMain] INFO  o.s.c.s.PostProcessorRegistrationDelegate$BeanPostProcessorChecker - Bean 'rememberMeCookie' of type [org.apache.shiro.web.servlet.SimpleCookie] is not eligible for getting processed by all BeanPostProcessors (for example: not eligible for auto-proxying)
2023-02-21 00:02:18 [restartedMain] INFO  o.s.c.s.PostProcessorRegistrationDelegate$BeanPostProcessorChecker - Bean 'rememberMeManager' of type [org.apache.shiro.web.mgt.CookieRememberMeManager] is not eligible for getting processed by all BeanPostProcessors (for example: not eligible for auto-proxying)
2023-02-21 00:02:18 [restartedMain] INFO  o.s.c.s.PostProcessorRegistrationDelegate$BeanPostProcessorChecker - Bean 'defaultWebSecurityManager' of type [org.apache.shiro.web.mgt.DefaultWebSecurityManager] is not eligible for getting processed by all BeanPostProcessors (for example: not eligible for auto-proxying)
2023-02-21 00:02:18 [restartedMain] INFO  c.y.h.c.ShiroConfig - 开始配置shiroFilter...
2023-02-21 00:02:18 [restartedMain] INFO  o.s.c.s.PostProcessorRegistrationDelegate$BeanPostProcessorChecker - Bean 'authorizationAttributeSourceAdvisor' of type [org.apache.shiro.spring.security.interceptor.AuthorizationAttributeSourceAdvisor] is not eligible for getting processed by all BeanPostProcessors (for example: not eligible for auto-proxying)
2023-02-21 00:02:18 [restartedMain] INFO  o.s.c.s.PostProcessorRegistrationDelegate$BeanPostProcessorChecker - Bean 'org.springframework.transaction.annotation.ProxyTransactionManagementConfiguration' of type [org.springframework.transaction.annotation.ProxyTransactionManagementConfiguration] is not eligible for getting processed by all BeanPostProcessors (for example: not eligible for auto-proxying)
2023-02-21 00:02:18 [restartedMain] INFO  io.undertow.servlet - Initializing Spring embedded WebApplicationContext
2023-02-21 00:02:18 [restartedMain] INFO  o.s.w.c.ContextLoader - Root WebApplicationContext: initialization completed in 1643 ms
2023-02-21 00:02:18 [restartedMain] INFO  o.s.w.s.v.f.FreeMarkerConfig - 开始配置freemarker全局变量...
2023-02-21 00:02:18 [restartedMain] INFO  o.s.w.s.v.f.FreeMarkerConfig - freemarker全局变量配置完成!
2023-02-21 00:02:18 [restartedMain] INFO  o.s.w.s.v.f.FreeMarkerConfig - 开始配置freemarker自定义标签...
2023-02-21 00:02:18 [restartedMain] INFO  o.s.w.s.v.f.FreeMarkerConfig - freemarker自定义标签配置完成!
2023-02-21 00:02:19 [restartedMain] INFO  o.s.b.d.a.OptionalLiveReloadServer - LiveReload server is running on port 35729
2023-02-21 00:02:19 [restartedMain] INFO  i.u.websockets.jsr - UT026003: Adding annotated server endpoint class co.yiiu.hitbbs.config.websocket.MyWebSocket for path /websocket
2023-02-21 00:02:19 [restartedMain] INFO  io.undertow - starting server: Undertow - 2.0.28.Final
2023-02-21 00:02:19 [restartedMain] INFO  org.xnio - XNIO version 3.3.8.Final
2023-02-21 00:02:19 [restartedMain] INFO  org.xnio.nio - XNIO NIO Implementation Version 3.3.8.Final
2023-02-21 00:02:19 [restartedMain] INFO  o.s.b.w.e.u.UndertowServletWebServer - Undertow started on port(s) 8080 (http) with context path ''
2023-02-21 00:02:19 [restartedMain] INFO  c.y.h.HitbbsApplication - Started HitbbsApplication in 3.119 seconds (JVM running for 3.835)
2023-02-21 00:02:24 [XNIO-1 task-1] INFO  io.undertow.servlet - Initializing Spring DispatcherServlet 'dispatcherServlet'
2023-02-21 00:02:24 [XNIO-1 task-1] INFO  o.s.w.s.DispatcherServlet - Initializing Servlet 'dispatcherServlet'
2023-02-21 00:02:24 [XNIO-1 task-1] INFO  o.s.w.s.DispatcherServlet - Completed initialization in 8 ms
2023-02-21 00:02:25 [XNIO-1 task-1] INFO  c.y.h.p.RedisService - redis配置信息不全或没有配置...
2023-02-21 00:02:25 [XNIO-1 task-1] INFO  c.y.h.p.RedisService - redis配置信息不全或没有配置...
2023-02-21 00:02:25 [XNIO-1 task-1] INFO  c.y.h.i.CommonInterceptor - 0:0:0:0:0:0:0:1|/|excitation=283ms
2023-02-21 00:02:25 [XNIO-1 task-2] INFO  c.y.h.i.CommonInterceptor - 0:0:0:0:0:0:0:1|/static/upload/avatar/oliverchen/avatar.png|excitation=4ms
2023-02-21 00:02:25 [XNIO-1 task-2] INFO  c.y.h.i.CommonInterceptor - 0:0:0:0:0:0:0:1|/error|excitation=13ms
2023-02-21 00:02:26 [XNIO-1 task-3] INFO  c.y.h.p.RedisService - redis配置信息不全或没有配置...
2023-02-21 00:02:26 [XNIO-1 task-3] INFO  c.y.h.p.RedisService - redis配置信息不全或没有配置...
2023-02-21 00:02:27 [XNIO-1 task-3] INFO  c.y.h.i.CommonInterceptor - 0:0:0:0:0:0:0:1|/api/notification/notRead|_=1676908946972|excitation=20ms
2023-02-21 00:02:29 [XNIO-1 task-4] INFO  c.y.h.i.CommonInterceptor - 0:0:0:0:0:0:0:1|/adminlogin|excitation=15ms
2023-02-21 00:02:29 [XNIO-1 task-5] INFO  c.y.h.i.CommonInterceptor - 0:0:0:0:0:0:0:1|/common/captcha|excitation=149ms
2023-02-21 00:02:29 [XNIO-1 task-6] INFO  c.y.h.i.CommonInterceptor - 0:0:0:0:0:0:0:1|/error|excitation=1ms
2023-02-21 00:02:39 [XNIO-1 task-7] INFO  c.y.h.c.r.MyShiroRealm - 用户：admin 正在登录...
2023-02-21 00:02:39 [XNIO-1 task-7] INFO  c.y.h.i.CommonInterceptor - 0:0:0:0:0:0:0:1|/admin/login|password=123123|code=wsae|rememberMe=1|username=admin|excitation=97ms
2023-02-21 00:02:39 [XNIO-1 task-8] INFO  c.y.h.i.CommonInterceptor - 0:0:0:0:0:0:0:1|/admin/index|excitation=343ms
2023-02-21 00:03:03 [XNIO-1 task-9] INFO  c.y.h.i.CommonInterceptor - 0:0:0:0:0:0:0:1|/admin/topic/list|excitation=51ms
2023-02-21 00:03:04 [XNIO-1 task-10] INFO  c.y.h.i.CommonInterceptor - 0:0:0:0:0:0:0:1|/admin/comment/list|excitation=29ms
2023-02-21 00:03:04 [XNIO-1 task-11] INFO  c.y.h.i.CommonInterceptor - 0:0:0:0:0:0:0:1|/admin/sensitive_word/list|excitation=35ms
2023-02-21 00:03:05 [XNIO-1 task-12] INFO  c.y.h.i.CommonInterceptor - 0:0:0:0:0:0:0:1|/admin/user/list|excitation=34ms
2023-02-21 00:03:06 [XNIO-1 task-13] INFO  c.y.h.i.CommonInterceptor - 0:0:0:0:0:0:0:1|/admin/system/edit|excitation=33ms
2023-02-21 00:03:19 [SpringContextShutdownHook] INFO  c.z.h.HikariDataSource - HikariPool-1 - Shutdown initiated...
2023-02-21 00:03:19 [SpringContextShutdownHook] INFO  c.z.h.HikariDataSource - HikariPool-1 - Shutdown completed.
2023-02-21 00:03:19 [SpringContextShutdownHook] INFO  io.undertow.servlet - Destroying Spring FrameworkServlet 'dispatcherServlet'
2023-02-21 00:03:19 [SpringContextShutdownHook] INFO  io.undertow - stopping server: Undertow - 2.0.28.Final
2023-02-21 00:05:00 [restartedMain] INFO  c.y.h.HitbbsApplication - Starting HitbbsApplication on OliverChen with PID 7420 (C:\Users\GS66\Desktop\hitbbs\target\classes started by GS66 in C:\Users\GS66\Desktop\hitbbs)
2023-02-21 00:05:00 [restartedMain] INFO  c.y.h.HitbbsApplication - The following profiles are active: dev
2023-02-21 00:05:00 [restartedMain] INFO  o.s.b.d.r.ChangeableUrls - The Class-Path manifest attribute in C:\Users\GS66\.m2\repository\com\sun\xml\bind\jaxb-impl\2.1\jaxb-impl-2.1.jar referenced one or more files that do not exist: file:/C:/Users/GS66/.m2/repository/com/sun/xml/bind/jaxb-impl/2.1/jaxb-api.jar,file:/C:/Users/GS66/.m2/repository/com/sun/xml/bind/jaxb-impl/2.1/activation.jar,file:/C:/Users/GS66/.m2/repository/com/sun/xml/bind/jaxb-impl/2.1/jsr173_1.0_api.jar,file:/C:/Users/GS66/.m2/repository/com/sun/xml/bind/jaxb-impl/2.1/jaxb1-impl.jar
2023-02-21 00:05:00 [restartedMain] INFO  o.s.b.d.e.DevToolsPropertyDefaultsPostProcessor - Devtools property defaults active! Set 'spring.devtools.add-properties' to 'false' to disable
2023-02-21 00:05:00 [restartedMain] INFO  o.s.b.d.e.DevToolsPropertyDefaultsPostProcessor - For additional web related logging consider setting the 'logging.level.web' property to 'DEBUG'
2023-02-21 00:05:01 [restartedMain] INFO  o.s.c.s.PostProcessorRegistrationDelegate$BeanPostProcessorChecker - Bean 'siteConfig' of type [co.yiiu.hitbbs.config.SiteConfig$$EnhancerBySpringCGLIB$$b67a1b84] is not eligible for getting processed by all BeanPostProcessors (for example: not eligible for auto-proxying)
2023-02-21 00:05:01 [restartedMain] INFO  o.s.c.s.PostProcessorRegistrationDelegate$BeanPostProcessorChecker - Bean 'dataSourceHelper' of type [co.yiiu.hitbbs.config.DataSourceHelper$$EnhancerBySpringCGLIB$$8daf434e] is not eligible for getting processed by all BeanPostProcessors (for example: not eligible for auto-proxying)
2023-02-21 00:05:01 [restartedMain] INFO  o.s.c.s.PostProcessorRegistrationDelegate$BeanPostProcessorChecker - Bean 'dataSourceConfig' of type [co.yiiu.hitbbs.config.DataSourceConfig$$EnhancerBySpringCGLIB$$9da26562] is not eligible for getting processed by all BeanPostProcessors (for example: not eligible for auto-proxying)
2023-02-21 00:05:01 [restartedMain] INFO  c.z.h.HikariDataSource - HikariPool-1 - Starting...
2023-02-21 00:05:01 [restartedMain] INFO  c.z.h.HikariDataSource - HikariPool-1 - Start completed.
2023-02-21 00:05:01 [restartedMain] INFO  o.s.c.s.PostProcessorRegistrationDelegate$BeanPostProcessorChecker - Bean 'dataSource' of type [com.zaxxer.hikari.HikariDataSource] is not eligible for getting processed by all BeanPostProcessors (for example: not eligible for auto-proxying)
2023-02-21 00:05:01 [restartedMain] INFO  o.f.c.i.l.VersionPrinter - Flyway Community Edition 5.2.1 by Boxfuse
2023-02-21 00:05:01 [restartedMain] INFO  o.f.c.i.d.DatabaseFactory - Database: jdbc:mysql://localhost:3306/hitbbs (MySQL 5.5)
2023-02-21 00:05:01 [restartedMain] INFO  o.f.c.i.c.DbValidate - Successfully validated 15 migrations (execution time 00:00.032s)
2023-02-21 00:05:01 [restartedMain] INFO  o.f.c.i.c.DbMigrate - Current version of schema `hitbbs`: 1.14
2023-02-21 00:05:01 [restartedMain] INFO  o.f.c.i.c.DbMigrate - Schema `hitbbs` is up to date. No migration necessary.
2023-02-21 00:05:01 [restartedMain] INFO  o.s.c.s.PostProcessorRegistrationDelegate$BeanPostProcessorChecker - Bean 'flywayConfig' of type [co.yiiu.hitbbs.config.FlywayConfig$$EnhancerBySpringCGLIB$$fdc42439] is not eligible for getting processed by all BeanPostProcessors (for example: not eligible for auto-proxying)
2023-02-21 00:05:01 [restartedMain] INFO  o.s.c.s.PostProcessorRegistrationDelegate$BeanPostProcessorChecker - Bean 'mybatisPlusConfig' of type [co.yiiu.hitbbs.config.MybatisPlusConfig$$EnhancerBySpringCGLIB$$2e09472e] is not eligible for getting processed by all BeanPostProcessors (for example: not eligible for auto-proxying)
2023-02-21 00:05:01 [restartedMain] INFO  o.s.c.s.PostProcessorRegistrationDelegate$BeanPostProcessorChecker - Bean 'mybatisSqlSession' of type [org.apache.ibatis.session.defaults.DefaultSqlSessionFactory] is not eligible for getting processed by all BeanPostProcessors (for example: not eligible for auto-proxying)
2023-02-21 00:05:01 [restartedMain] INFO  o.s.c.s.PostProcessorRegistrationDelegate$BeanPostProcessorChecker - Bean 'mybatis-plus-com.baomidou.mybatisplus.autoconfigure.MybatisPlusProperties' of type [com.baomidou.mybatisplus.autoconfigure.MybatisPlusProperties] is not eligible for getting processed by all BeanPostProcessors (for example: not eligible for auto-proxying)
2023-02-21 00:05:01 [restartedMain] INFO  o.s.c.s.PostProcessorRegistrationDelegate$BeanPostProcessorChecker - Bean 'com.baomidou.mybatisplus.autoconfigure.MybatisPlusAutoConfiguration' of type [com.baomidou.mybatisplus.autoconfigure.MybatisPlusAutoConfiguration$$EnhancerBySpringCGLIB$$59d74862] is not eligible for getting processed by all BeanPostProcessors (for example: not eligible for auto-proxying)
2023-02-21 00:05:01 [restartedMain] INFO  o.s.c.s.PostProcessorRegistrationDelegate$BeanPostProcessorChecker - Bean 'sqlSessionTemplate' of type [org.mybatis.spring.SqlSessionTemplate] is not eligible for getting processed by all BeanPostProcessors (for example: not eligible for auto-proxying)
2023-02-21 00:05:01 [restartedMain] INFO  o.s.c.s.PostProcessorRegistrationDelegate$BeanPostProcessorChecker - Bean 'adminUserMapper' of type [org.mybatis.spring.mapper.MapperFactoryBean] is not eligible for getting processed by all BeanPostProcessors (for example: not eligible for auto-proxying)
2023-02-21 00:05:01 [restartedMain] INFO  o.s.c.s.PostProcessorRegistrationDelegate$BeanPostProcessorChecker - Bean 'adminUserMapper' of type [com.sun.proxy.$Proxy73] is not eligible for getting processed by all BeanPostProcessors (for example: not eligible for auto-proxying)
2023-02-21 00:05:01 [restartedMain] INFO  o.s.c.s.PostProcessorRegistrationDelegate$BeanPostProcessorChecker - Bean 'adminUserService' of type [co.yiiu.hitbbs.service.impl.AdminUserService] is not eligible for getting processed by all BeanPostProcessors (for example: not eligible for auto-proxying)
2023-02-21 00:05:01 [restartedMain] INFO  o.s.c.s.PostProcessorRegistrationDelegate$BeanPostProcessorChecker - Bean 'roleMapper' of type [org.mybatis.spring.mapper.MapperFactoryBean] is not eligible for getting processed by all BeanPostProcessors (for example: not eligible for auto-proxying)
2023-02-21 00:05:01 [restartedMain] INFO  o.s.c.s.PostProcessorRegistrationDelegate$BeanPostProcessorChecker - Bean 'roleMapper' of type [com.sun.proxy.$Proxy74] is not eligible for getting processed by all BeanPostProcessors (for example: not eligible for auto-proxying)
2023-02-21 00:05:01 [restartedMain] INFO  o.s.c.s.PostProcessorRegistrationDelegate$BeanPostProcessorChecker - Bean 'rolePermissionMapper' of type [org.mybatis.spring.mapper.MapperFactoryBean] is not eligible for getting processed by all BeanPostProcessors (for example: not eligible for auto-proxying)
2023-02-21 00:05:01 [restartedMain] INFO  o.s.c.s.PostProcessorRegistrationDelegate$BeanPostProcessorChecker - Bean 'rolePermissionMapper' of type [com.sun.proxy.$Proxy75] is not eligible for getting processed by all BeanPostProcessors (for example: not eligible for auto-proxying)
2023-02-21 00:05:01 [restartedMain] INFO  o.s.c.s.PostProcessorRegistrationDelegate$BeanPostProcessorChecker - Bean 'rolePermissionService' of type [co.yiiu.hitbbs.service.impl.RolePermissionService] is not eligible for getting processed by all BeanPostProcessors (for example: not eligible for auto-proxying)
2023-02-21 00:05:01 [restartedMain] INFO  o.s.c.s.PostProcessorRegistrationDelegate$BeanPostProcessorChecker - Bean 'permissionMapper' of type [org.mybatis.spring.mapper.MapperFactoryBean] is not eligible for getting processed by all BeanPostProcessors (for example: not eligible for auto-proxying)
2023-02-21 00:05:01 [restartedMain] INFO  o.s.c.s.PostProcessorRegistrationDelegate$BeanPostProcessorChecker - Bean 'permissionMapper' of type [com.sun.proxy.$Proxy76] is not eligible for getting processed by all BeanPostProcessors (for example: not eligible for auto-proxying)
2023-02-21 00:05:01 [restartedMain] INFO  o.s.c.s.PostProcessorRegistrationDelegate$BeanPostProcessorChecker - Bean 'permissionService' of type [co.yiiu.hitbbs.service.impl.PermissionService] is not eligible for getting processed by all BeanPostProcessors (for example: not eligible for auto-proxying)
2023-02-21 00:05:01 [restartedMain] INFO  o.s.c.s.PostProcessorRegistrationDelegate$BeanPostProcessorChecker - Bean 'roleService' of type [co.yiiu.hitbbs.service.impl.RoleService] is not eligible for getting processed by all BeanPostProcessors (for example: not eligible for auto-proxying)
2023-02-21 00:05:01 [restartedMain] INFO  o.s.c.s.PostProcessorRegistrationDelegate$BeanPostProcessorChecker - Bean 'myShiroRealm' of type [co.yiiu.hitbbs.config.realm.MyShiroRealm] is not eligible for getting processed by all BeanPostProcessors (for example: not eligible for auto-proxying)
2023-02-21 00:05:01 [restartedMain] INFO  o.s.c.s.PostProcessorRegistrationDelegate$BeanPostProcessorChecker - Bean 'systemConfigMapper' of type [org.mybatis.spring.mapper.MapperFactoryBean] is not eligible for getting processed by all BeanPostProcessors (for example: not eligible for auto-proxying)
2023-02-21 00:05:01 [restartedMain] INFO  o.s.c.s.PostProcessorRegistrationDelegate$BeanPostProcessorChecker - Bean 'systemConfigMapper' of type [com.sun.proxy.$Proxy78] is not eligible for getting processed by all BeanPostProcessors (for example: not eligible for auto-proxying)
2023-02-21 00:05:01 [restartedMain] INFO  o.s.c.s.PostProcessorRegistrationDelegate$BeanPostProcessorChecker - Bean 'systemConfigService' of type [co.yiiu.hitbbs.service.impl.SystemConfigService] is not eligible for getting processed by all BeanPostProcessors (for example: not eligible for auto-proxying)
2023-02-21 00:05:01 [restartedMain] INFO  o.s.c.s.PostProcessorRegistrationDelegate$BeanPostProcessorChecker - Bean 'shiroConfig' of type [co.yiiu.hitbbs.config.ShiroConfig$$EnhancerBySpringCGLIB$$4ff02a12] is not eligible for getting processed by all BeanPostProcessors (for example: not eligible for auto-proxying)
2023-02-21 00:05:02 [restartedMain] INFO  o.s.c.s.PostProcessorRegistrationDelegate$BeanPostProcessorChecker - Bean 'myCredentialsMatcher' of type [co.yiiu.hitbbs.config.realm.MyCredentialsMatcher] is not eligible for getting processed by all BeanPostProcessors (for example: not eligible for auto-proxying)
2023-02-21 00:05:02 [restartedMain] INFO  o.s.c.s.PostProcessorRegistrationDelegate$BeanPostProcessorChecker - Bean 'rememberMeCookie' of type [org.apache.shiro.web.servlet.SimpleCookie] is not eligible for getting processed by all BeanPostProcessors (for example: not eligible for auto-proxying)
2023-02-21 00:05:02 [restartedMain] INFO  o.s.c.s.PostProcessorRegistrationDelegate$BeanPostProcessorChecker - Bean 'rememberMeManager' of type [org.apache.shiro.web.mgt.CookieRememberMeManager] is not eligible for getting processed by all BeanPostProcessors (for example: not eligible for auto-proxying)
2023-02-21 00:05:02 [restartedMain] INFO  o.s.c.s.PostProcessorRegistrationDelegate$BeanPostProcessorChecker - Bean 'defaultWebSecurityManager' of type [org.apache.shiro.web.mgt.DefaultWebSecurityManager] is not eligible for getting processed by all BeanPostProcessors (for example: not eligible for auto-proxying)
2023-02-21 00:05:02 [restartedMain] INFO  c.y.h.c.ShiroConfig - 开始配置shiroFilter...
2023-02-21 00:05:02 [restartedMain] INFO  o.s.c.s.PostProcessorRegistrationDelegate$BeanPostProcessorChecker - Bean 'authorizationAttributeSourceAdvisor' of type [org.apache.shiro.spring.security.interceptor.AuthorizationAttributeSourceAdvisor] is not eligible for getting processed by all BeanPostProcessors (for example: not eligible for auto-proxying)
2023-02-21 00:05:02 [restartedMain] INFO  o.s.c.s.PostProcessorRegistrationDelegate$BeanPostProcessorChecker - Bean 'org.springframework.transaction.annotation.ProxyTransactionManagementConfiguration' of type [org.springframework.transaction.annotation.ProxyTransactionManagementConfiguration] is not eligible for getting processed by all BeanPostProcessors (for example: not eligible for auto-proxying)
2023-02-21 00:05:02 [restartedMain] INFO  io.undertow.servlet - Initializing Spring embedded WebApplicationContext
2023-02-21 00:05:02 [restartedMain] INFO  o.s.w.c.ContextLoader - Root WebApplicationContext: initialization completed in 1627 ms
2023-02-21 00:05:02 [restartedMain] INFO  o.s.w.s.v.f.FreeMarkerConfig - 开始配置freemarker全局变量...
2023-02-21 00:05:02 [restartedMain] INFO  o.s.w.s.v.f.FreeMarkerConfig - freemarker全局变量配置完成!
2023-02-21 00:05:02 [restartedMain] INFO  o.s.w.s.v.f.FreeMarkerConfig - 开始配置freemarker自定义标签...
2023-02-21 00:05:02 [restartedMain] INFO  o.s.w.s.v.f.FreeMarkerConfig - freemarker自定义标签配置完成!
2023-02-21 00:05:03 [restartedMain] INFO  o.s.b.d.a.OptionalLiveReloadServer - LiveReload server is running on port 35729
2023-02-21 00:05:03 [restartedMain] INFO  i.u.websockets.jsr - UT026003: Adding annotated server endpoint class co.yiiu.hitbbs.config.websocket.MyWebSocket for path /websocket
2023-02-21 00:05:03 [restartedMain] INFO  io.undertow - starting server: Undertow - 2.0.28.Final
2023-02-21 00:05:03 [restartedMain] INFO  org.xnio - XNIO version 3.3.8.Final
2023-02-21 00:05:03 [restartedMain] INFO  org.xnio.nio - XNIO NIO Implementation Version 3.3.8.Final
2023-02-21 00:05:03 [restartedMain] INFO  o.s.b.w.e.u.UndertowServletWebServer - Undertow started on port(s) 8080 (http) with context path ''
2023-02-21 00:05:03 [restartedMain] INFO  c.y.h.HitbbsApplication - Started HitbbsApplication in 3.015 seconds (JVM running for 3.792)
2023-02-21 00:05:09 [XNIO-1 task-1] INFO  io.undertow.servlet - Initializing Spring DispatcherServlet 'dispatcherServlet'
2023-02-21 00:05:09 [XNIO-1 task-1] INFO  o.s.w.s.DispatcherServlet - Initializing Servlet 'dispatcherServlet'
2023-02-21 00:05:09 [XNIO-1 task-1] INFO  o.s.w.s.DispatcherServlet - Completed initialization in 6 ms
2023-02-21 00:05:09 [XNIO-1 task-1] INFO  c.y.h.p.RedisService - redis配置信息不全或没有配置...
2023-02-21 00:05:09 [XNIO-1 task-2] INFO  c.y.h.p.RedisService - redis配置信息不全或没有配置...
2023-02-21 00:05:09 [XNIO-1 task-1] INFO  c.y.h.p.RedisService - redis配置信息不全或没有配置...
2023-02-21 00:05:09 [XNIO-1 task-2] INFO  c.y.h.p.RedisService - redis配置信息不全或没有配置...
2023-02-21 00:05:09 [XNIO-1 task-2] INFO  c.y.h.i.CommonInterceptor - 0:0:0:0:0:0:0:1|/static/upload/avatar/oliverchen/avatar.png|excitation=80ms
2023-02-21 00:05:09 [XNIO-1 task-1] INFO  c.y.h.p.RedisService - redis配置信息不全或没有配置...
2023-02-21 00:05:09 [XNIO-1 task-1] INFO  c.y.h.p.RedisService - redis配置信息不全或没有配置...
2023-02-21 00:05:09 [XNIO-1 task-2] INFO  c.y.h.i.CommonInterceptor - 0:0:0:0:0:0:0:1|/error|excitation=22ms
2023-02-21 00:05:09 [XNIO-1 task-1] INFO  c.y.h.i.CommonInterceptor - 0:0:0:0:0:0:0:1|/api/notification/notRead|_=1676909109268|excitation=109ms
2023-02-21 00:05:55 [SpringContextShutdownHook] INFO  c.z.h.HikariDataSource - HikariPool-1 - Shutdown initiated...
2023-02-21 00:05:55 [SpringContextShutdownHook] INFO  c.z.h.HikariDataSource - HikariPool-1 - Shutdown completed.
2023-02-21 00:05:55 [SpringContextShutdownHook] INFO  io.undertow.servlet - Destroying Spring FrameworkServlet 'dispatcherServlet'
2023-02-21 00:05:55 [SpringContextShutdownHook] INFO  io.undertow - stopping server: Undertow - 2.0.28.Final
2023-02-21 00:05:58 [restartedMain] INFO  c.y.h.HitbbsApplication - Starting HitbbsApplication on OliverChen with PID 6664 (C:\Users\GS66\Desktop\hitbbs\target\classes started by GS66 in C:\Users\GS66\Desktop\hitbbs)
2023-02-21 00:05:58 [restartedMain] INFO  c.y.h.HitbbsApplication - The following profiles are active: dev
2023-02-21 00:05:58 [restartedMain] INFO  o.s.b.d.r.ChangeableUrls - The Class-Path manifest attribute in C:\Users\GS66\.m2\repository\com\sun\xml\bind\jaxb-impl\2.1\jaxb-impl-2.1.jar referenced one or more files that do not exist: file:/C:/Users/GS66/.m2/repository/com/sun/xml/bind/jaxb-impl/2.1/jaxb-api.jar,file:/C:/Users/GS66/.m2/repository/com/sun/xml/bind/jaxb-impl/2.1/activation.jar,file:/C:/Users/GS66/.m2/repository/com/sun/xml/bind/jaxb-impl/2.1/jsr173_1.0_api.jar,file:/C:/Users/GS66/.m2/repository/com/sun/xml/bind/jaxb-impl/2.1/jaxb1-impl.jar
2023-02-21 00:05:58 [restartedMain] INFO  o.s.b.d.e.DevToolsPropertyDefaultsPostProcessor - Devtools property defaults active! Set 'spring.devtools.add-properties' to 'false' to disable
2023-02-21 00:05:58 [restartedMain] INFO  o.s.b.d.e.DevToolsPropertyDefaultsPostProcessor - For additional web related logging consider setting the 'logging.level.web' property to 'DEBUG'
2023-02-21 00:05:58 [restartedMain] INFO  o.s.c.s.PostProcessorRegistrationDelegate$BeanPostProcessorChecker - Bean 'siteConfig' of type [co.yiiu.hitbbs.config.SiteConfig$$EnhancerBySpringCGLIB$$a9c83f2a] is not eligible for getting processed by all BeanPostProcessors (for example: not eligible for auto-proxying)
2023-02-21 00:05:58 [restartedMain] INFO  o.s.c.s.PostProcessorRegistrationDelegate$BeanPostProcessorChecker - Bean 'dataSourceHelper' of type [co.yiiu.hitbbs.config.DataSourceHelper$$EnhancerBySpringCGLIB$$80fd66f4] is not eligible for getting processed by all BeanPostProcessors (for example: not eligible for auto-proxying)
2023-02-21 00:05:58 [restartedMain] INFO  o.s.c.s.PostProcessorRegistrationDelegate$BeanPostProcessorChecker - Bean 'dataSourceConfig' of type [co.yiiu.hitbbs.config.DataSourceConfig$$EnhancerBySpringCGLIB$$90f08908] is not eligible for getting processed by all BeanPostProcessors (for example: not eligible for auto-proxying)
2023-02-21 00:05:58 [restartedMain] INFO  c.z.h.HikariDataSource - HikariPool-1 - Starting...
2023-02-21 00:05:58 [restartedMain] INFO  c.z.h.HikariDataSource - HikariPool-1 - Start completed.
2023-02-21 00:05:58 [restartedMain] INFO  o.s.c.s.PostProcessorRegistrationDelegate$BeanPostProcessorChecker - Bean 'dataSource' of type [com.zaxxer.hikari.HikariDataSource] is not eligible for getting processed by all BeanPostProcessors (for example: not eligible for auto-proxying)
2023-02-21 00:05:58 [restartedMain] INFO  o.f.c.i.l.VersionPrinter - Flyway Community Edition 5.2.1 by Boxfuse
2023-02-21 00:05:58 [restartedMain] INFO  o.f.c.i.d.DatabaseFactory - Database: jdbc:mysql://localhost:3306/hitbbs (MySQL 5.5)
2023-02-21 00:05:58 [restartedMain] INFO  o.f.c.i.c.DbValidate - Successfully validated 15 migrations (execution time 00:00.029s)
2023-02-21 00:05:58 [restartedMain] INFO  o.f.c.i.c.DbMigrate - Current version of schema `hitbbs`: 1.14
2023-02-21 00:05:58 [restartedMain] INFO  o.f.c.i.c.DbMigrate - Schema `hitbbs` is up to date. No migration necessary.
2023-02-21 00:05:58 [restartedMain] INFO  o.s.c.s.PostProcessorRegistrationDelegate$BeanPostProcessorChecker - Bean 'flywayConfig' of type [co.yiiu.hitbbs.config.FlywayConfig$$EnhancerBySpringCGLIB$$f11247df] is not eligible for getting processed by all BeanPostProcessors (for example: not eligible for auto-proxying)
2023-02-21 00:05:58 [restartedMain] INFO  o.s.c.s.PostProcessorRegistrationDelegate$BeanPostProcessorChecker - Bean 'mybatisPlusConfig' of type [co.yiiu.hitbbs.config.MybatisPlusConfig$$EnhancerBySpringCGLIB$$21576ad4] is not eligible for getting processed by all BeanPostProcessors (for example: not eligible for auto-proxying)
2023-02-21 00:05:59 [restartedMain] INFO  o.s.c.s.PostProcessorRegistrationDelegate$BeanPostProcessorChecker - Bean 'mybatisSqlSession' of type [org.apache.ibatis.session.defaults.DefaultSqlSessionFactory] is not eligible for getting processed by all BeanPostProcessors (for example: not eligible for auto-proxying)
2023-02-21 00:05:59 [restartedMain] INFO  o.s.c.s.PostProcessorRegistrationDelegate$BeanPostProcessorChecker - Bean 'mybatis-plus-com.baomidou.mybatisplus.autoconfigure.MybatisPlusProperties' of type [com.baomidou.mybatisplus.autoconfigure.MybatisPlusProperties] is not eligible for getting processed by all BeanPostProcessors (for example: not eligible for auto-proxying)
2023-02-21 00:05:59 [restartedMain] INFO  o.s.c.s.PostProcessorRegistrationDelegate$BeanPostProcessorChecker - Bean 'com.baomidou.mybatisplus.autoconfigure.MybatisPlusAutoConfiguration' of type [com.baomidou.mybatisplus.autoconfigure.MybatisPlusAutoConfiguration$$EnhancerBySpringCGLIB$$4d256c08] is not eligible for getting processed by all BeanPostProcessors (for example: not eligible for auto-proxying)
2023-02-21 00:05:59 [restartedMain] INFO  o.s.c.s.PostProcessorRegistrationDelegate$BeanPostProcessorChecker - Bean 'sqlSessionTemplate' of type [org.mybatis.spring.SqlSessionTemplate] is not eligible for getting processed by all BeanPostProcessors (for example: not eligible for auto-proxying)
2023-02-21 00:05:59 [restartedMain] INFO  o.s.c.s.PostProcessorRegistrationDelegate$BeanPostProcessorChecker - Bean 'adminUserMapper' of type [org.mybatis.spring.mapper.MapperFactoryBean] is not eligible for getting processed by all BeanPostProcessors (for example: not eligible for auto-proxying)
2023-02-21 00:05:59 [restartedMain] INFO  o.s.c.s.PostProcessorRegistrationDelegate$BeanPostProcessorChecker - Bean 'adminUserMapper' of type [com.sun.proxy.$Proxy73] is not eligible for getting processed by all BeanPostProcessors (for example: not eligible for auto-proxying)
2023-02-21 00:05:59 [restartedMain] INFO  o.s.c.s.PostProcessorRegistrationDelegate$BeanPostProcessorChecker - Bean 'adminUserService' of type [co.yiiu.hitbbs.service.impl.AdminUserService] is not eligible for getting processed by all BeanPostProcessors (for example: not eligible for auto-proxying)
2023-02-21 00:05:59 [restartedMain] INFO  o.s.c.s.PostProcessorRegistrationDelegate$BeanPostProcessorChecker - Bean 'roleMapper' of type [org.mybatis.spring.mapper.MapperFactoryBean] is not eligible for getting processed by all BeanPostProcessors (for example: not eligible for auto-proxying)
2023-02-21 00:05:59 [restartedMain] INFO  o.s.c.s.PostProcessorRegistrationDelegate$BeanPostProcessorChecker - Bean 'roleMapper' of type [com.sun.proxy.$Proxy74] is not eligible for getting processed by all BeanPostProcessors (for example: not eligible for auto-proxying)
2023-02-21 00:05:59 [restartedMain] INFO  o.s.c.s.PostProcessorRegistrationDelegate$BeanPostProcessorChecker - Bean 'rolePermissionMapper' of type [org.mybatis.spring.mapper.MapperFactoryBean] is not eligible for getting processed by all BeanPostProcessors (for example: not eligible for auto-proxying)
2023-02-21 00:05:59 [restartedMain] INFO  o.s.c.s.PostProcessorRegistrationDelegate$BeanPostProcessorChecker - Bean 'rolePermissionMapper' of type [com.sun.proxy.$Proxy75] is not eligible for getting processed by all BeanPostProcessors (for example: not eligible for auto-proxying)
2023-02-21 00:05:59 [restartedMain] INFO  o.s.c.s.PostProcessorRegistrationDelegate$BeanPostProcessorChecker - Bean 'rolePermissionService' of type [co.yiiu.hitbbs.service.impl.RolePermissionService] is not eligible for getting processed by all BeanPostProcessors (for example: not eligible for auto-proxying)
2023-02-21 00:05:59 [restartedMain] INFO  o.s.c.s.PostProcessorRegistrationDelegate$BeanPostProcessorChecker - Bean 'permissionMapper' of type [org.mybatis.spring.mapper.MapperFactoryBean] is not eligible for getting processed by all BeanPostProcessors (for example: not eligible for auto-proxying)
2023-02-21 00:05:59 [restartedMain] INFO  o.s.c.s.PostProcessorRegistrationDelegate$BeanPostProcessorChecker - Bean 'permissionMapper' of type [com.sun.proxy.$Proxy76] is not eligible for getting processed by all BeanPostProcessors (for example: not eligible for auto-proxying)
2023-02-21 00:05:59 [restartedMain] INFO  o.s.c.s.PostProcessorRegistrationDelegate$BeanPostProcessorChecker - Bean 'permissionService' of type [co.yiiu.hitbbs.service.impl.PermissionService] is not eligible for getting processed by all BeanPostProcessors (for example: not eligible for auto-proxying)
2023-02-21 00:05:59 [restartedMain] INFO  o.s.c.s.PostProcessorRegistrationDelegate$BeanPostProcessorChecker - Bean 'roleService' of type [co.yiiu.hitbbs.service.impl.RoleService] is not eligible for getting processed by all BeanPostProcessors (for example: not eligible for auto-proxying)
2023-02-21 00:05:59 [restartedMain] INFO  o.s.c.s.PostProcessorRegistrationDelegate$BeanPostProcessorChecker - Bean 'myShiroRealm' of type [co.yiiu.hitbbs.config.realm.MyShiroRealm] is not eligible for getting processed by all BeanPostProcessors (for example: not eligible for auto-proxying)
2023-02-21 00:05:59 [restartedMain] INFO  o.s.c.s.PostProcessorRegistrationDelegate$BeanPostProcessorChecker - Bean 'systemConfigMapper' of type [org.mybatis.spring.mapper.MapperFactoryBean] is not eligible for getting processed by all BeanPostProcessors (for example: not eligible for auto-proxying)
2023-02-21 00:05:59 [restartedMain] INFO  o.s.c.s.PostProcessorRegistrationDelegate$BeanPostProcessorChecker - Bean 'systemConfigMapper' of type [com.sun.proxy.$Proxy78] is not eligible for getting processed by all BeanPostProcessors (for example: not eligible for auto-proxying)
2023-02-21 00:05:59 [restartedMain] INFO  o.s.c.s.PostProcessorRegistrationDelegate$BeanPostProcessorChecker - Bean 'systemConfigService' of type [co.yiiu.hitbbs.service.impl.SystemConfigService] is not eligible for getting processed by all BeanPostProcessors (for example: not eligible for auto-proxying)
2023-02-21 00:05:59 [restartedMain] INFO  o.s.c.s.PostProcessorRegistrationDelegate$BeanPostProcessorChecker - Bean 'shiroConfig' of type [co.yiiu.hitbbs.config.ShiroConfig$$EnhancerBySpringCGLIB$$433e4db8] is not eligible for getting processed by all BeanPostProcessors (for example: not eligible for auto-proxying)
2023-02-21 00:05:59 [restartedMain] INFO  o.s.c.s.PostProcessorRegistrationDelegate$BeanPostProcessorChecker - Bean 'myCredentialsMatcher' of type [co.yiiu.hitbbs.config.realm.MyCredentialsMatcher] is not eligible for getting processed by all BeanPostProcessors (for example: not eligible for auto-proxying)
2023-02-21 00:05:59 [restartedMain] INFO  o.s.c.s.PostProcessorRegistrationDelegate$BeanPostProcessorChecker - Bean 'rememberMeCookie' of type [org.apache.shiro.web.servlet.SimpleCookie] is not eligible for getting processed by all BeanPostProcessors (for example: not eligible for auto-proxying)
2023-02-21 00:05:59 [restartedMain] INFO  o.s.c.s.PostProcessorRegistrationDelegate$BeanPostProcessorChecker - Bean 'rememberMeManager' of type [org.apache.shiro.web.mgt.CookieRememberMeManager] is not eligible for getting processed by all BeanPostProcessors (for example: not eligible for auto-proxying)
2023-02-21 00:05:59 [restartedMain] INFO  o.s.c.s.PostProcessorRegistrationDelegate$BeanPostProcessorChecker - Bean 'defaultWebSecurityManager' of type [org.apache.shiro.web.mgt.DefaultWebSecurityManager] is not eligible for getting processed by all BeanPostProcessors (for example: not eligible for auto-proxying)
2023-02-21 00:05:59 [restartedMain] INFO  c.y.h.c.ShiroConfig - 开始配置shiroFilter...
2023-02-21 00:05:59 [restartedMain] INFO  o.s.c.s.PostProcessorRegistrationDelegate$BeanPostProcessorChecker - Bean 'authorizationAttributeSourceAdvisor' of type [org.apache.shiro.spring.security.interceptor.AuthorizationAttributeSourceAdvisor] is not eligible for getting processed by all BeanPostProcessors (for example: not eligible for auto-proxying)
2023-02-21 00:05:59 [restartedMain] INFO  o.s.c.s.PostProcessorRegistrationDelegate$BeanPostProcessorChecker - Bean 'org.springframework.transaction.annotation.ProxyTransactionManagementConfiguration' of type [org.springframework.transaction.annotation.ProxyTransactionManagementConfiguration] is not eligible for getting processed by all BeanPostProcessors (for example: not eligible for auto-proxying)
2023-02-21 00:05:59 [restartedMain] INFO  io.undertow.servlet - Initializing Spring embedded WebApplicationContext
2023-02-21 00:05:59 [restartedMain] INFO  o.s.w.c.ContextLoader - Root WebApplicationContext: initialization completed in 1628 ms
2023-02-21 00:06:00 [restartedMain] INFO  o.s.w.s.v.f.FreeMarkerConfig - 开始配置freemarker全局变量...
2023-02-21 00:06:00 [restartedMain] INFO  o.s.w.s.v.f.FreeMarkerConfig - freemarker全局变量配置完成!
2023-02-21 00:06:00 [restartedMain] INFO  o.s.w.s.v.f.FreeMarkerConfig - 开始配置freemarker自定义标签...
2023-02-21 00:06:00 [restartedMain] INFO  o.s.w.s.v.f.FreeMarkerConfig - freemarker自定义标签配置完成!
2023-02-21 00:06:00 [restartedMain] INFO  o.s.b.d.a.OptionalLiveReloadServer - LiveReload server is running on port 35729
2023-02-21 00:06:00 [restartedMain] INFO  i.u.websockets.jsr - UT026003: Adding annotated server endpoint class co.yiiu.hitbbs.config.websocket.MyWebSocket for path /websocket
2023-02-21 00:06:00 [restartedMain] INFO  io.undertow - starting server: Undertow - 2.0.28.Final
2023-02-21 00:06:00 [restartedMain] INFO  org.xnio - XNIO version 3.3.8.Final
2023-02-21 00:06:00 [restartedMain] INFO  org.xnio.nio - XNIO NIO Implementation Version 3.3.8.Final
2023-02-21 00:06:00 [restartedMain] INFO  o.s.b.w.e.u.UndertowServletWebServer - Undertow started on port(s) 8080 (http) with context path ''
2023-02-21 00:06:00 [restartedMain] INFO  c.y.h.HitbbsApplication - Started HitbbsApplication in 3.061 seconds (JVM running for 3.75)
2023-02-21 00:06:07 [XNIO-1 task-2] INFO  io.undertow.servlet - Initializing Spring DispatcherServlet 'dispatcherServlet'
2023-02-21 00:06:07 [XNIO-1 task-2] INFO  o.s.w.s.DispatcherServlet - Initializing Servlet 'dispatcherServlet'
2023-02-21 00:06:07 [XNIO-1 task-2] INFO  o.s.w.s.DispatcherServlet - Completed initialization in 5 ms
2023-02-21 00:06:07 [XNIO-1 task-1] INFO  c.y.h.p.RedisService - redis配置信息不全或没有配置...
2023-02-21 00:06:07 [XNIO-1 task-2] INFO  c.y.h.p.RedisService - redis配置信息不全或没有配置...
2023-02-21 00:06:07 [XNIO-1 task-1] INFO  c.y.h.p.RedisService - redis配置信息不全或没有配置...
2023-02-21 00:06:07 [XNIO-1 task-2] INFO  c.y.h.p.RedisService - redis配置信息不全或没有配置...
2023-02-21 00:06:07 [XNIO-1 task-2] INFO  c.y.h.i.CommonInterceptor - 0:0:0:0:0:0:0:1|/static/upload/avatar/oliverchen/avatar.png|excitation=90ms
2023-02-21 00:06:07 [XNIO-1 task-1] INFO  c.y.h.p.RedisService - redis配置信息不全或没有配置...
2023-02-21 00:06:07 [XNIO-1 task-1] INFO  c.y.h.p.RedisService - redis配置信息不全或没有配置...
2023-02-21 00:06:07 [XNIO-1 task-2] INFO  c.y.h.i.CommonInterceptor - 0:0:0:0:0:0:0:1|/error|excitation=21ms
2023-02-21 00:06:07 [XNIO-1 task-1] INFO  c.y.h.i.CommonInterceptor - 0:0:0:0:0:0:0:1|/api/notification/notRead|_=1676909167305|excitation=118ms
2023-02-21 00:06:15 [XNIO-1 task-3] INFO  c.y.h.i.CommonInterceptor - 0:0:0:0:0:0:0:1|/|excitation=143ms
2023-02-21 00:06:15 [XNIO-1 task-4] INFO  c.y.h.i.CommonInterceptor - 0:0:0:0:0:0:0:1|/static/upload/avatar/oliverchen/avatar.png|excitation=1ms
2023-02-21 00:06:15 [XNIO-1 task-4] INFO  c.y.h.i.CommonInterceptor - 0:0:0:0:0:0:0:1|/error|excitation=1ms
2023-02-21 00:06:15 [XNIO-1 task-5] INFO  c.y.h.p.RedisService - redis配置信息不全或没有配置...
2023-02-21 00:06:15 [XNIO-1 task-5] INFO  c.y.h.p.RedisService - redis配置信息不全或没有配置...
2023-02-21 00:06:15 [XNIO-1 task-5] INFO  c.y.h.i.CommonInterceptor - 0:0:0:0:0:0:0:1|/api/notification/notRead|_=1676909175943|excitation=9ms
2023-02-21 00:06:16 [XNIO-1 task-6] INFO  c.y.h.i.CommonInterceptor - 0:0:0:0:0:0:0:1|/|excitation=11ms
2023-02-21 00:06:16 [XNIO-1 task-7] INFO  c.y.h.i.CommonInterceptor - 0:0:0:0:0:0:0:1|/static/upload/avatar/oliverchen/avatar.png|excitation=0ms
2023-02-21 00:06:16 [XNIO-1 task-7] INFO  c.y.h.i.CommonInterceptor - 0:0:0:0:0:0:0:1|/error|excitation=0ms
2023-02-21 00:06:16 [XNIO-1 task-8] INFO  c.y.h.p.RedisService - redis配置信息不全或没有配置...
2023-02-21 00:06:16 [XNIO-1 task-8] INFO  c.y.h.p.RedisService - redis配置信息不全或没有配置...
2023-02-21 00:06:16 [XNIO-1 task-8] INFO  c.y.h.i.CommonInterceptor - 0:0:0:0:0:0:0:1|/api/notification/notRead|_=1676909176829|excitation=8ms
2023-02-21 00:06:41 [SpringContextShutdownHook] INFO  c.z.h.HikariDataSource - HikariPool-1 - Shutdown initiated...
2023-02-21 00:06:41 [SpringContextShutdownHook] INFO  c.z.h.HikariDataSource - HikariPool-1 - Shutdown completed.
2023-02-21 00:06:41 [SpringContextShutdownHook] INFO  io.undertow.servlet - Destroying Spring FrameworkServlet 'dispatcherServlet'
2023-02-21 00:06:41 [SpringContextShutdownHook] INFO  io.undertow - stopping server: Undertow - 2.0.28.Final
2023-04-03 22:34:08 [restartedMain] INFO  c.y.h.HitbbsApplication - Starting HitbbsApplication on OliverChen with PID 24872 (C:\Users\GS66\Desktop\hitbbs1.0\target\classes started by GS66 in C:\Users\GS66\Desktop\hitbbs1.0)
2023-04-03 22:34:08 [restartedMain] INFO  c.y.h.HitbbsApplication - The following profiles are active: dev
2023-04-03 22:34:08 [restartedMain] INFO  o.s.b.d.r.ChangeableUrls - The Class-Path manifest attribute in C:\Users\GS66\.m2\repository\com\sun\xml\bind\jaxb-impl\2.1\jaxb-impl-2.1.jar referenced one or more files that do not exist: file:/C:/Users/GS66/.m2/repository/com/sun/xml/bind/jaxb-impl/2.1/jaxb-api.jar,file:/C:/Users/GS66/.m2/repository/com/sun/xml/bind/jaxb-impl/2.1/activation.jar,file:/C:/Users/GS66/.m2/repository/com/sun/xml/bind/jaxb-impl/2.1/jsr173_1.0_api.jar,file:/C:/Users/GS66/.m2/repository/com/sun/xml/bind/jaxb-impl/2.1/jaxb1-impl.jar
2023-04-03 22:34:08 [restartedMain] INFO  o.s.b.d.e.DevToolsPropertyDefaultsPostProcessor - Devtools property defaults active! Set 'spring.devtools.add-properties' to 'false' to disable
2023-04-03 22:34:08 [restartedMain] INFO  o.s.b.d.e.DevToolsPropertyDefaultsPostProcessor - For additional web related logging consider setting the 'logging.level.web' property to 'DEBUG'
2023-04-03 22:34:09 [restartedMain] INFO  o.s.c.s.PostProcessorRegistrationDelegate$BeanPostProcessorChecker - Bean 'siteConfig' of type [co.yiiu.hitbbs.config.SiteConfig$$EnhancerBySpringCGLIB$$23781323] is not eligible for getting processed by all BeanPostProcessors (for example: not eligible for auto-proxying)
2023-04-03 22:34:09 [restartedMain] INFO  o.s.c.s.PostProcessorRegistrationDelegate$BeanPostProcessorChecker - Bean 'dataSourceHelper' of type [co.yiiu.hitbbs.config.DataSourceHelper$$EnhancerBySpringCGLIB$$faad3aed] is not eligible for getting processed by all BeanPostProcessors (for example: not eligible for auto-proxying)
2023-04-03 22:34:09 [restartedMain] INFO  o.s.c.s.PostProcessorRegistrationDelegate$BeanPostProcessorChecker - Bean 'dataSourceConfig' of type [co.yiiu.hitbbs.config.DataSourceConfig$$EnhancerBySpringCGLIB$$aa05d01] is not eligible for getting processed by all BeanPostProcessors (for example: not eligible for auto-proxying)
2023-04-03 22:34:09 [restartedMain] INFO  c.z.h.HikariDataSource - HikariPool-1 - Starting...
2023-04-03 22:34:09 [restartedMain] INFO  c.z.h.HikariDataSource - HikariPool-1 - Start completed.
2023-04-03 22:34:09 [restartedMain] INFO  o.s.c.s.PostProcessorRegistrationDelegate$BeanPostProcessorChecker - Bean 'dataSource' of type [com.zaxxer.hikari.HikariDataSource] is not eligible for getting processed by all BeanPostProcessors (for example: not eligible for auto-proxying)
2023-04-03 22:34:09 [restartedMain] INFO  o.f.c.i.l.VersionPrinter - Flyway Community Edition 5.2.1 by Boxfuse
2023-04-03 22:34:09 [restartedMain] INFO  o.f.c.i.d.DatabaseFactory - Database: jdbc:mysql://localhost:3306/hitbbs (MySQL 5.5)
2023-04-03 22:34:09 [restartedMain] INFO  o.f.c.i.c.DbValidate - Successfully validated 16 migrations (execution time 00:00.043s)
2023-04-03 22:34:09 [restartedMain] INFO  o.f.c.i.c.DbMigrate - Current version of schema `hitbbs`: 1.14
2023-04-03 22:34:09 [restartedMain] INFO  o.f.c.i.c.DbMigrate - Migrating schema `hitbbs` to version 1.16 - add column content style
2023-04-03 22:34:09 [restartedMain] INFO  o.f.c.i.c.DbMigrate - Successfully applied 1 migration to schema `hitbbs` (execution time 00:00.055s)
2023-04-03 22:34:09 [restartedMain] INFO  o.s.c.s.PostProcessorRegistrationDelegate$BeanPostProcessorChecker - Bean 'flywayConfig' of type [co.yiiu.hitbbs.config.FlywayConfig$$EnhancerBySpringCGLIB$$6ac21bd8] is not eligible for getting processed by all BeanPostProcessors (for example: not eligible for auto-proxying)
2023-04-03 22:34:09 [restartedMain] INFO  o.s.c.s.PostProcessorRegistrationDelegate$BeanPostProcessorChecker - Bean 'mybatisPlusConfig' of type [co.yiiu.hitbbs.config.MybatisPlusConfig$$EnhancerBySpringCGLIB$$9b073ecd] is not eligible for getting processed by all BeanPostProcessors (for example: not eligible for auto-proxying)
2023-04-03 22:34:09 [restartedMain] INFO  o.s.c.s.PostProcessorRegistrationDelegate$BeanPostProcessorChecker - Bean 'mybatisSqlSession' of type [org.apache.ibatis.session.defaults.DefaultSqlSessionFactory] is not eligible for getting processed by all BeanPostProcessors (for example: not eligible for auto-proxying)
2023-04-03 22:34:09 [restartedMain] INFO  o.s.c.s.PostProcessorRegistrationDelegate$BeanPostProcessorChecker - Bean 'mybatis-plus-com.baomidou.mybatisplus.autoconfigure.MybatisPlusProperties' of type [com.baomidou.mybatisplus.autoconfigure.MybatisPlusProperties] is not eligible for getting processed by all BeanPostProcessors (for example: not eligible for auto-proxying)
2023-04-03 22:34:09 [restartedMain] INFO  o.s.c.s.PostProcessorRegistrationDelegate$BeanPostProcessorChecker - Bean 'com.baomidou.mybatisplus.autoconfigure.MybatisPlusAutoConfiguration' of type [com.baomidou.mybatisplus.autoconfigure.MybatisPlusAutoConfiguration$$EnhancerBySpringCGLIB$$c6d54001] is not eligible for getting processed by all BeanPostProcessors (for example: not eligible for auto-proxying)
2023-04-03 22:34:09 [restartedMain] INFO  o.s.c.s.PostProcessorRegistrationDelegate$BeanPostProcessorChecker - Bean 'sqlSessionTemplate' of type [org.mybatis.spring.SqlSessionTemplate] is not eligible for getting processed by all BeanPostProcessors (for example: not eligible for auto-proxying)
2023-04-03 22:34:09 [restartedMain] INFO  o.s.c.s.PostProcessorRegistrationDelegate$BeanPostProcessorChecker - Bean 'adminUserMapper' of type [org.mybatis.spring.mapper.MapperFactoryBean] is not eligible for getting processed by all BeanPostProcessors (for example: not eligible for auto-proxying)
2023-04-03 22:34:09 [restartedMain] INFO  o.s.c.s.PostProcessorRegistrationDelegate$BeanPostProcessorChecker - Bean 'adminUserMapper' of type [com.sun.proxy.$Proxy73] is not eligible for getting processed by all BeanPostProcessors (for example: not eligible for auto-proxying)
2023-04-03 22:34:09 [restartedMain] INFO  o.s.c.s.PostProcessorRegistrationDelegate$BeanPostProcessorChecker - Bean 'adminUserService' of type [co.yiiu.hitbbs.service.impl.AdminUserService] is not eligible for getting processed by all BeanPostProcessors (for example: not eligible for auto-proxying)
2023-04-03 22:34:09 [restartedMain] INFO  o.s.c.s.PostProcessorRegistrationDelegate$BeanPostProcessorChecker - Bean 'roleMapper' of type [org.mybatis.spring.mapper.MapperFactoryBean] is not eligible for getting processed by all BeanPostProcessors (for example: not eligible for auto-proxying)
2023-04-03 22:34:09 [restartedMain] INFO  o.s.c.s.PostProcessorRegistrationDelegate$BeanPostProcessorChecker - Bean 'roleMapper' of type [com.sun.proxy.$Proxy74] is not eligible for getting processed by all BeanPostProcessors (for example: not eligible for auto-proxying)
2023-04-03 22:34:09 [restartedMain] INFO  o.s.c.s.PostProcessorRegistrationDelegate$BeanPostProcessorChecker - Bean 'rolePermissionMapper' of type [org.mybatis.spring.mapper.MapperFactoryBean] is not eligible for getting processed by all BeanPostProcessors (for example: not eligible for auto-proxying)
2023-04-03 22:34:09 [restartedMain] INFO  o.s.c.s.PostProcessorRegistrationDelegate$BeanPostProcessorChecker - Bean 'rolePermissionMapper' of type [com.sun.proxy.$Proxy75] is not eligible for getting processed by all BeanPostProcessors (for example: not eligible for auto-proxying)
2023-04-03 22:34:09 [restartedMain] INFO  o.s.c.s.PostProcessorRegistrationDelegate$BeanPostProcessorChecker - Bean 'rolePermissionService' of type [co.yiiu.hitbbs.service.impl.RolePermissionService] is not eligible for getting processed by all BeanPostProcessors (for example: not eligible for auto-proxying)
2023-04-03 22:34:09 [restartedMain] INFO  o.s.c.s.PostProcessorRegistrationDelegate$BeanPostProcessorChecker - Bean 'permissionMapper' of type [org.mybatis.spring.mapper.MapperFactoryBean] is not eligible for getting processed by all BeanPostProcessors (for example: not eligible for auto-proxying)
2023-04-03 22:34:09 [restartedMain] INFO  o.s.c.s.PostProcessorRegistrationDelegate$BeanPostProcessorChecker - Bean 'permissionMapper' of type [com.sun.proxy.$Proxy76] is not eligible for getting processed by all BeanPostProcessors (for example: not eligible for auto-proxying)
2023-04-03 22:34:09 [restartedMain] INFO  o.s.c.s.PostProcessorRegistrationDelegate$BeanPostProcessorChecker - Bean 'permissionService' of type [co.yiiu.hitbbs.service.impl.PermissionService] is not eligible for getting processed by all BeanPostProcessors (for example: not eligible for auto-proxying)
2023-04-03 22:34:09 [restartedMain] INFO  o.s.c.s.PostProcessorRegistrationDelegate$BeanPostProcessorChecker - Bean 'roleService' of type [co.yiiu.hitbbs.service.impl.RoleService] is not eligible for getting processed by all BeanPostProcessors (for example: not eligible for auto-proxying)
2023-04-03 22:34:09 [restartedMain] INFO  o.s.c.s.PostProcessorRegistrationDelegate$BeanPostProcessorChecker - Bean 'myShiroRealm' of type [co.yiiu.hitbbs.config.realm.MyShiroRealm] is not eligible for getting processed by all BeanPostProcessors (for example: not eligible for auto-proxying)
2023-04-03 22:34:09 [restartedMain] INFO  o.s.c.s.PostProcessorRegistrationDelegate$BeanPostProcessorChecker - Bean 'systemConfigMapper' of type [org.mybatis.spring.mapper.MapperFactoryBean] is not eligible for getting processed by all BeanPostProcessors (for example: not eligible for auto-proxying)
2023-04-03 22:34:09 [restartedMain] INFO  o.s.c.s.PostProcessorRegistrationDelegate$BeanPostProcessorChecker - Bean 'systemConfigMapper' of type [com.sun.proxy.$Proxy78] is not eligible for getting processed by all BeanPostProcessors (for example: not eligible for auto-proxying)
2023-04-03 22:34:09 [restartedMain] INFO  o.s.c.s.PostProcessorRegistrationDelegate$BeanPostProcessorChecker - Bean 'systemConfigService' of type [co.yiiu.hitbbs.service.impl.SystemConfigService] is not eligible for getting processed by all BeanPostProcessors (for example: not eligible for auto-proxying)
2023-04-03 22:34:09 [restartedMain] INFO  o.s.c.s.PostProcessorRegistrationDelegate$BeanPostProcessorChecker - Bean 'shiroConfig' of type [co.yiiu.hitbbs.config.ShiroConfig$$EnhancerBySpringCGLIB$$bcee21b1] is not eligible for getting processed by all BeanPostProcessors (for example: not eligible for auto-proxying)
2023-04-03 22:34:09 [restartedMain] INFO  o.s.c.s.PostProcessorRegistrationDelegate$BeanPostProcessorChecker - Bean 'myCredentialsMatcher' of type [co.yiiu.hitbbs.config.realm.MyCredentialsMatcher] is not eligible for getting processed by all BeanPostProcessors (for example: not eligible for auto-proxying)
2023-04-03 22:34:09 [restartedMain] INFO  o.s.c.s.PostProcessorRegistrationDelegate$BeanPostProcessorChecker - Bean 'rememberMeCookie' of type [org.apache.shiro.web.servlet.SimpleCookie] is not eligible for getting processed by all BeanPostProcessors (for example: not eligible for auto-proxying)
2023-04-03 22:34:09 [restartedMain] INFO  o.s.c.s.PostProcessorRegistrationDelegate$BeanPostProcessorChecker - Bean 'rememberMeManager' of type [org.apache.shiro.web.mgt.CookieRememberMeManager] is not eligible for getting processed by all BeanPostProcessors (for example: not eligible for auto-proxying)
2023-04-03 22:34:09 [restartedMain] INFO  o.s.c.s.PostProcessorRegistrationDelegate$BeanPostProcessorChecker - Bean 'defaultWebSecurityManager' of type [org.apache.shiro.web.mgt.DefaultWebSecurityManager] is not eligible for getting processed by all BeanPostProcessors (for example: not eligible for auto-proxying)
2023-04-03 22:34:09 [restartedMain] INFO  c.y.h.c.ShiroConfig - 开始配置shiroFilter...
2023-04-03 22:34:09 [restartedMain] INFO  o.s.c.s.PostProcessorRegistrationDelegate$BeanPostProcessorChecker - Bean 'authorizationAttributeSourceAdvisor' of type [org.apache.shiro.spring.security.interceptor.AuthorizationAttributeSourceAdvisor] is not eligible for getting processed by all BeanPostProcessors (for example: not eligible for auto-proxying)
2023-04-03 22:34:09 [restartedMain] INFO  o.s.c.s.PostProcessorRegistrationDelegate$BeanPostProcessorChecker - Bean 'org.springframework.transaction.annotation.ProxyTransactionManagementConfiguration' of type [org.springframework.transaction.annotation.ProxyTransactionManagementConfiguration] is not eligible for getting processed by all BeanPostProcessors (for example: not eligible for auto-proxying)
2023-04-03 22:34:10 [restartedMain] INFO  io.undertow.servlet - Initializing Spring embedded WebApplicationContext
2023-04-03 22:34:10 [restartedMain] INFO  o.s.w.c.ContextLoader - Root WebApplicationContext: initialization completed in 1739 ms
2023-04-03 22:34:10 [restartedMain] INFO  o.s.w.s.v.f.FreeMarkerConfig - 开始配置freemarker全局变量...
2023-04-03 22:34:10 [restartedMain] INFO  o.s.w.s.v.f.FreeMarkerConfig - freemarker全局变量配置完成!
2023-04-03 22:34:10 [restartedMain] INFO  o.s.w.s.v.f.FreeMarkerConfig - 开始配置freemarker自定义标签...
2023-04-03 22:34:10 [restartedMain] INFO  o.s.w.s.v.f.FreeMarkerConfig - freemarker自定义标签配置完成!
2023-04-03 22:34:11 [restartedMain] INFO  o.s.b.d.a.OptionalLiveReloadServer - LiveReload server is running on port 35729
2023-04-03 22:34:11 [restartedMain] INFO  i.u.websockets.jsr - UT026003: Adding annotated server endpoint class co.yiiu.hitbbs.config.websocket.MyWebSocket for path /websocket
2023-04-03 22:34:11 [restartedMain] INFO  io.undertow - starting server: Undertow - 2.0.28.Final
2023-04-03 22:34:11 [restartedMain] INFO  org.xnio - XNIO version 3.3.8.Final
2023-04-03 22:34:11 [restartedMain] INFO  org.xnio.nio - XNIO NIO Implementation Version 3.3.8.Final
2023-04-03 22:34:11 [restartedMain] INFO  o.s.b.w.e.u.UndertowServletWebServer - Undertow started on port(s) 8080 (http) with context path ''
2023-04-03 22:34:11 [restartedMain] INFO  c.y.h.HitbbsApplication - Started HitbbsApplication in 3.219 seconds (JVM running for 3.903)
2023-04-03 22:34:26 [XNIO-1 task-1] INFO  io.undertow.servlet - Initializing Spring DispatcherServlet 'dispatcherServlet'
2023-04-03 22:34:26 [XNIO-1 task-1] INFO  o.s.w.s.DispatcherServlet - Initializing Servlet 'dispatcherServlet'
2023-04-03 22:34:26 [XNIO-1 task-1] INFO  o.s.w.s.DispatcherServlet - Completed initialization in 6 ms
2023-04-03 22:34:26 [XNIO-1 task-1] INFO  c.y.h.i.CommonInterceptor - 0:0:0:0:0:0:0:1|/|excitation=218ms
2023-04-03 22:34:27 [XNIO-1 task-2] INFO  c.y.h.i.CommonInterceptor - 0:0:0:0:0:0:0:1|/static/theme/default/css/app.css|excitation=7ms
2023-04-03 22:34:27 [XNIO-1 task-3] INFO  c.y.h.i.CommonInterceptor - 0:0:0:0:0:0:0:1|/static/theme/default/libs/layer/layer.js|excitation=2ms
2023-04-03 22:34:27 [XNIO-1 task-4] INFO  c.y.h.i.CommonInterceptor - 0:0:0:0:0:0:0:1|/static/theme/default/js/app.js|excitation=1ms
2023-04-03 22:34:28 [XNIO-1 task-5] INFO  c.y.h.i.CommonInterceptor - 0:0:0:0:0:0:0:1|/adminlogin|excitation=15ms
2023-04-03 22:34:29 [XNIO-1 task-6] INFO  c.y.h.i.CommonInterceptor - 0:0:0:0:0:0:0:1|/common/captcha|excitation=192ms
2023-04-03 22:34:30 [XNIO-1 task-7] INFO  c.y.h.i.CommonInterceptor - 0:0:0:0:0:0:0:1|/static/theme/default/libs/layer/theme/default/layer.css|v=3.1.1|excitation=2ms
2023-04-03 22:37:54 [XNIO-1 task-8] INFO  c.y.h.c.r.MyShiroRealm - 用户：admin 正在登录...
2023-04-03 22:37:55 [XNIO-1 task-8] INFO  c.y.h.i.CommonInterceptor - 0:0:0:0:0:0:0:1|/admin/login|password=123456|code=hwuq|rememberMe=1|username=admin|excitation=94ms
2023-04-03 22:37:55 [XNIO-1 task-9] INFO  c.y.h.i.CommonInterceptor - 0:0:0:0:0:0:0:1|/adminlogin|excitation=2ms
2023-04-03 22:37:55 [XNIO-1 task-10] INFO  c.y.h.i.CommonInterceptor - 0:0:0:0:0:0:0:1|/common/captcha|excitation=9ms
2023-04-03 22:38:00 [XNIO-1 task-11] INFO  c.y.h.c.r.MyShiroRealm - 用户：admin 正在登录...
2023-04-03 22:38:00 [XNIO-1 task-11] INFO  c.y.h.i.CommonInterceptor - 0:0:0:0:0:0:0:1|/admin/login|password=123|code=nrx3|rememberMe=1|username=admin|excitation=67ms
2023-04-03 22:38:00 [XNIO-1 task-12] INFO  c.y.h.i.CommonInterceptor - 0:0:0:0:0:0:0:1|/adminlogin|excitation=2ms
2023-04-03 22:38:00 [XNIO-1 task-13] INFO  c.y.h.i.CommonInterceptor - 0:0:0:0:0:0:0:1|/common/captcha|excitation=5ms
2023-04-03 22:38:30 [XNIO-1 task-14] INFO  c.y.h.c.r.MyShiroRealm - 用户：admin 正在登录...
2023-04-03 22:38:30 [XNIO-1 task-14] INFO  c.y.h.i.CommonInterceptor - 0:0:0:0:0:0:0:1|/admin/login|password=123123|code=y7ck|rememberMe=1|username=admin|excitation=79ms
2023-04-03 22:38:31 [XNIO-1 task-15] INFO  c.y.h.i.CommonInterceptor - 0:0:0:0:0:0:0:1|/admin/index|excitation=356ms
2023-04-03 22:38:31 [XNIO-1 task-16] INFO  c.y.h.i.CommonInterceptor - 0:0:0:0:0:0:0:1|/static/admin/js/app.min.js|excitation=2ms
2023-04-03 22:38:40 [XNIO-1 task-17] INFO  c.y.h.i.CommonInterceptor - 0:0:0:0:0:0:0:1|/admin/topic/list|excitation=52ms
2023-04-03 22:38:40 [XNIO-1 task-18] INFO  c.y.h.i.CommonInterceptor - 0:0:0:0:0:0:0:1|/admin/comment/list|excitation=33ms
2023-04-03 22:38:41 [XNIO-1 task-19] INFO  c.y.h.i.CommonInterceptor - 0:0:0:0:0:0:0:1|/admin/tag/list|excitation=32ms
2023-04-03 22:38:42 [XNIO-1 task-20] INFO  c.y.h.i.CommonInterceptor - 0:0:0:0:0:0:0:1|/admin/user/list|excitation=35ms
2023-04-03 22:38:54 [XNIO-1 task-21] INFO  c.y.h.i.CommonInterceptor - 0:0:0:0:0:0:0:1|/admin/system/edit|excitation=38ms
2023-04-03 22:38:57 [XNIO-1 task-22] INFO  c.y.h.i.CommonInterceptor - 0:0:0:0:0:0:0:1|/admin/admin_user/list|excitation=29ms
2023-04-03 22:38:57 [XNIO-1 task-23] INFO  c.y.h.i.CommonInterceptor - 0:0:0:0:0:0:0:1|/admin/role/list|excitation=30ms
2023-04-03 22:38:58 [XNIO-1 task-24] INFO  c.y.h.i.CommonInterceptor - 0:0:0:0:0:0:0:1|/admin/admin_user/list|excitation=17ms
2023-04-03 23:12:46 [SpringContextShutdownHook] INFO  c.z.h.HikariDataSource - HikariPool-1 - Shutdown initiated...
2023-04-03 23:12:46 [SpringContextShutdownHook] INFO  c.z.h.HikariDataSource - HikariPool-1 - Shutdown completed.
2023-04-03 23:12:46 [SpringContextShutdownHook] INFO  io.undertow.servlet - Destroying Spring FrameworkServlet 'dispatcherServlet'
2023-04-03 23:12:46 [SpringContextShutdownHook] INFO  io.undertow - stopping server: Undertow - 2.0.28.Final
