2018-11-30 00:04:41 [restartedMain] INFO  c.y.p.HitbbsApplication - Starting HitbbsApplication on LAPTOP-E6CSH5V5 with PID 22828 (D:\Sakura\Desktop\hitbbs\target\classes started by 23537 in D:\Sakura\Desktop\hitbbs)
2018-11-30 00:04:41 [restartedMain] INFO  c.y.p.HitbbsApplication - The following profiles are active: dev
2018-11-30 00:04:41 [restartedMain] INFO  o.s.b.d.r.ChangeableUrls - The Class-Path manifest attribute in C:\Users\23537\.m2\repository\com\sun\xml\bind\jaxb-impl\2.1\jaxb-impl-2.1.jar referenced one or more files that do not exist: file:/C:/Users/23537/.m2/repository/com/sun/xml/bind/jaxb-impl/2.1/jaxb-api.jar,file:/C:/Users/23537/.m2/repository/com/sun/xml/bind/jaxb-impl/2.1/activation.jar,file:/C:/Users/23537/.m2/repository/com/sun/xml/bind/jaxb-impl/2.1/jsr173_1.0_api.jar,file:/C:/Users/23537/.m2/repository/com/sun/xml/bind/jaxb-impl/2.1/jaxb1-impl.jar
2018-11-30 00:04:41 [restartedMain] INFO  o.s.b.d.e.DevToolsPropertyDefaultsPostProcessor - Devtools property defaults active! Set 'spring.devtools.add-properties' to 'false' to disable
2018-11-30 00:04:41 [restartedMain] INFO  o.s.b.d.e.DevToolsPropertyDefaultsPostProcessor - For additional web related logging consider setting the 'logging.level.web' property to 'DEBUG'
2018-11-30 00:04:42 [restartedMain] INFO  o.s.c.s.PostProcessorRegistrationDelegate$BeanPostProcessorChecker - Bean 'siteConfig' of type [co.yiiu.hitbbs.config.SiteConfig$$EnhancerBySpringCGLIB$$d841ad48] is not eligible for getting processed by all BeanPostProcessors (for example: not eligible for auto-proxying)
2018-11-30 00:37:50 [restartedMain] INFO  c.y.p.HitbbsApplication - Starting HitbbsApplication on LAPTOP-E6CSH5V5 with PID 22556 (D:\Sakura\Desktop\hitbbs\target\classes started by 23537 in D:\Sakura\Desktop\hitbbs)
2018-11-30 00:37:50 [restartedMain] INFO  c.y.p.HitbbsApplication - The following profiles are active: dev
2018-11-30 00:37:50 [restartedMain] INFO  o.s.b.d.r.ChangeableUrls - The Class-Path manifest attribute in C:\Users\23537\.m2\repository\com\sun\xml\bind\jaxb-impl\2.1\jaxb-impl-2.1.jar referenced one or more files that do not exist: file:/C:/Users/23537/.m2/repository/com/sun/xml/bind/jaxb-impl/2.1/jaxb-api.jar,file:/C:/Users/23537/.m2/repository/com/sun/xml/bind/jaxb-impl/2.1/activation.jar,file:/C:/Users/23537/.m2/repository/com/sun/xml/bind/jaxb-impl/2.1/jsr173_1.0_api.jar,file:/C:/Users/23537/.m2/repository/com/sun/xml/bind/jaxb-impl/2.1/jaxb1-impl.jar
2018-11-30 00:37:50 [restartedMain] INFO  o.s.b.d.e.DevToolsPropertyDefaultsPostProcessor - Devtools property defaults active! Set 'spring.devtools.add-properties' to 'false' to disable
2018-11-30 00:37:50 [restartedMain] INFO  o.s.b.d.e.DevToolsPropertyDefaultsPostProcessor - For additional web related logging consider setting the 'logging.level.web' property to 'DEBUG'
2018-11-30 00:37:51 [restartedMain] INFO  o.s.c.s.PostProcessorRegistrationDelegate$BeanPostProcessorChecker - Bean 'siteConfig' of type [co.yiiu.hitbbs.config.SiteConfig$$EnhancerBySpringCGLIB$$8970e02b] is not eligible for getting processed by all BeanPostProcessors (for example: not eligible for auto-proxying)
2018-11-30 00:38:30 [restartedMain] INFO  c.y.p.HitbbsApplication - Starting HitbbsApplication on LAPTOP-E6CSH5V5 with PID 6608 (D:\Sakura\Desktop\hitbbs\target\classes started by 23537 in D:\Sakura\Desktop\hitbbs)
2018-11-30 00:38:30 [restartedMain] INFO  c.y.p.HitbbsApplication - The following profiles are active: dev
2018-11-30 00:38:30 [restartedMain] INFO  o.s.b.d.r.ChangeableUrls - The Class-Path manifest attribute in C:\Users\23537\.m2\repository\com\sun\xml\bind\jaxb-impl\2.1\jaxb-impl-2.1.jar referenced one or more files that do not exist: file:/C:/Users/23537/.m2/repository/com/sun/xml/bind/jaxb-impl/2.1/jaxb-api.jar,file:/C:/Users/23537/.m2/repository/com/sun/xml/bind/jaxb-impl/2.1/activation.jar,file:/C:/Users/23537/.m2/repository/com/sun/xml/bind/jaxb-impl/2.1/jsr173_1.0_api.jar,file:/C:/Users/23537/.m2/repository/com/sun/xml/bind/jaxb-impl/2.1/jaxb1-impl.jar
2018-11-30 00:38:30 [restartedMain] INFO  o.s.b.d.e.DevToolsPropertyDefaultsPostProcessor - Devtools property defaults active! Set 'spring.devtools.add-properties' to 'false' to disable
2018-11-30 00:38:30 [restartedMain] INFO  o.s.b.d.e.DevToolsPropertyDefaultsPostProcessor - For additional web related logging consider setting the 'logging.level.web' property to 'DEBUG'
2018-11-30 00:38:31 [restartedMain] INFO  o.s.c.s.PostProcessorRegistrationDelegate$BeanPostProcessorChecker - Bean 'siteConfig' of type [co.yiiu.hitbbs.config.SiteConfig$$EnhancerBySpringCGLIB$$9baff6fc] is not eligible for getting processed by all BeanPostProcessors (for example: not eligible for auto-proxying)
2018-11-30 00:38:31 [restartedMain] INFO  o.s.c.s.PostProcessorRegistrationDelegate$BeanPostProcessorChecker - Bean 'dataSourceHelper' of type [co.yiiu.hitbbs.config.DataSourceHelper$$EnhancerBySpringCGLIB$$a6f9b746] is not eligible for getting processed by all BeanPostProcessors (for example: not eligible for auto-proxying)
2018-11-30 00:38:31 [restartedMain] INFO  o.s.c.s.PostProcessorRegistrationDelegate$BeanPostProcessorChecker - Bean 'dataSourceConfig' of type [co.yiiu.hitbbs.config.DataSourceConfig$$EnhancerBySpringCGLIB$$b6ecd95a] is not eligible for getting processed by all BeanPostProcessors (for example: not eligible for auto-proxying)
2018-11-30 00:38:31 [restartedMain] INFO  c.z.h.HikariDataSource - HikariPool-1 - Starting...
2018-11-30 00:38:31 [restartedMain] INFO  c.z.h.HikariDataSource - HikariPool-1 - Start completed.
2018-11-30 00:38:31 [restartedMain] INFO  o.s.c.s.PostProcessorRegistrationDelegate$BeanPostProcessorChecker - Bean 'dataSource' of type [com.zaxxer.hikari.HikariDataSource] is not eligible for getting processed by all BeanPostProcessors (for example: not eligible for auto-proxying)
2018-11-30 00:38:31 [restartedMain] INFO  o.f.c.i.l.VersionPrinter - Flyway Community Edition 5.2.1 by Boxfuse
2018-11-30 00:38:31 [restartedMain] INFO  o.f.c.i.d.DatabaseFactory - Database: jdbc:mysql://localhost:3307/hitbbs (MySQL 5.5)
2018-11-30 00:38:32 [restartedMain] INFO  o.f.c.i.c.DbValidate - Successfully validated 15 migrations (execution time 00:00.048s)
2018-11-30 00:38:32 [restartedMain] INFO  o.f.c.i.s.JdbcTableSchemaHistory - Creating Schema History table: `hitbbs`.`flyway_schema_history`
2018-11-30 00:38:32 [restartedMain] INFO  o.f.c.i.c.DbMigrate - Current version of schema `hitbbs`: << Empty Schema >>
2018-11-30 00:38:32 [restartedMain] INFO  o.f.c.i.c.DbMigrate - Migrating schema `hitbbs` to version 1 - initialize
2018-11-30 00:38:32 [restartedMain] INFO  o.f.c.i.c.DbMigrate - Migrating schema `hitbbs` to version 1.1 - user add field
2018-11-30 00:38:32 [restartedMain] INFO  o.f.c.i.c.DbMigrate - Migrating schema `hitbbs` to version 1.2 - update system config default theme
2018-11-30 00:38:32 [restartedMain] INFO  o.f.c.i.c.DbMigrate - Migrating schema `hitbbs` to version 1.3 - delete system config redis ssl
2018-11-30 00:38:32 [restartedMain] INFO  o.f.c.i.c.DbMigrate - Migrating schema `hitbbs` to version 1.4 - alter code
2018-11-30 00:38:32 [restartedMain] INFO  o.f.c.i.c.DbMigrate - Migrating schema `hitbbs` to version 1.5 - add sensitive word
2018-11-30 00:38:32 [restartedMain] INFO  o.f.c.i.c.DbMigrate - Migrating schema `hitbbs` to version 1.6 - add permission about sensitive word
2018-11-30 00:38:32 [restartedMain] INFO  o.f.c.i.c.DbMigrate - Migrating schema `hitbbs` to version 1.7 - alter oauth user
2018-11-30 00:38:32 [restartedMain] INFO  o.f.c.i.c.DbMigrate - Migrating schema `hitbbs` to version 1.8 - add sms region id
2018-11-30 00:38:32 [restartedMain] INFO  o.f.c.i.c.DbMigrate - Migrating schema `hitbbs` to version 1.9 - update system config ws
2018-11-30 00:38:32 [restartedMain] INFO  o.f.c.i.c.DbMigrate - Migrating schema `hitbbs` to version 1.10 - delete system config search
2018-11-30 00:38:32 [restartedMain] INFO  o.f.c.i.c.DbMigrate - Migrating schema `hitbbs` to version 1.11 - update system config key
2018-11-30 00:38:32 [restartedMain] INFO  o.f.c.i.c.DbMigrate - Migrating schema `hitbbs` to version 1.12 - add indexes
2018-11-30 00:38:32 [restartedMain] INFO  o.f.c.i.c.DbMigrate - Migrating schema `hitbbs` to version 1.13 - add social config
2018-11-30 00:38:32 [restartedMain] INFO  o.f.c.i.c.DbMigrate - Migrating schema `hitbbs` to version 1.14 - add system config user need active
2018-11-30 00:38:32 [restartedMain] INFO  o.f.c.i.c.DbMigrate - Successfully applied 15 migrations to schema `hitbbs` (execution time 00:00.438s)
2018-11-30 00:38:32 [restartedMain] INFO  o.s.c.s.PostProcessorRegistrationDelegate$BeanPostProcessorChecker - Bean 'flywayConfig' of type [co.yiiu.hitbbs.config.FlywayConfig$$EnhancerBySpringCGLIB$$d3d23d31] is not eligible for getting processed by all BeanPostProcessors (for example: not eligible for auto-proxying)
2018-11-30 00:38:32 [restartedMain] INFO  o.s.c.s.PostProcessorRegistrationDelegate$BeanPostProcessorChecker - Bean 'mybatisPlusConfig' of type [co.yiiu.hitbbs.config.MybatisPlusConfig$$EnhancerBySpringCGLIB$$a9445c12] is not eligible for getting processed by all BeanPostProcessors (for example: not eligible for auto-proxying)
2018-11-30 00:38:32 [restartedMain] INFO  o.s.c.s.PostProcessorRegistrationDelegate$BeanPostProcessorChecker - Bean 'mybatisSqlSession' of type [org.apache.ibatis.session.defaults.DefaultSqlSessionFactory] is not eligible for getting processed by all BeanPostProcessors (for example: not eligible for auto-proxying)
2018-11-30 00:38:32 [restartedMain] INFO  o.s.c.s.PostProcessorRegistrationDelegate$BeanPostProcessorChecker - Bean 'mybatis-plus-com.baomidou.mybatisplus.autoconfigure.MybatisPlusProperties' of type [com.baomidou.mybatisplus.autoconfigure.MybatisPlusProperties] is not eligible for getting processed by all BeanPostProcessors (for example: not eligible for auto-proxying)
2018-11-30 00:38:32 [restartedMain] INFO  o.s.c.s.PostProcessorRegistrationDelegate$BeanPostProcessorChecker - Bean 'com.baomidou.mybatisplus.autoconfigure.MybatisPlusAutoConfiguration' of type [com.baomidou.mybatisplus.autoconfigure.MybatisPlusAutoConfiguration$$EnhancerBySpringCGLIB$$deccea30] is not eligible for getting processed by all BeanPostProcessors (for example: not eligible for auto-proxying)
2018-11-30 00:38:32 [restartedMain] INFO  o.s.c.s.PostProcessorRegistrationDelegate$BeanPostProcessorChecker - Bean 'sqlSessionTemplate' of type [org.mybatis.spring.SqlSessionTemplate] is not eligible for getting processed by all BeanPostProcessors (for example: not eligible for auto-proxying)
2018-11-30 00:38:32 [restartedMain] INFO  o.s.c.s.PostProcessorRegistrationDelegate$BeanPostProcessorChecker - Bean 'adminUserMapper' of type [org.mybatis.spring.mapper.MapperFactoryBean] is not eligible for getting processed by all BeanPostProcessors (for example: not eligible for auto-proxying)
2018-11-30 00:38:32 [restartedMain] INFO  o.s.c.s.PostProcessorRegistrationDelegate$BeanPostProcessorChecker - Bean 'adminUserMapper' of type [com.sun.proxy.$Proxy73] is not eligible for getting processed by all BeanPostProcessors (for example: not eligible for auto-proxying)
2018-11-30 00:38:32 [restartedMain] INFO  o.s.c.s.PostProcessorRegistrationDelegate$BeanPostProcessorChecker - Bean 'adminUserService' of type [co.yiiu.hitbbs.service.impl.AdminUserService] is not eligible for getting processed by all BeanPostProcessors (for example: not eligible for auto-proxying)
2018-11-30 00:38:32 [restartedMain] INFO  o.s.c.s.PostProcessorRegistrationDelegate$BeanPostProcessorChecker - Bean 'roleMapper' of type [org.mybatis.spring.mapper.MapperFactoryBean] is not eligible for getting processed by all BeanPostProcessors (for example: not eligible for auto-proxying)
2018-11-30 00:38:32 [restartedMain] INFO  o.s.c.s.PostProcessorRegistrationDelegate$BeanPostProcessorChecker - Bean 'roleMapper' of type [com.sun.proxy.$Proxy74] is not eligible for getting processed by all BeanPostProcessors (for example: not eligible for auto-proxying)
2018-11-30 00:38:32 [restartedMain] INFO  o.s.c.s.PostProcessorRegistrationDelegate$BeanPostProcessorChecker - Bean 'rolePermissionMapper' of type [org.mybatis.spring.mapper.MapperFactoryBean] is not eligible for getting processed by all BeanPostProcessors (for example: not eligible for auto-proxying)
2018-11-30 00:38:32 [restartedMain] INFO  o.s.c.s.PostProcessorRegistrationDelegate$BeanPostProcessorChecker - Bean 'rolePermissionMapper' of type [com.sun.proxy.$Proxy75] is not eligible for getting processed by all BeanPostProcessors (for example: not eligible for auto-proxying)
2018-11-30 00:38:32 [restartedMain] INFO  o.s.c.s.PostProcessorRegistrationDelegate$BeanPostProcessorChecker - Bean 'rolePermissionService' of type [co.yiiu.hitbbs.service.impl.RolePermissionService] is not eligible for getting processed by all BeanPostProcessors (for example: not eligible for auto-proxying)
2018-11-30 00:38:32 [restartedMain] INFO  o.s.c.s.PostProcessorRegistrationDelegate$BeanPostProcessorChecker - Bean 'permissionMapper' of type [org.mybatis.spring.mapper.MapperFactoryBean] is not eligible for getting processed by all BeanPostProcessors (for example: not eligible for auto-proxying)
2018-11-30 00:38:32 [restartedMain] INFO  o.s.c.s.PostProcessorRegistrationDelegate$BeanPostProcessorChecker - Bean 'permissionMapper' of type [com.sun.proxy.$Proxy76] is not eligible for getting processed by all BeanPostProcessors (for example: not eligible for auto-proxying)
2018-11-30 00:38:32 [restartedMain] INFO  o.s.c.s.PostProcessorRegistrationDelegate$BeanPostProcessorChecker - Bean 'permissionService' of type [co.yiiu.hitbbs.service.impl.PermissionService] is not eligible for getting processed by all BeanPostProcessors (for example: not eligible for auto-proxying)
2018-11-30 00:38:32 [restartedMain] INFO  o.s.c.s.PostProcessorRegistrationDelegate$BeanPostProcessorChecker - Bean 'roleService' of type [co.yiiu.hitbbs.service.impl.RoleService] is not eligible for getting processed by all BeanPostProcessors (for example: not eligible for auto-proxying)
2018-11-30 00:38:32 [restartedMain] INFO  o.s.c.s.PostProcessorRegistrationDelegate$BeanPostProcessorChecker - Bean 'myShiroRealm' of type [co.yiiu.hitbbs.config.realm.MyShiroRealm] is not eligible for getting processed by all BeanPostProcessors (for example: not eligible for auto-proxying)
2018-11-30 00:38:32 [restartedMain] INFO  o.s.c.s.PostProcessorRegistrationDelegate$BeanPostProcessorChecker - Bean 'systemConfigMapper' of type [org.mybatis.spring.mapper.MapperFactoryBean] is not eligible for getting processed by all BeanPostProcessors (for example: not eligible for auto-proxying)
2018-11-30 00:38:32 [restartedMain] INFO  o.s.c.s.PostProcessorRegistrationDelegate$BeanPostProcessorChecker - Bean 'systemConfigMapper' of type [com.sun.proxy.$Proxy78] is not eligible for getting processed by all BeanPostProcessors (for example: not eligible for auto-proxying)
2018-11-30 00:38:32 [restartedMain] INFO  o.s.c.s.PostProcessorRegistrationDelegate$BeanPostProcessorChecker - Bean 'systemConfigService' of type [co.yiiu.hitbbs.service.impl.SystemConfigService] is not eligible for getting processed by all BeanPostProcessors (for example: not eligible for auto-proxying)
2018-11-30 00:38:32 [restartedMain] INFO  o.s.c.s.PostProcessorRegistrationDelegate$BeanPostProcessorChecker - Bean 'shiroConfig' of type [co.yiiu.hitbbs.config.ShiroConfig$$EnhancerBySpringCGLIB$$7cacc776] is not eligible for getting processed by all BeanPostProcessors (for example: not eligible for auto-proxying)
2018-11-30 00:38:33 [restartedMain] INFO  o.s.c.s.PostProcessorRegistrationDelegate$BeanPostProcessorChecker - Bean 'myCredentialsMatcher' of type [co.yiiu.hitbbs.config.realm.MyCredentialsMatcher] is not eligible for getting processed by all BeanPostProcessors (for example: not eligible for auto-proxying)
2018-11-30 00:38:33 [restartedMain] INFO  o.s.c.s.PostProcessorRegistrationDelegate$BeanPostProcessorChecker - Bean 'rememberMeCookie' of type [org.apache.shiro.web.servlet.SimpleCookie] is not eligible for getting processed by all BeanPostProcessors (for example: not eligible for auto-proxying)
2018-11-30 00:38:33 [restartedMain] INFO  o.s.c.s.PostProcessorRegistrationDelegate$BeanPostProcessorChecker - Bean 'rememberMeManager' of type [org.apache.shiro.web.mgt.CookieRememberMeManager] is not eligible for getting processed by all BeanPostProcessors (for example: not eligible for auto-proxying)
2018-11-30 00:38:33 [restartedMain] INFO  o.s.c.s.PostProcessorRegistrationDelegate$BeanPostProcessorChecker - Bean 'defaultWebSecurityManager' of type [org.apache.shiro.web.mgt.DefaultWebSecurityManager] is not eligible for getting processed by all BeanPostProcessors (for example: not eligible for auto-proxying)
2018-11-30 00:38:33 [restartedMain] INFO  c.y.p.c.ShiroConfig - 开始配置shiroFilter...
2018-11-30 00:38:33 [restartedMain] INFO  o.s.c.s.PostProcessorRegistrationDelegate$BeanPostProcessorChecker - Bean 'authorizationAttributeSourceAdvisor' of type [org.apache.shiro.spring.security.interceptor.AuthorizationAttributeSourceAdvisor] is not eligible for getting processed by all BeanPostProcessors (for example: not eligible for auto-proxying)
2018-11-30 00:38:33 [restartedMain] INFO  o.s.c.s.PostProcessorRegistrationDelegate$BeanPostProcessorChecker - Bean 'org.springframework.transaction.annotation.ProxyTransactionManagementConfiguration' of type [org.springframework.transaction.annotation.ProxyTransactionManagementConfiguration] is not eligible for getting processed by all BeanPostProcessors (for example: not eligible for auto-proxying)
2018-11-30 00:38:33 [restartedMain] INFO  io.undertow.servlet - Initializing Spring embedded WebApplicationContext
2018-11-30 00:38:33 [restartedMain] INFO  o.s.w.c.ContextLoader - Root WebApplicationContext: initialization completed in 2612 ms
2018-11-30 00:38:34 [restartedMain] INFO  o.s.w.s.v.f.FreeMarkerConfig - 开始配置freemarker全局变量...
2018-11-30 00:38:34 [restartedMain] INFO  o.s.w.s.v.f.FreeMarkerConfig - freemarker全局变量配置完成!
2018-11-30 00:38:34 [restartedMain] INFO  o.s.w.s.v.f.FreeMarkerConfig - 开始配置freemarker自定义标签...
2018-11-30 00:38:34 [restartedMain] INFO  o.s.w.s.v.f.FreeMarkerConfig - freemarker自定义标签配置完成!
2018-11-30 00:38:35 [restartedMain] INFO  o.s.b.d.a.OptionalLiveReloadServer - LiveReload server is running on port 35729
2018-11-30 00:38:35 [restartedMain] INFO  i.u.websockets.jsr - UT026003: Adding annotated server endpoint class co.yiiu.hitbbs.config.websocket.MyWebSocket for path /websocket
2018-11-30 00:38:35 [restartedMain] INFO  io.undertow - starting server: Undertow - 2.0.28.Final
2018-11-30 00:38:35 [restartedMain] INFO  org.xnio - XNIO version 3.3.8.Final
2018-11-30 00:38:35 [restartedMain] INFO  org.xnio.nio - XNIO NIO Implementation Version 3.3.8.Final
2018-11-30 00:38:35 [restartedMain] INFO  o.s.b.w.e.u.UndertowServletWebServer - Undertow started on port(s) 8080 (http) with context path ''
2018-11-30 00:38:35 [restartedMain] INFO  c.y.p.HitbbsApplication - Started HitbbsApplication in 4.897 seconds (JVM running for 6.451)
2018-11-30 00:39:01 [XNIO-1 task-1] INFO  io.undertow.servlet - Initializing Spring DispatcherServlet 'dispatcherServlet'
2018-11-30 00:39:01 [XNIO-1 task-1] INFO  o.s.w.s.DispatcherServlet - Initializing Servlet 'dispatcherServlet'
2018-11-30 00:39:01 [XNIO-1 task-1] INFO  o.s.w.s.DispatcherServlet - Completed initialization in 14 ms
2018-11-30 00:39:02 [XNIO-1 task-1] INFO  c.y.p.i.CommonInterceptor - 0:0:0:0:0:0:0:1|/|excitation=322ms
2018-11-30 00:39:02 [XNIO-1 task-2] INFO  c.y.p.i.CommonInterceptor - 0:0:0:0:0:0:0:1|/static/theme/default/css/app.css|excitation=17ms
2018-11-30 00:39:02 [XNIO-1 task-4] INFO  c.y.p.i.CommonInterceptor - 0:0:0:0:0:0:0:1|/static/theme/default/js/app.js|excitation=14ms
2018-11-30 00:39:02 [XNIO-1 task-3] INFO  c.y.p.i.CommonInterceptor - 0:0:0:0:0:0:0:1|/static/theme/default/libs/layer/layer.js|excitation=15ms
2018-11-30 00:39:25 [XNIO-1 task-5] INFO  c.y.p.i.CommonInterceptor - 0:0:0:0:0:0:0:1|/adminlogin|excitation=26ms
2018-11-30 00:39:38 [XNIO-1 task-6] INFO  c.y.p.i.CommonInterceptor - 0:0:0:0:0:0:0:1|/common/captcha|excitation=162ms
2018-11-30 00:39:40 [XNIO-1 task-7] INFO  c.y.p.i.CommonInterceptor - 0:0:0:0:0:0:0:1|/error|excitation=169ms
2018-11-30 00:39:59 [XNIO-1 task-8] INFO  c.y.p.c.r.MyShiroRealm - 用户：admin 正在登录...
2018-11-30 00:39:59 [XNIO-1 task-8] INFO  c.y.p.i.CommonInterceptor - 0:0:0:0:0:0:0:1|/admin/login|password=123123|code=bhe8|rememberMe=1|username=admin|excitation=123ms
2018-11-30 00:40:00 [XNIO-1 task-9] INFO  c.y.p.i.CommonInterceptor - 0:0:0:0:0:0:0:1|/admin/index|excitation=655ms
2018-11-30 00:40:00 [XNIO-1 task-10] INFO  c.y.p.i.CommonInterceptor - 0:0:0:0:0:0:0:1|/static/admin/js/app.min.js|excitation=2ms
2018-11-30 14:25:13 [SpringContextShutdownHook] INFO  c.z.h.HikariDataSource - HikariPool-1 - Shutdown initiated...
2018-11-30 14:25:13 [SpringContextShutdownHook] INFO  c.z.h.HikariDataSource - HikariPool-1 - Shutdown completed.
2018-11-30 14:25:13 [SpringContextShutdownHook] INFO  io.undertow.servlet - Destroying Spring FrameworkServlet 'dispatcherServlet'
2018-11-30 14:25:13 [SpringContextShutdownHook] INFO  io.undertow - stopping server: Undertow - 2.0.28.Final
2018-11-30 14:25:17 [restartedMain] INFO  c.y.p.HitbbsApplication - Starting HitbbsApplication on LAPTOP-E6CSH5V5 with PID 13128 (D:\Sakura\Desktop\hitbbs\target\classes started by 23537 in D:\Sakura\Desktop\hitbbs)
2018-11-30 14:25:17 [restartedMain] INFO  c.y.p.HitbbsApplication - The following profiles are active: dev
2018-11-30 14:25:17 [restartedMain] INFO  o.s.b.d.r.ChangeableUrls - The Class-Path manifest attribute in C:\Users\23537\.m2\repository\com\sun\xml\bind\jaxb-impl\2.1\jaxb-impl-2.1.jar referenced one or more files that do not exist: file:/C:/Users/23537/.m2/repository/com/sun/xml/bind/jaxb-impl/2.1/jaxb-api.jar,file:/C:/Users/23537/.m2/repository/com/sun/xml/bind/jaxb-impl/2.1/activation.jar,file:/C:/Users/23537/.m2/repository/com/sun/xml/bind/jaxb-impl/2.1/jsr173_1.0_api.jar,file:/C:/Users/23537/.m2/repository/com/sun/xml/bind/jaxb-impl/2.1/jaxb1-impl.jar
2018-11-30 14:25:17 [restartedMain] INFO  o.s.b.d.e.DevToolsPropertyDefaultsPostProcessor - Devtools property defaults active! Set 'spring.devtools.add-properties' to 'false' to disable
2018-11-30 14:25:17 [restartedMain] INFO  o.s.b.d.e.DevToolsPropertyDefaultsPostProcessor - For additional web related logging consider setting the 'logging.level.web' property to 'DEBUG'
2018-11-30 14:25:18 [restartedMain] INFO  o.s.c.s.PostProcessorRegistrationDelegate$BeanPostProcessorChecker - Bean 'siteConfig' of type [co.yiiu.hitbbs.config.SiteConfig$$EnhancerBySpringCGLIB$$e6de4ae7] is not eligible for getting processed by all BeanPostProcessors (for example: not eligible for auto-proxying)
2018-11-30 14:25:18 [restartedMain] INFO  o.s.c.s.PostProcessorRegistrationDelegate$BeanPostProcessorChecker - Bean 'dataSourceHelper' of type [co.yiiu.hitbbs.config.DataSourceHelper$$EnhancerBySpringCGLIB$$f2280b31] is not eligible for getting processed by all BeanPostProcessors (for example: not eligible for auto-proxying)
2018-11-30 14:25:18 [restartedMain] INFO  o.s.c.s.PostProcessorRegistrationDelegate$BeanPostProcessorChecker - Bean 'dataSourceConfig' of type [co.yiiu.hitbbs.config.DataSourceConfig$$EnhancerBySpringCGLIB$$21b2d45] is not eligible for getting processed by all BeanPostProcessors (for example: not eligible for auto-proxying)
2018-11-30 14:25:18 [restartedMain] INFO  c.z.h.HikariDataSource - HikariPool-1 - Starting...
2018-11-30 14:25:18 [restartedMain] INFO  c.z.h.HikariDataSource - HikariPool-1 - Start completed.
2018-11-30 14:25:18 [restartedMain] INFO  o.s.c.s.PostProcessorRegistrationDelegate$BeanPostProcessorChecker - Bean 'dataSource' of type [com.zaxxer.hikari.HikariDataSource] is not eligible for getting processed by all BeanPostProcessors (for example: not eligible for auto-proxying)
2018-11-30 14:25:18 [restartedMain] INFO  o.f.c.i.l.VersionPrinter - Flyway Community Edition 5.2.1 by Boxfuse
2018-11-30 14:25:18 [restartedMain] INFO  o.f.c.i.d.DatabaseFactory - Database: jdbc:mysql://localhost:3307/hitbbs (MySQL 5.5)
2018-11-30 14:25:19 [restartedMain] INFO  o.f.c.i.c.DbValidate - Successfully validated 15 migrations (execution time 00:00.053s)
2018-11-30 14:25:19 [restartedMain] INFO  o.f.c.i.c.DbMigrate - Current version of schema `hitbbs`: 1.14
2018-11-30 14:25:19 [restartedMain] INFO  o.f.c.i.c.DbMigrate - Schema `hitbbs` is up to date. No migration necessary.
2018-11-30 14:25:19 [restartedMain] INFO  o.s.c.s.PostProcessorRegistrationDelegate$BeanPostProcessorChecker - Bean 'flywayConfig' of type [co.yiiu.hitbbs.config.FlywayConfig$$EnhancerBySpringCGLIB$$1f00911c] is not eligible for getting processed by all BeanPostProcessors (for example: not eligible for auto-proxying)
2018-11-30 14:25:19 [restartedMain] INFO  o.s.c.s.PostProcessorRegistrationDelegate$BeanPostProcessorChecker - Bean 'mybatisPlusConfig' of type [co.yiiu.hitbbs.config.MybatisPlusConfig$$EnhancerBySpringCGLIB$$f472affd] is not eligible for getting processed by all BeanPostProcessors (for example: not eligible for auto-proxying)
2018-11-30 14:25:19 [restartedMain] INFO  o.s.c.s.PostProcessorRegistrationDelegate$BeanPostProcessorChecker - Bean 'mybatisSqlSession' of type [org.apache.ibatis.session.defaults.DefaultSqlSessionFactory] is not eligible for getting processed by all BeanPostProcessors (for example: not eligible for auto-proxying)
2018-11-30 14:25:19 [restartedMain] INFO  o.s.c.s.PostProcessorRegistrationDelegate$BeanPostProcessorChecker - Bean 'mybatis-plus-com.baomidou.mybatisplus.autoconfigure.MybatisPlusProperties' of type [com.baomidou.mybatisplus.autoconfigure.MybatisPlusProperties] is not eligible for getting processed by all BeanPostProcessors (for example: not eligible for auto-proxying)
2018-11-30 14:25:19 [restartedMain] INFO  o.s.c.s.PostProcessorRegistrationDelegate$BeanPostProcessorChecker - Bean 'com.baomidou.mybatisplus.autoconfigure.MybatisPlusAutoConfiguration' of type [com.baomidou.mybatisplus.autoconfigure.MybatisPlusAutoConfiguration$$EnhancerBySpringCGLIB$$29fb3e1b] is not eligible for getting processed by all BeanPostProcessors (for example: not eligible for auto-proxying)
2018-11-30 14:25:19 [restartedMain] INFO  o.s.c.s.PostProcessorRegistrationDelegate$BeanPostProcessorChecker - Bean 'sqlSessionTemplate' of type [org.mybatis.spring.SqlSessionTemplate] is not eligible for getting processed by all BeanPostProcessors (for example: not eligible for auto-proxying)
2018-11-30 14:25:19 [restartedMain] INFO  o.s.c.s.PostProcessorRegistrationDelegate$BeanPostProcessorChecker - Bean 'adminUserMapper' of type [org.mybatis.spring.mapper.MapperFactoryBean] is not eligible for getting processed by all BeanPostProcessors (for example: not eligible for auto-proxying)
2018-11-30 14:25:19 [restartedMain] INFO  o.s.c.s.PostProcessorRegistrationDelegate$BeanPostProcessorChecker - Bean 'adminUserMapper' of type [com.sun.proxy.$Proxy73] is not eligible for getting processed by all BeanPostProcessors (for example: not eligible for auto-proxying)
2018-11-30 14:25:19 [restartedMain] INFO  o.s.c.s.PostProcessorRegistrationDelegate$BeanPostProcessorChecker - Bean 'adminUserService' of type [co.yiiu.hitbbs.service.impl.AdminUserService] is not eligible for getting processed by all BeanPostProcessors (for example: not eligible for auto-proxying)
2018-11-30 14:25:19 [restartedMain] INFO  o.s.c.s.PostProcessorRegistrationDelegate$BeanPostProcessorChecker - Bean 'roleMapper' of type [org.mybatis.spring.mapper.MapperFactoryBean] is not eligible for getting processed by all BeanPostProcessors (for example: not eligible for auto-proxying)
2018-11-30 14:25:19 [restartedMain] INFO  o.s.c.s.PostProcessorRegistrationDelegate$BeanPostProcessorChecker - Bean 'roleMapper' of type [com.sun.proxy.$Proxy74] is not eligible for getting processed by all BeanPostProcessors (for example: not eligible for auto-proxying)
2018-11-30 14:25:19 [restartedMain] INFO  o.s.c.s.PostProcessorRegistrationDelegate$BeanPostProcessorChecker - Bean 'rolePermissionMapper' of type [org.mybatis.spring.mapper.MapperFactoryBean] is not eligible for getting processed by all BeanPostProcessors (for example: not eligible for auto-proxying)
2018-11-30 14:25:19 [restartedMain] INFO  o.s.c.s.PostProcessorRegistrationDelegate$BeanPostProcessorChecker - Bean 'rolePermissionMapper' of type [com.sun.proxy.$Proxy75] is not eligible for getting processed by all BeanPostProcessors (for example: not eligible for auto-proxying)
2018-11-30 14:25:19 [restartedMain] INFO  o.s.c.s.PostProcessorRegistrationDelegate$BeanPostProcessorChecker - Bean 'rolePermissionService' of type [co.yiiu.hitbbs.service.impl.RolePermissionService] is not eligible for getting processed by all BeanPostProcessors (for example: not eligible for auto-proxying)
2018-11-30 14:25:19 [restartedMain] INFO  o.s.c.s.PostProcessorRegistrationDelegate$BeanPostProcessorChecker - Bean 'permissionMapper' of type [org.mybatis.spring.mapper.MapperFactoryBean] is not eligible for getting processed by all BeanPostProcessors (for example: not eligible for auto-proxying)
2018-11-30 14:25:19 [restartedMain] INFO  o.s.c.s.PostProcessorRegistrationDelegate$BeanPostProcessorChecker - Bean 'permissionMapper' of type [com.sun.proxy.$Proxy76] is not eligible for getting processed by all BeanPostProcessors (for example: not eligible for auto-proxying)
2018-11-30 14:25:19 [restartedMain] INFO  o.s.c.s.PostProcessorRegistrationDelegate$BeanPostProcessorChecker - Bean 'permissionService' of type [co.yiiu.hitbbs.service.impl.PermissionService] is not eligible for getting processed by all BeanPostProcessors (for example: not eligible for auto-proxying)
2018-11-30 14:25:19 [restartedMain] INFO  o.s.c.s.PostProcessorRegistrationDelegate$BeanPostProcessorChecker - Bean 'roleService' of type [co.yiiu.hitbbs.service.impl.RoleService] is not eligible for getting processed by all BeanPostProcessors (for example: not eligible for auto-proxying)
2018-11-30 14:25:19 [restartedMain] INFO  o.s.c.s.PostProcessorRegistrationDelegate$BeanPostProcessorChecker - Bean 'myShiroRealm' of type [co.yiiu.hitbbs.config.realm.MyShiroRealm] is not eligible for getting processed by all BeanPostProcessors (for example: not eligible for auto-proxying)
2018-11-30 14:25:19 [restartedMain] INFO  o.s.c.s.PostProcessorRegistrationDelegate$BeanPostProcessorChecker - Bean 'systemConfigMapper' of type [org.mybatis.spring.mapper.MapperFactoryBean] is not eligible for getting processed by all BeanPostProcessors (for example: not eligible for auto-proxying)
2018-11-30 14:25:19 [restartedMain] INFO  o.s.c.s.PostProcessorRegistrationDelegate$BeanPostProcessorChecker - Bean 'systemConfigMapper' of type [com.sun.proxy.$Proxy78] is not eligible for getting processed by all BeanPostProcessors (for example: not eligible for auto-proxying)
2018-11-30 14:25:19 [restartedMain] INFO  o.s.c.s.PostProcessorRegistrationDelegate$BeanPostProcessorChecker - Bean 'systemConfigService' of type [co.yiiu.hitbbs.service.impl.SystemConfigService] is not eligible for getting processed by all BeanPostProcessors (for example: not eligible for auto-proxying)
2018-11-30 14:25:19 [restartedMain] INFO  o.s.c.s.PostProcessorRegistrationDelegate$BeanPostProcessorChecker - Bean 'shiroConfig' of type [co.yiiu.hitbbs.config.ShiroConfig$$EnhancerBySpringCGLIB$$c7db1b61] is not eligible for getting processed by all BeanPostProcessors (for example: not eligible for auto-proxying)
2018-11-30 14:25:19 [restartedMain] INFO  o.s.c.s.PostProcessorRegistrationDelegate$BeanPostProcessorChecker - Bean 'myCredentialsMatcher' of type [co.yiiu.hitbbs.config.realm.MyCredentialsMatcher] is not eligible for getting processed by all BeanPostProcessors (for example: not eligible for auto-proxying)
2018-11-30 14:25:19 [restartedMain] INFO  o.s.c.s.PostProcessorRegistrationDelegate$BeanPostProcessorChecker - Bean 'rememberMeCookie' of type [org.apache.shiro.web.servlet.SimpleCookie] is not eligible for getting processed by all BeanPostProcessors (for example: not eligible for auto-proxying)
2018-11-30 14:25:19 [restartedMain] INFO  o.s.c.s.PostProcessorRegistrationDelegate$BeanPostProcessorChecker - Bean 'rememberMeManager' of type [org.apache.shiro.web.mgt.CookieRememberMeManager] is not eligible for getting processed by all BeanPostProcessors (for example: not eligible for auto-proxying)
2018-11-30 14:25:19 [restartedMain] INFO  o.s.c.s.PostProcessorRegistrationDelegate$BeanPostProcessorChecker - Bean 'defaultWebSecurityManager' of type [org.apache.shiro.web.mgt.DefaultWebSecurityManager] is not eligible for getting processed by all BeanPostProcessors (for example: not eligible for auto-proxying)
2018-11-30 14:25:19 [restartedMain] INFO  c.y.p.c.ShiroConfig - 开始配置shiroFilter...
2018-11-30 14:25:19 [restartedMain] INFO  o.s.c.s.PostProcessorRegistrationDelegate$BeanPostProcessorChecker - Bean 'authorizationAttributeSourceAdvisor' of type [org.apache.shiro.spring.security.interceptor.AuthorizationAttributeSourceAdvisor] is not eligible for getting processed by all BeanPostProcessors (for example: not eligible for auto-proxying)
2018-11-30 14:25:19 [restartedMain] INFO  o.s.c.s.PostProcessorRegistrationDelegate$BeanPostProcessorChecker - Bean 'org.springframework.transaction.annotation.ProxyTransactionManagementConfiguration' of type [org.springframework.transaction.annotation.ProxyTransactionManagementConfiguration] is not eligible for getting processed by all BeanPostProcessors (for example: not eligible for auto-proxying)
2018-11-30 14:25:20 [restartedMain] INFO  io.undertow.servlet - Initializing Spring embedded WebApplicationContext
2018-11-30 14:25:20 [restartedMain] INFO  o.s.w.c.ContextLoader - Root WebApplicationContext: initialization completed in 2458 ms
2018-11-30 14:25:20 [restartedMain] INFO  o.s.w.s.v.f.FreeMarkerConfig - 开始配置freemarker全局变量...
2018-11-30 14:25:20 [restartedMain] INFO  o.s.w.s.v.f.FreeMarkerConfig - freemarker全局变量配置完成!
2018-11-30 14:25:20 [restartedMain] INFO  o.s.w.s.v.f.FreeMarkerConfig - 开始配置freemarker自定义标签...
2018-11-30 14:25:20 [restartedMain] INFO  o.s.w.s.v.f.FreeMarkerConfig - freemarker自定义标签配置完成!
2018-11-30 14:25:21 [restartedMain] INFO  o.s.b.d.a.OptionalLiveReloadServer - LiveReload server is running on port 35729
2018-11-30 14:25:21 [restartedMain] INFO  i.u.websockets.jsr - UT026003: Adding annotated server endpoint class co.yiiu.hitbbs.config.websocket.MyWebSocket for path /websocket
2018-11-30 14:25:22 [restartedMain] INFO  io.undertow - starting server: Undertow - 2.0.28.Final
2018-11-30 14:25:22 [restartedMain] INFO  org.xnio - XNIO version 3.3.8.Final
2018-11-30 14:25:22 [restartedMain] INFO  org.xnio.nio - XNIO NIO Implementation Version 3.3.8.Final
2018-11-30 14:25:22 [restartedMain] INFO  o.s.b.w.e.u.UndertowServletWebServer - Undertow started on port(s) 8080 (http) with context path ''
2018-11-30 14:25:22 [restartedMain] INFO  c.y.p.HitbbsApplication - Started HitbbsApplication in 5.038 seconds (JVM running for 7.219)
2018-11-30 14:25:27 [SpringContextShutdownHook] INFO  c.z.h.HikariDataSource - HikariPool-1 - Shutdown initiated...
2018-11-30 14:25:27 [SpringContextShutdownHook] INFO  c.z.h.HikariDataSource - HikariPool-1 - Shutdown completed.
2018-11-30 14:25:27 [SpringContextShutdownHook] INFO  io.undertow - stopping server: Undertow - 2.0.28.Final
2018-11-30 17:53:42 [restartedMain] INFO  c.y.p.HitbbsApplication - Starting HitbbsApplication on LAPTOP-E6CSH5V5 with PID 11836 (D:\Sakura\Desktop\hitbbs\target\classes started by 23537 in D:\Sakura\Desktop\hitbbs)
2018-11-30 17:53:42 [restartedMain] INFO  c.y.p.HitbbsApplication - The following profiles are active: dev
2018-11-30 17:53:42 [restartedMain] INFO  o.s.b.d.r.ChangeableUrls - The Class-Path manifest attribute in C:\Users\23537\.m2\repository\com\sun\xml\bind\jaxb-impl\2.1\jaxb-impl-2.1.jar referenced one or more files that do not exist: file:/C:/Users/23537/.m2/repository/com/sun/xml/bind/jaxb-impl/2.1/jaxb-api.jar,file:/C:/Users/23537/.m2/repository/com/sun/xml/bind/jaxb-impl/2.1/activation.jar,file:/C:/Users/23537/.m2/repository/com/sun/xml/bind/jaxb-impl/2.1/jsr173_1.0_api.jar,file:/C:/Users/23537/.m2/repository/com/sun/xml/bind/jaxb-impl/2.1/jaxb1-impl.jar
2018-11-30 17:53:42 [restartedMain] INFO  o.s.b.d.e.DevToolsPropertyDefaultsPostProcessor - Devtools property defaults active! Set 'spring.devtools.add-properties' to 'false' to disable
2018-11-30 17:53:42 [restartedMain] INFO  o.s.b.d.e.DevToolsPropertyDefaultsPostProcessor - For additional web related logging consider setting the 'logging.level.web' property to 'DEBUG'
2018-11-30 17:53:44 [restartedMain] INFO  o.s.c.s.PostProcessorRegistrationDelegate$BeanPostProcessorChecker - Bean 'siteConfig' of type [co.yiiu.hitbbs.config.SiteConfig$$EnhancerBySpringCGLIB$$63a62c9a] is not eligible for getting processed by all BeanPostProcessors (for example: not eligible for auto-proxying)
2018-11-30 22:01:36 [restartedMain] INFO  c.y.p.HitbbsApplication - Starting HitbbsApplication on LAPTOP-E6CSH5V5 with PID 23072 (D:\Sakura\Desktop\hitbbs\target\classes started by 23537 in D:\Sakura\Desktop\hitbbs)
2018-11-30 22:01:36 [restartedMain] INFO  c.y.p.HitbbsApplication - The following profiles are active: dev
2018-11-30 22:01:36 [restartedMain] INFO  o.s.b.d.r.ChangeableUrls - The Class-Path manifest attribute in C:\Users\23537\.m2\repository\com\sun\xml\bind\jaxb-impl\2.1\jaxb-impl-2.1.jar referenced one or more files that do not exist: file:/C:/Users/23537/.m2/repository/com/sun/xml/bind/jaxb-impl/2.1/jaxb-api.jar,file:/C:/Users/23537/.m2/repository/com/sun/xml/bind/jaxb-impl/2.1/activation.jar,file:/C:/Users/23537/.m2/repository/com/sun/xml/bind/jaxb-impl/2.1/jsr173_1.0_api.jar,file:/C:/Users/23537/.m2/repository/com/sun/xml/bind/jaxb-impl/2.1/jaxb1-impl.jar
2018-11-30 22:01:36 [restartedMain] INFO  o.s.b.d.e.DevToolsPropertyDefaultsPostProcessor - Devtools property defaults active! Set 'spring.devtools.add-properties' to 'false' to disable
2018-11-30 22:01:36 [restartedMain] INFO  o.s.b.d.e.DevToolsPropertyDefaultsPostProcessor - For additional web related logging consider setting the 'logging.level.web' property to 'DEBUG'
2018-11-30 22:01:37 [restartedMain] INFO  o.s.c.s.PostProcessorRegistrationDelegate$BeanPostProcessorChecker - Bean 'siteConfig' of type [co.yiiu.hitbbs.config.SiteConfig$$EnhancerBySpringCGLIB$$d6b291a6] is not eligible for getting processed by all BeanPostProcessors (for example: not eligible for auto-proxying)
2018-11-30 22:02:00 [restartedMain] INFO  c.y.p.HitbbsApplication - Starting HitbbsApplication on LAPTOP-E6CSH5V5 with PID 17224 (D:\Sakura\Desktop\hitbbs\target\classes started by 23537 in D:\Sakura\Desktop\hitbbs)
2018-11-30 22:02:00 [restartedMain] INFO  c.y.p.HitbbsApplication - The following profiles are active: dev
2018-11-30 22:02:00 [restartedMain] INFO  o.s.b.d.r.ChangeableUrls - The Class-Path manifest attribute in C:\Users\23537\.m2\repository\com\sun\xml\bind\jaxb-impl\2.1\jaxb-impl-2.1.jar referenced one or more files that do not exist: file:/C:/Users/23537/.m2/repository/com/sun/xml/bind/jaxb-impl/2.1/jaxb-api.jar,file:/C:/Users/23537/.m2/repository/com/sun/xml/bind/jaxb-impl/2.1/activation.jar,file:/C:/Users/23537/.m2/repository/com/sun/xml/bind/jaxb-impl/2.1/jsr173_1.0_api.jar,file:/C:/Users/23537/.m2/repository/com/sun/xml/bind/jaxb-impl/2.1/jaxb1-impl.jar
2018-11-30 22:02:00 [restartedMain] INFO  o.s.b.d.e.DevToolsPropertyDefaultsPostProcessor - Devtools property defaults active! Set 'spring.devtools.add-properties' to 'false' to disable
2018-11-30 22:02:00 [restartedMain] INFO  o.s.b.d.e.DevToolsPropertyDefaultsPostProcessor - For additional web related logging consider setting the 'logging.level.web' property to 'DEBUG'
2018-11-30 22:02:00 [restartedMain] INFO  o.s.c.s.PostProcessorRegistrationDelegate$BeanPostProcessorChecker - Bean 'siteConfig' of type [co.yiiu.hitbbs.config.SiteConfig$$EnhancerBySpringCGLIB$$a8fda80d] is not eligible for getting processed by all BeanPostProcessors (for example: not eligible for auto-proxying)
2018-11-30 22:02:01 [restartedMain] INFO  o.s.c.s.PostProcessorRegistrationDelegate$BeanPostProcessorChecker - Bean 'dataSourceHelper' of type [co.yiiu.hitbbs.config.DataSourceHelper$$EnhancerBySpringCGLIB$$b4476857] is not eligible for getting processed by all BeanPostProcessors (for example: not eligible for auto-proxying)
2018-11-30 22:02:01 [restartedMain] INFO  o.s.c.s.PostProcessorRegistrationDelegate$BeanPostProcessorChecker - Bean 'dataSourceConfig' of type [co.yiiu.hitbbs.config.DataSourceConfig$$EnhancerBySpringCGLIB$$c43a8a6b] is not eligible for getting processed by all BeanPostProcessors (for example: not eligible for auto-proxying)
2018-11-30 22:02:01 [restartedMain] INFO  c.z.h.HikariDataSource - HikariPool-1 - Starting...
2018-11-30 22:02:01 [restartedMain] INFO  c.z.h.HikariDataSource - HikariPool-1 - Start completed.
2018-11-30 22:02:01 [restartedMain] INFO  o.s.c.s.PostProcessorRegistrationDelegate$BeanPostProcessorChecker - Bean 'dataSource' of type [com.zaxxer.hikari.HikariDataSource] is not eligible for getting processed by all BeanPostProcessors (for example: not eligible for auto-proxying)
2018-11-30 22:02:01 [restartedMain] INFO  o.f.c.i.l.VersionPrinter - Flyway Community Edition 5.2.1 by Boxfuse
2018-11-30 22:02:01 [restartedMain] INFO  o.f.c.i.d.DatabaseFactory - Database: jdbc:mysql://localhost:3307/hitbbs (MySQL 5.5)
2018-11-30 22:02:01 [restartedMain] INFO  o.f.c.i.c.DbValidate - Successfully validated 15 migrations (execution time 00:00.050s)
2018-11-30 22:02:01 [restartedMain] INFO  o.f.c.i.c.DbMigrate - Current version of schema `hitbbs`: 1.14
2018-11-30 22:02:01 [restartedMain] INFO  o.f.c.i.c.DbMigrate - Schema `hitbbs` is up to date. No migration necessary.
2018-11-30 22:02:01 [restartedMain] INFO  o.s.c.s.PostProcessorRegistrationDelegate$BeanPostProcessorChecker - Bean 'flywayConfig' of type [co.yiiu.hitbbs.config.FlywayConfig$$EnhancerBySpringCGLIB$$e11fee42] is not eligible for getting processed by all BeanPostProcessors (for example: not eligible for auto-proxying)
2018-11-30 22:02:01 [restartedMain] INFO  o.s.c.s.PostProcessorRegistrationDelegate$BeanPostProcessorChecker - Bean 'mybatisPlusConfig' of type [co.yiiu.hitbbs.config.MybatisPlusConfig$$EnhancerBySpringCGLIB$$b6920d23] is not eligible for getting processed by all BeanPostProcessors (for example: not eligible for auto-proxying)
2018-11-30 22:02:01 [restartedMain] INFO  o.s.c.s.PostProcessorRegistrationDelegate$BeanPostProcessorChecker - Bean 'mybatisSqlSession' of type [org.apache.ibatis.session.defaults.DefaultSqlSessionFactory] is not eligible for getting processed by all BeanPostProcessors (for example: not eligible for auto-proxying)
2018-11-30 22:02:01 [restartedMain] INFO  o.s.c.s.PostProcessorRegistrationDelegate$BeanPostProcessorChecker - Bean 'mybatis-plus-com.baomidou.mybatisplus.autoconfigure.MybatisPlusProperties' of type [com.baomidou.mybatisplus.autoconfigure.MybatisPlusProperties] is not eligible for getting processed by all BeanPostProcessors (for example: not eligible for auto-proxying)
2018-11-30 22:02:01 [restartedMain] INFO  o.s.c.s.PostProcessorRegistrationDelegate$BeanPostProcessorChecker - Bean 'com.baomidou.mybatisplus.autoconfigure.MybatisPlusAutoConfiguration' of type [com.baomidou.mybatisplus.autoconfigure.MybatisPlusAutoConfiguration$$EnhancerBySpringCGLIB$$ec1a9b41] is not eligible for getting processed by all BeanPostProcessors (for example: not eligible for auto-proxying)
2018-11-30 22:02:01 [restartedMain] INFO  o.s.c.s.PostProcessorRegistrationDelegate$BeanPostProcessorChecker - Bean 'sqlSessionTemplate' of type [org.mybatis.spring.SqlSessionTemplate] is not eligible for getting processed by all BeanPostProcessors (for example: not eligible for auto-proxying)
2018-11-30 22:02:01 [restartedMain] INFO  o.s.c.s.PostProcessorRegistrationDelegate$BeanPostProcessorChecker - Bean 'adminUserMapper' of type [org.mybatis.spring.mapper.MapperFactoryBean] is not eligible for getting processed by all BeanPostProcessors (for example: not eligible for auto-proxying)
2018-11-30 22:02:01 [restartedMain] INFO  o.s.c.s.PostProcessorRegistrationDelegate$BeanPostProcessorChecker - Bean 'adminUserMapper' of type [com.sun.proxy.$Proxy73] is not eligible for getting processed by all BeanPostProcessors (for example: not eligible for auto-proxying)
2018-11-30 22:02:01 [restartedMain] INFO  o.s.c.s.PostProcessorRegistrationDelegate$BeanPostProcessorChecker - Bean 'adminUserService' of type [co.yiiu.hitbbs.service.impl.AdminUserService] is not eligible for getting processed by all BeanPostProcessors (for example: not eligible for auto-proxying)
2018-11-30 22:02:01 [restartedMain] INFO  o.s.c.s.PostProcessorRegistrationDelegate$BeanPostProcessorChecker - Bean 'roleMapper' of type [org.mybatis.spring.mapper.MapperFactoryBean] is not eligible for getting processed by all BeanPostProcessors (for example: not eligible for auto-proxying)
2018-11-30 22:02:01 [restartedMain] INFO  o.s.c.s.PostProcessorRegistrationDelegate$BeanPostProcessorChecker - Bean 'roleMapper' of type [com.sun.proxy.$Proxy74] is not eligible for getting processed by all BeanPostProcessors (for example: not eligible for auto-proxying)
2018-11-30 22:02:01 [restartedMain] INFO  o.s.c.s.PostProcessorRegistrationDelegate$BeanPostProcessorChecker - Bean 'rolePermissionMapper' of type [org.mybatis.spring.mapper.MapperFactoryBean] is not eligible for getting processed by all BeanPostProcessors (for example: not eligible for auto-proxying)
2018-11-30 22:02:01 [restartedMain] INFO  o.s.c.s.PostProcessorRegistrationDelegate$BeanPostProcessorChecker - Bean 'rolePermissionMapper' of type [com.sun.proxy.$Proxy75] is not eligible for getting processed by all BeanPostProcessors (for example: not eligible for auto-proxying)
2018-11-30 22:02:01 [restartedMain] INFO  o.s.c.s.PostProcessorRegistrationDelegate$BeanPostProcessorChecker - Bean 'rolePermissionService' of type [co.yiiu.hitbbs.service.impl.RolePermissionService] is not eligible for getting processed by all BeanPostProcessors (for example: not eligible for auto-proxying)
2018-11-30 22:02:01 [restartedMain] INFO  o.s.c.s.PostProcessorRegistrationDelegate$BeanPostProcessorChecker - Bean 'permissionMapper' of type [org.mybatis.spring.mapper.MapperFactoryBean] is not eligible for getting processed by all BeanPostProcessors (for example: not eligible for auto-proxying)
2018-11-30 22:02:01 [restartedMain] INFO  o.s.c.s.PostProcessorRegistrationDelegate$BeanPostProcessorChecker - Bean 'permissionMapper' of type [com.sun.proxy.$Proxy76] is not eligible for getting processed by all BeanPostProcessors (for example: not eligible for auto-proxying)
2018-11-30 22:02:01 [restartedMain] INFO  o.s.c.s.PostProcessorRegistrationDelegate$BeanPostProcessorChecker - Bean 'permissionService' of type [co.yiiu.hitbbs.service.impl.PermissionService] is not eligible for getting processed by all BeanPostProcessors (for example: not eligible for auto-proxying)
2018-11-30 22:02:01 [restartedMain] INFO  o.s.c.s.PostProcessorRegistrationDelegate$BeanPostProcessorChecker - Bean 'roleService' of type [co.yiiu.hitbbs.service.impl.RoleService] is not eligible for getting processed by all BeanPostProcessors (for example: not eligible for auto-proxying)
2018-11-30 22:02:01 [restartedMain] INFO  o.s.c.s.PostProcessorRegistrationDelegate$BeanPostProcessorChecker - Bean 'myShiroRealm' of type [co.yiiu.hitbbs.config.realm.MyShiroRealm] is not eligible for getting processed by all BeanPostProcessors (for example: not eligible for auto-proxying)
2018-11-30 22:02:01 [restartedMain] INFO  o.s.c.s.PostProcessorRegistrationDelegate$BeanPostProcessorChecker - Bean 'systemConfigMapper' of type [org.mybatis.spring.mapper.MapperFactoryBean] is not eligible for getting processed by all BeanPostProcessors (for example: not eligible for auto-proxying)
2018-11-30 22:02:01 [restartedMain] INFO  o.s.c.s.PostProcessorRegistrationDelegate$BeanPostProcessorChecker - Bean 'systemConfigMapper' of type [com.sun.proxy.$Proxy78] is not eligible for getting processed by all BeanPostProcessors (for example: not eligible for auto-proxying)
2018-11-30 22:02:01 [restartedMain] INFO  o.s.c.s.PostProcessorRegistrationDelegate$BeanPostProcessorChecker - Bean 'systemConfigService' of type [co.yiiu.hitbbs.service.impl.SystemConfigService] is not eligible for getting processed by all BeanPostProcessors (for example: not eligible for auto-proxying)
2018-11-30 22:02:01 [restartedMain] INFO  o.s.c.s.PostProcessorRegistrationDelegate$BeanPostProcessorChecker - Bean 'shiroConfig' of type [co.yiiu.hitbbs.config.ShiroConfig$$EnhancerBySpringCGLIB$$89fa7887] is not eligible for getting processed by all BeanPostProcessors (for example: not eligible for auto-proxying)
2018-11-30 22:02:01 [restartedMain] INFO  o.s.c.s.PostProcessorRegistrationDelegate$BeanPostProcessorChecker - Bean 'myCredentialsMatcher' of type [co.yiiu.hitbbs.config.realm.MyCredentialsMatcher] is not eligible for getting processed by all BeanPostProcessors (for example: not eligible for auto-proxying)
2018-11-30 22:02:01 [restartedMain] INFO  o.s.c.s.PostProcessorRegistrationDelegate$BeanPostProcessorChecker - Bean 'rememberMeCookie' of type [org.apache.shiro.web.servlet.SimpleCookie] is not eligible for getting processed by all BeanPostProcessors (for example: not eligible for auto-proxying)
2018-11-30 22:02:01 [restartedMain] INFO  o.s.c.s.PostProcessorRegistrationDelegate$BeanPostProcessorChecker - Bean 'rememberMeManager' of type [org.apache.shiro.web.mgt.CookieRememberMeManager] is not eligible for getting processed by all BeanPostProcessors (for example: not eligible for auto-proxying)
2018-11-30 22:02:01 [restartedMain] INFO  o.s.c.s.PostProcessorRegistrationDelegate$BeanPostProcessorChecker - Bean 'defaultWebSecurityManager' of type [org.apache.shiro.web.mgt.DefaultWebSecurityManager] is not eligible for getting processed by all BeanPostProcessors (for example: not eligible for auto-proxying)
2018-11-30 22:02:01 [restartedMain] INFO  c.y.p.c.ShiroConfig - 开始配置shiroFilter...
2018-11-30 22:02:01 [restartedMain] INFO  o.s.c.s.PostProcessorRegistrationDelegate$BeanPostProcessorChecker - Bean 'authorizationAttributeSourceAdvisor' of type [org.apache.shiro.spring.security.interceptor.AuthorizationAttributeSourceAdvisor] is not eligible for getting processed by all BeanPostProcessors (for example: not eligible for auto-proxying)
2018-11-30 22:02:01 [restartedMain] INFO  o.s.c.s.PostProcessorRegistrationDelegate$BeanPostProcessorChecker - Bean 'org.springframework.transaction.annotation.ProxyTransactionManagementConfiguration' of type [org.springframework.transaction.annotation.ProxyTransactionManagementConfiguration] is not eligible for getting processed by all BeanPostProcessors (for example: not eligible for auto-proxying)
2018-11-30 22:02:02 [restartedMain] INFO  io.undertow.servlet - Initializing Spring embedded WebApplicationContext
2018-11-30 22:02:02 [restartedMain] INFO  o.s.w.c.ContextLoader - Root WebApplicationContext: initialization completed in 1916 ms
2018-11-30 22:02:02 [restartedMain] INFO  o.s.w.s.v.f.FreeMarkerConfig - 开始配置freemarker全局变量...
2018-11-30 22:02:02 [restartedMain] INFO  o.s.w.s.v.f.FreeMarkerConfig - freemarker全局变量配置完成!
2018-11-30 22:02:02 [restartedMain] INFO  o.s.w.s.v.f.FreeMarkerConfig - 开始配置freemarker自定义标签...
2018-11-30 22:02:02 [restartedMain] INFO  o.s.w.s.v.f.FreeMarkerConfig - freemarker自定义标签配置完成!
2018-11-30 22:02:03 [restartedMain] INFO  o.s.b.d.a.OptionalLiveReloadServer - LiveReload server is running on port 35729
2018-11-30 22:02:03 [restartedMain] INFO  i.u.websockets.jsr - UT026003: Adding annotated server endpoint class co.yiiu.hitbbs.config.websocket.MyWebSocket for path /websocket
2018-11-30 22:02:03 [restartedMain] INFO  io.undertow - starting server: Undertow - 2.0.28.Final
2018-11-30 22:02:03 [restartedMain] INFO  org.xnio - XNIO version 3.3.8.Final
2018-11-30 22:02:03 [restartedMain] INFO  org.xnio.nio - XNIO NIO Implementation Version 3.3.8.Final
2018-11-30 22:02:03 [restartedMain] INFO  o.s.b.w.e.u.UndertowServletWebServer - Undertow started on port(s) 8080 (http) with context path ''
2018-11-30 22:02:03 [restartedMain] INFO  c.y.p.HitbbsApplication - Started HitbbsApplication in 4.112 seconds (JVM running for 5.73)
2018-11-30 22:02:45 [XNIO-1 task-1] INFO  io.undertow.servlet - Initializing Spring DispatcherServlet 'dispatcherServlet'
2018-11-30 22:02:45 [XNIO-1 task-1] INFO  o.s.w.s.DispatcherServlet - Initializing Servlet 'dispatcherServlet'
2018-11-30 22:02:45 [XNIO-1 task-1] INFO  o.s.w.s.DispatcherServlet - Completed initialization in 8 ms
2018-11-30 22:02:45 [XNIO-1 task-1] INFO  c.y.p.i.CommonInterceptor - 0:0:0:0:0:0:0:1|/|excitation=250ms
2018-11-30 22:02:45 [XNIO-1 task-3] INFO  c.y.p.i.CommonInterceptor - 0:0:0:0:0:0:0:1|/static/theme/default/libs/layer/layer.js|excitation=14ms
2018-11-30 22:02:45 [XNIO-1 task-4] INFO  c.y.p.i.CommonInterceptor - 0:0:0:0:0:0:0:1|/static/theme/default/js/app.js|excitation=14ms
2018-11-30 22:02:45 [XNIO-1 task-2] INFO  c.y.p.i.CommonInterceptor - 0:0:0:0:0:0:0:1|/static/theme/default/css/app.css|excitation=14ms
2018-11-30 22:02:47 [XNIO-1 task-5] INFO  c.y.p.i.CommonInterceptor - 0:0:0:0:0:0:0:1|/static/theme/default/libs/layer/theme/default/layer.css|v=3.1.1|excitation=3ms
2018-11-30 22:02:57 [XNIO-1 task-6] INFO  c.y.p.i.CommonInterceptor - 0:0:0:0:0:0:0:1|/|tab=good|excitation=21ms
2018-11-30 22:02:58 [XNIO-1 task-7] INFO  c.y.p.i.CommonInterceptor - 0:0:0:0:0:0:0:1|/|tab=hot|excitation=20ms
2018-11-30 22:02:59 [XNIO-1 task-8] INFO  c.y.p.i.CommonInterceptor - 0:0:0:0:0:0:0:1|/|tab=newest|excitation=11ms
2018-11-30 22:03:00 [XNIO-1 task-9] INFO  c.y.p.i.CommonInterceptor - 0:0:0:0:0:0:0:1|/|tab=noanswer|excitation=13ms
2018-11-30 22:03:00 [XNIO-1 task-10] INFO  c.y.p.i.CommonInterceptor - 0:0:0:0:0:0:0:1|/|tab=all|excitation=11ms
2018-11-30 22:03:02 [XNIO-1 task-11] INFO  c.y.p.i.CommonInterceptor - 0:0:0:0:0:0:0:1|/adminlogin|excitation=18ms
2018-11-30 22:03:03 [XNIO-1 task-12] INFO  c.y.p.i.CommonInterceptor - 0:0:0:0:0:0:0:1|/common/captcha|excitation=250ms
2018-11-30 22:03:04 [XNIO-1 task-13] INFO  c.y.p.i.CommonInterceptor - 0:0:0:0:0:0:0:1|/error|excitation=40ms
2018-11-30 22:03:20 [XNIO-1 task-14] INFO  c.y.p.c.r.MyShiroRealm - 用户：admin 正在登录...
2018-11-30 22:03:20 [XNIO-1 task-14] INFO  c.y.p.i.CommonInterceptor - 0:0:0:0:0:0:0:1|/admin/login|password=123123|code=nx3a|rememberMe=1|username=admin|excitation=101ms
2018-11-30 22:03:21 [XNIO-1 task-15] INFO  c.y.p.i.CommonInterceptor - 0:0:0:0:0:0:0:1|/admin/index|excitation=576ms
2018-11-30 22:03:21 [XNIO-1 task-16] INFO  c.y.p.i.CommonInterceptor - 0:0:0:0:0:0:0:1|/static/admin/js/app.min.js|excitation=1ms
2018-11-30 22:03:34 [XNIO-1 task-17] INFO  c.y.p.i.CommonInterceptor - 0:0:0:0:0:0:0:1|/admin/sensitive_word/list|excitation=81ms
2018-11-30 22:05:29 [SpringContextShutdownHook] INFO  c.z.h.HikariDataSource - HikariPool-1 - Shutdown initiated...
2018-11-30 22:05:29 [SpringContextShutdownHook] INFO  c.z.h.HikariDataSource - HikariPool-1 - Shutdown completed.
2018-11-30 22:05:29 [SpringContextShutdownHook] INFO  io.undertow.servlet - Destroying Spring FrameworkServlet 'dispatcherServlet'
2018-11-30 22:05:29 [SpringContextShutdownHook] INFO  io.undertow - stopping server: Undertow - 2.0.28.Final
2018-11-30 22:05:34 [restartedMain] INFO  c.y.p.HitbbsApplication - Starting HitbbsApplication on LAPTOP-E6CSH5V5 with PID 22060 (D:\Sakura\Desktop\hitbbs\target\classes started by 23537 in D:\Sakura\Desktop\hitbbs)
2018-11-30 22:05:34 [restartedMain] INFO  c.y.p.HitbbsApplication - The following profiles are active: dev
2018-11-30 22:05:34 [restartedMain] INFO  o.s.b.d.r.ChangeableUrls - The Class-Path manifest attribute in C:\Users\23537\.m2\repository\com\sun\xml\bind\jaxb-impl\2.1\jaxb-impl-2.1.jar referenced one or more files that do not exist: file:/C:/Users/23537/.m2/repository/com/sun/xml/bind/jaxb-impl/2.1/jaxb-api.jar,file:/C:/Users/23537/.m2/repository/com/sun/xml/bind/jaxb-impl/2.1/activation.jar,file:/C:/Users/23537/.m2/repository/com/sun/xml/bind/jaxb-impl/2.1/jsr173_1.0_api.jar,file:/C:/Users/23537/.m2/repository/com/sun/xml/bind/jaxb-impl/2.1/jaxb1-impl.jar
2018-11-30 22:05:34 [restartedMain] INFO  o.s.b.d.e.DevToolsPropertyDefaultsPostProcessor - Devtools property defaults active! Set 'spring.devtools.add-properties' to 'false' to disable
2018-11-30 22:05:34 [restartedMain] INFO  o.s.b.d.e.DevToolsPropertyDefaultsPostProcessor - For additional web related logging consider setting the 'logging.level.web' property to 'DEBUG'
2018-11-30 22:05:35 [restartedMain] INFO  o.s.c.s.PostProcessorRegistrationDelegate$BeanPostProcessorChecker - Bean 'siteConfig' of type [co.yiiu.hitbbs.config.SiteConfig$$EnhancerBySpringCGLIB$$a7627965] is not eligible for getting processed by all BeanPostProcessors (for example: not eligible for auto-proxying)
2018-11-30 22:05:35 [restartedMain] INFO  o.s.c.s.PostProcessorRegistrationDelegate$BeanPostProcessorChecker - Bean 'dataSourceHelper' of type [co.yiiu.hitbbs.config.DataSourceHelper$$EnhancerBySpringCGLIB$$b2ac39af] is not eligible for getting processed by all BeanPostProcessors (for example: not eligible for auto-proxying)
2018-11-30 22:05:35 [restartedMain] INFO  o.s.c.s.PostProcessorRegistrationDelegate$BeanPostProcessorChecker - Bean 'dataSourceConfig' of type [co.yiiu.hitbbs.config.DataSourceConfig$$EnhancerBySpringCGLIB$$c29f5bc3] is not eligible for getting processed by all BeanPostProcessors (for example: not eligible for auto-proxying)
2018-11-30 22:05:35 [restartedMain] INFO  c.z.h.HikariDataSource - HikariPool-1 - Starting...
2018-11-30 22:05:35 [restartedMain] INFO  c.z.h.HikariDataSource - HikariPool-1 - Start completed.
2018-11-30 22:05:35 [restartedMain] INFO  o.s.c.s.PostProcessorRegistrationDelegate$BeanPostProcessorChecker - Bean 'dataSource' of type [com.zaxxer.hikari.HikariDataSource] is not eligible for getting processed by all BeanPostProcessors (for example: not eligible for auto-proxying)
2018-11-30 22:05:35 [restartedMain] INFO  o.f.c.i.l.VersionPrinter - Flyway Community Edition 5.2.1 by Boxfuse
2018-11-30 22:05:35 [restartedMain] INFO  o.f.c.i.d.DatabaseFactory - Database: jdbc:mysql://localhost:3307/hitbbs (MySQL 5.5)
2018-11-30 22:05:35 [restartedMain] INFO  o.f.c.i.c.DbValidate - Successfully validated 15 migrations (execution time 00:00.097s)
2018-11-30 22:05:35 [restartedMain] INFO  o.f.c.i.c.DbMigrate - Current version of schema `hitbbs`: 1.14
2018-11-30 22:05:35 [restartedMain] INFO  o.f.c.i.c.DbMigrate - Schema `hitbbs` is up to date. No migration necessary.
2018-11-30 22:05:35 [restartedMain] INFO  o.s.c.s.PostProcessorRegistrationDelegate$BeanPostProcessorChecker - Bean 'flywayConfig' of type [co.yiiu.hitbbs.config.FlywayConfig$$EnhancerBySpringCGLIB$$df84bf9a] is not eligible for getting processed by all BeanPostProcessors (for example: not eligible for auto-proxying)
2018-11-30 22:05:35 [restartedMain] INFO  o.s.c.s.PostProcessorRegistrationDelegate$BeanPostProcessorChecker - Bean 'mybatisPlusConfig' of type [co.yiiu.hitbbs.config.MybatisPlusConfig$$EnhancerBySpringCGLIB$$b4f6de7b] is not eligible for getting processed by all BeanPostProcessors (for example: not eligible for auto-proxying)
2018-11-30 22:05:36 [restartedMain] INFO  o.s.c.s.PostProcessorRegistrationDelegate$BeanPostProcessorChecker - Bean 'mybatisSqlSession' of type [org.apache.ibatis.session.defaults.DefaultSqlSessionFactory] is not eligible for getting processed by all BeanPostProcessors (for example: not eligible for auto-proxying)
2018-11-30 22:05:36 [restartedMain] INFO  o.s.c.s.PostProcessorRegistrationDelegate$BeanPostProcessorChecker - Bean 'mybatis-plus-com.baomidou.mybatisplus.autoconfigure.MybatisPlusProperties' of type [com.baomidou.mybatisplus.autoconfigure.MybatisPlusProperties] is not eligible for getting processed by all BeanPostProcessors (for example: not eligible for auto-proxying)
2018-11-30 22:05:36 [restartedMain] INFO  o.s.c.s.PostProcessorRegistrationDelegate$BeanPostProcessorChecker - Bean 'com.baomidou.mybatisplus.autoconfigure.MybatisPlusAutoConfiguration' of type [com.baomidou.mybatisplus.autoconfigure.MybatisPlusAutoConfiguration$$EnhancerBySpringCGLIB$$ea7f6c99] is not eligible for getting processed by all BeanPostProcessors (for example: not eligible for auto-proxying)
2018-11-30 22:05:36 [restartedMain] INFO  o.s.c.s.PostProcessorRegistrationDelegate$BeanPostProcessorChecker - Bean 'sqlSessionTemplate' of type [org.mybatis.spring.SqlSessionTemplate] is not eligible for getting processed by all BeanPostProcessors (for example: not eligible for auto-proxying)
2018-11-30 22:05:36 [restartedMain] INFO  o.s.c.s.PostProcessorRegistrationDelegate$BeanPostProcessorChecker - Bean 'adminUserMapper' of type [org.mybatis.spring.mapper.MapperFactoryBean] is not eligible for getting processed by all BeanPostProcessors (for example: not eligible for auto-proxying)
2018-11-30 22:05:36 [restartedMain] INFO  o.s.c.s.PostProcessorRegistrationDelegate$BeanPostProcessorChecker - Bean 'adminUserMapper' of type [com.sun.proxy.$Proxy92] is not eligible for getting processed by all BeanPostProcessors (for example: not eligible for auto-proxying)
2018-11-30 22:05:36 [restartedMain] INFO  o.s.c.s.PostProcessorRegistrationDelegate$BeanPostProcessorChecker - Bean 'adminUserService' of type [co.yiiu.hitbbs.service.impl.AdminUserService] is not eligible for getting processed by all BeanPostProcessors (for example: not eligible for auto-proxying)
2018-11-30 22:05:36 [restartedMain] INFO  o.s.c.s.PostProcessorRegistrationDelegate$BeanPostProcessorChecker - Bean 'roleMapper' of type [org.mybatis.spring.mapper.MapperFactoryBean] is not eligible for getting processed by all BeanPostProcessors (for example: not eligible for auto-proxying)
2018-11-30 22:05:36 [restartedMain] INFO  o.s.c.s.PostProcessorRegistrationDelegate$BeanPostProcessorChecker - Bean 'roleMapper' of type [com.sun.proxy.$Proxy93] is not eligible for getting processed by all BeanPostProcessors (for example: not eligible for auto-proxying)
2018-11-30 22:05:36 [restartedMain] INFO  o.s.c.s.PostProcessorRegistrationDelegate$BeanPostProcessorChecker - Bean 'rolePermissionMapper' of type [org.mybatis.spring.mapper.MapperFactoryBean] is not eligible for getting processed by all BeanPostProcessors (for example: not eligible for auto-proxying)
2018-11-30 22:05:36 [restartedMain] INFO  o.s.c.s.PostProcessorRegistrationDelegate$BeanPostProcessorChecker - Bean 'rolePermissionMapper' of type [com.sun.proxy.$Proxy94] is not eligible for getting processed by all BeanPostProcessors (for example: not eligible for auto-proxying)
2018-11-30 22:05:36 [restartedMain] INFO  o.s.c.s.PostProcessorRegistrationDelegate$BeanPostProcessorChecker - Bean 'rolePermissionService' of type [co.yiiu.hitbbs.service.impl.RolePermissionService] is not eligible for getting processed by all BeanPostProcessors (for example: not eligible for auto-proxying)
2018-11-30 22:05:36 [restartedMain] INFO  o.s.c.s.PostProcessorRegistrationDelegate$BeanPostProcessorChecker - Bean 'permissionMapper' of type [org.mybatis.spring.mapper.MapperFactoryBean] is not eligible for getting processed by all BeanPostProcessors (for example: not eligible for auto-proxying)
2018-11-30 22:05:36 [restartedMain] INFO  o.s.c.s.PostProcessorRegistrationDelegate$BeanPostProcessorChecker - Bean 'permissionMapper' of type [com.sun.proxy.$Proxy95] is not eligible for getting processed by all BeanPostProcessors (for example: not eligible for auto-proxying)
2018-11-30 22:05:36 [restartedMain] INFO  o.s.c.s.PostProcessorRegistrationDelegate$BeanPostProcessorChecker - Bean 'permissionService' of type [co.yiiu.hitbbs.service.impl.PermissionService] is not eligible for getting processed by all BeanPostProcessors (for example: not eligible for auto-proxying)
2018-11-30 22:05:36 [restartedMain] INFO  o.s.c.s.PostProcessorRegistrationDelegate$BeanPostProcessorChecker - Bean 'roleService' of type [co.yiiu.hitbbs.service.impl.RoleService] is not eligible for getting processed by all BeanPostProcessors (for example: not eligible for auto-proxying)
2018-11-30 22:05:36 [restartedMain] INFO  o.s.c.s.PostProcessorRegistrationDelegate$BeanPostProcessorChecker - Bean 'myShiroRealm' of type [co.yiiu.hitbbs.config.realm.MyShiroRealm] is not eligible for getting processed by all BeanPostProcessors (for example: not eligible for auto-proxying)
2018-11-30 22:05:36 [restartedMain] INFO  o.s.c.s.PostProcessorRegistrationDelegate$BeanPostProcessorChecker - Bean 'systemConfigMapper' of type [org.mybatis.spring.mapper.MapperFactoryBean] is not eligible for getting processed by all BeanPostProcessors (for example: not eligible for auto-proxying)
2018-11-30 22:05:36 [restartedMain] INFO  o.s.c.s.PostProcessorRegistrationDelegate$BeanPostProcessorChecker - Bean 'systemConfigMapper' of type [com.sun.proxy.$Proxy97] is not eligible for getting processed by all BeanPostProcessors (for example: not eligible for auto-proxying)
2018-11-30 22:05:36 [restartedMain] INFO  o.s.c.s.PostProcessorRegistrationDelegate$BeanPostProcessorChecker - Bean 'systemConfigService' of type [co.yiiu.hitbbs.service.impl.SystemConfigService] is not eligible for getting processed by all BeanPostProcessors (for example: not eligible for auto-proxying)
2018-11-30 22:05:36 [restartedMain] INFO  o.s.c.s.PostProcessorRegistrationDelegate$BeanPostProcessorChecker - Bean 'shiroConfig' of type [co.yiiu.hitbbs.config.ShiroConfig$$EnhancerBySpringCGLIB$$885f49df] is not eligible for getting processed by all BeanPostProcessors (for example: not eligible for auto-proxying)
2018-11-30 22:05:36 [restartedMain] INFO  o.s.c.s.PostProcessorRegistrationDelegate$BeanPostProcessorChecker - Bean 'myCredentialsMatcher' of type [co.yiiu.hitbbs.config.realm.MyCredentialsMatcher] is not eligible for getting processed by all BeanPostProcessors (for example: not eligible for auto-proxying)
2018-11-30 22:05:36 [restartedMain] INFO  o.s.c.s.PostProcessorRegistrationDelegate$BeanPostProcessorChecker - Bean 'rememberMeCookie' of type [org.apache.shiro.web.servlet.SimpleCookie] is not eligible for getting processed by all BeanPostProcessors (for example: not eligible for auto-proxying)
2018-11-30 22:05:36 [restartedMain] INFO  o.s.c.s.PostProcessorRegistrationDelegate$BeanPostProcessorChecker - Bean 'rememberMeManager' of type [org.apache.shiro.web.mgt.CookieRememberMeManager] is not eligible for getting processed by all BeanPostProcessors (for example: not eligible for auto-proxying)
2018-11-30 22:05:36 [restartedMain] INFO  o.s.c.s.PostProcessorRegistrationDelegate$BeanPostProcessorChecker - Bean 'defaultWebSecurityManager' of type [org.apache.shiro.web.mgt.DefaultWebSecurityManager] is not eligible for getting processed by all BeanPostProcessors (for example: not eligible for auto-proxying)
2018-11-30 22:05:36 [restartedMain] INFO  c.y.p.c.ShiroConfig - 开始配置shiroFilter...
2018-11-30 22:05:36 [restartedMain] INFO  o.s.c.s.PostProcessorRegistrationDelegate$BeanPostProcessorChecker - Bean 'authorizationAttributeSourceAdvisor' of type [org.apache.shiro.spring.security.interceptor.AuthorizationAttributeSourceAdvisor] is not eligible for getting processed by all BeanPostProcessors (for example: not eligible for auto-proxying)
2018-11-30 22:05:36 [restartedMain] INFO  o.s.c.s.PostProcessorRegistrationDelegate$BeanPostProcessorChecker - Bean 'org.springframework.transaction.annotation.ProxyTransactionManagementConfiguration' of type [org.springframework.transaction.annotation.ProxyTransactionManagementConfiguration] is not eligible for getting processed by all BeanPostProcessors (for example: not eligible for auto-proxying)
2018-11-30 22:05:37 [restartedMain] INFO  io.undertow.servlet - Initializing Spring embedded WebApplicationContext
2018-11-30 22:05:37 [restartedMain] INFO  o.s.w.c.ContextLoader - Root WebApplicationContext: initialization completed in 3616 ms
2018-11-30 22:05:38 [restartedMain] INFO  o.s.w.s.v.f.FreeMarkerConfig - 开始配置freemarker全局变量...
2018-11-30 22:05:38 [restartedMain] INFO  o.s.w.s.v.f.FreeMarkerConfig - freemarker全局变量配置完成!
2018-11-30 22:05:38 [restartedMain] INFO  o.s.w.s.v.f.FreeMarkerConfig - 开始配置freemarker自定义标签...
2018-11-30 22:05:38 [restartedMain] INFO  o.s.w.s.v.f.FreeMarkerConfig - freemarker自定义标签配置完成!
2018-11-30 22:05:40 [restartedMain] INFO  o.s.b.d.a.OptionalLiveReloadServer - LiveReload server is running on port 35729
2018-11-30 22:05:40 [restartedMain] INFO  i.u.websockets.jsr - UT026003: Adding annotated server endpoint class co.yiiu.hitbbs.config.websocket.MyWebSocket for path /websocket
2018-11-30 22:05:40 [restartedMain] INFO  io.undertow - starting server: Undertow - 2.0.28.Final
2018-11-30 22:05:40 [restartedMain] INFO  org.xnio - XNIO version 3.3.8.Final
2018-11-30 22:05:40 [restartedMain] INFO  org.xnio.nio - XNIO NIO Implementation Version 3.3.8.Final
2018-11-30 22:05:40 [restartedMain] INFO  o.s.b.w.e.u.UndertowServletWebServer - Undertow started on port(s) 8080 (http) with context path ''
2018-11-30 22:05:40 [restartedMain] INFO  c.y.p.HitbbsApplication - Started HitbbsApplication in 7.618 seconds (JVM running for 10.736)
2018-11-30 22:17:22 [SpringContextShutdownHook] INFO  c.z.h.HikariDataSource - HikariPool-1 - Shutdown initiated...
2018-11-30 22:17:22 [SpringContextShutdownHook] INFO  c.z.h.HikariDataSource - HikariPool-1 - Shutdown completed.
2018-11-30 22:17:22 [SpringContextShutdownHook] INFO  io.undertow - stopping server: Undertow - 2.0.28.Final
